#
# There is insufficient memory for the Java Runtime Environment to continue.
# Native memory allocation (malloc) failed to allocate 940416 bytes. Error detail: Chunk::new
# Possible reasons:
#   The system is out of physical RAM or swap space
#   This process is running with CompressedOops enabled, and the Java Heap may be blocking the growth of the native heap
# Possible solutions:
#   Reduce memory load on the system
#   Increase physical memory or swap space
#   Check if swap backing store is full
#   Decrease Java heap size (-Xmx/-Xms)
#   Decrease number of Java threads
#   Decrease Java thread stack sizes (-Xss)
#   Set larger code cache with -XX:ReservedCodeCacheSize=
#   JVM is running with Unscaled Compressed Oops mode in which the Java heap is
#     placed in the first 4GB address space. The Java Heap base address is the
#     maximum limit for the native heap growth. Please use -XX:HeapBaseMinAddress
#     to set the Java Heap base and to place the Java Heap above 4GB virtual address.
# This output file may be truncated or incomplete.
#
#  Out of Memory Error (arena.cpp:150), pid=8252, tid=4716
#
# JRE version: Java(TM) SE Runtime Environment (22.0.2+9) (build 22.0.2+9-70)
# Java VM: Java HotSpot(TM) 64-Bit Server VM (22.0.2+9-70, mixed mode, sharing, tiered, compressed oops, compressed class ptrs, g1 gc, windows-amd64)
# No core dump will be written. Minidumps are not enabled by default on client versions of Windows
#

---------------  S U M M A R Y ------------

Command Line: -javaagent:C:\Program Files\JetBrains\IntelliJ IDEA Community Edition 2024.2.3\lib\idea_rt.jar=51694:C:\Program Files\JetBrains\IntelliJ IDEA Community Edition 2024.2.3\bin -Dfile.encoding=UTF-8 -Dsun.stdout.encoding=UTF-8 -Dsun.stderr.encoding=UTF-8 com.ubedpathan.Nexora.NexoraApplication

Host: Intel(R) Core(TM) i3-2328M CPU @ 2.20GHz, 4 cores, 7G,  Windows 10 , 64 bit Build 19041 (10.0.19041.5198)
Time: Mon Jan 13 21:37:50 2025 India Standard Time elapsed time: 25.484902 seconds (0d 0h 0m 25s)

---------------  T H R E A D  ---------------

Current thread (0x000002647f70ae90):  JavaThread "C2 CompilerThread0" daemon [_thread_in_native, id=4716, stack(0x0000009eebb00000,0x0000009eebc00000) (1024K)]


Current CompileTask:
C2:25485 4446       4       jdk.internal.loader.BuiltinClassLoader::defineClass (121 bytes)

Stack: [0x0000009eebb00000,0x0000009eebc00000]
Native frames: (J=compiled Java code, j=interpreted, Vv=VM code, C=native code)
V  [jvm.dll+0x6e26e9]  (no source info available)
V  [jvm.dll+0x875753]  (no source info available)
V  [jvm.dll+0x877b7e]  (no source info available)
V  [jvm.dll+0x878253]  (no source info available)
V  [jvm.dll+0x27fc86]  (no source info available)
V  [jvm.dll+0xc3d0f]  (no source info available)
V  [jvm.dll+0xc3f6b]  (no source info available)
V  [jvm.dll+0x2f3c7f]  (no source info available)
V  [jvm.dll+0x60c0fa]  (no source info available)
V  [jvm.dll+0x249915]  (no source info available)
V  [jvm.dll+0x246da6]  (no source info available)
V  [jvm.dll+0x1c4e80]  (no source info available)
V  [jvm.dll+0x2568f3]  (no source info available)
V  [jvm.dll+0x254baa]  (no source info available)
V  [jvm.dll+0x3f57a6]  (no source info available)
V  [jvm.dll+0x81dc0b]  (no source info available)
V  [jvm.dll+0x6e0d85]  (no source info available)
C  [ucrtbase.dll+0x21bb2]  (no source info available)
C  [KERNEL32.DLL+0x17374]  (no source info available)
C  [ntdll.dll+0x4cc91]  (no source info available)


---------------  P R O C E S S  ---------------

Threads class SMR info:
_java_thread_list=0x0000026446d97dd0, length=19, elements={
0x00000264615a8fe0, 0x000002647f701530, 0x000002647f703300, 0x000002647f707620,
0x000002647f7084a0, 0x000002647f708f00, 0x000002647f70a100, 0x000002647f70ae90,
0x000002647f710460, 0x000002647f6cd5d0, 0x00000264454d1320, 0x0000026445482530,
0x00000264479bfb70, 0x0000026445a6eb50, 0x0000026446be9f00, 0x0000026446988010,
0x00000264459c3a00, 0x0000026447b9ec70, 0x0000026445cc9040
}

Java Threads: ( => current thread )
  0x00000264615a8fe0 JavaThread "main"                              [_thread_in_vm, id=9820, stack(0x0000009eead00000,0x0000009eeae00000) (1024K)]
  0x000002647f701530 JavaThread "Reference Handler"          daemon [_thread_blocked, id=9972, stack(0x0000009eeb500000,0x0000009eeb600000) (1024K)]
  0x000002647f703300 JavaThread "Finalizer"                  daemon [_thread_blocked, id=9660, stack(0x0000009eeb600000,0x0000009eeb700000) (1024K)]
  0x000002647f707620 JavaThread "Signal Dispatcher"          daemon [_thread_blocked, id=2256, stack(0x0000009eeb700000,0x0000009eeb800000) (1024K)]
  0x000002647f7084a0 JavaThread "Attach Listener"            daemon [_thread_blocked, id=12180, stack(0x0000009eeb800000,0x0000009eeb900000) (1024K)]
  0x000002647f708f00 JavaThread "Service Thread"             daemon [_thread_blocked, id=8840, stack(0x0000009eeb900000,0x0000009eeba00000) (1024K)]
  0x000002647f70a100 JavaThread "Monitor Deflation Thread"   daemon [_thread_blocked, id=7096, stack(0x0000009eeba00000,0x0000009eebb00000) (1024K)]
=>0x000002647f70ae90 JavaThread "C2 CompilerThread0"         daemon [_thread_in_native, id=4716, stack(0x0000009eebb00000,0x0000009eebc00000) (1024K)]
  0x000002647f710460 JavaThread "C1 CompilerThread0"         daemon [_thread_blocked, id=8700, stack(0x0000009eebc00000,0x0000009eebd00000) (1024K)]
  0x000002647f6cd5d0 JavaThread "Common-Cleaner"             daemon [_thread_blocked, id=9572, stack(0x0000009eebd00000,0x0000009eebe00000) (1024K)]
  0x00000264454d1320 JavaThread "Monitor Ctrl-Break"         daemon [_thread_in_native, id=32, stack(0x0000009eebe00000,0x0000009eebf00000) (1024K)]
  0x0000026445482530 JavaThread "Notification Thread"        daemon [_thread_blocked, id=7700, stack(0x0000009eebf00000,0x0000009eec000000) (1024K)]
  0x00000264479bfb70 JavaThread "Catalina-utility-1"                [_thread_blocked, id=5392, stack(0x0000009eec400000,0x0000009eec500000) (1024K)]
  0x0000026445a6eb50 JavaThread "Catalina-utility-2"                [_thread_blocked, id=8576, stack(0x0000009eec500000,0x0000009eec600000) (1024K)]
  0x0000026446be9f00 JavaThread "container-0"                       [_thread_blocked, id=9528, stack(0x0000009eec600000,0x0000009eec700000) (1024K)]
  0x0000026446988010 JavaThread "PostgreSQL-JDBC-Cleaner"    daemon [_thread_blocked, id=3100, stack(0x0000009eec800000,0x0000009eec900000) (1024K)]
  0x00000264459c3a00 JavaThread "HikariPool-1 housekeeper"   daemon [_thread_blocked, id=2956, stack(0x0000009eec900000,0x0000009eeca00000) (1024K)]
  0x0000026447b9ec70 JavaThread "HikariPool-1 connection adder" daemon [_thread_blocked, id=4760, stack(0x0000009eeca00000,0x0000009eecb00000) (1024K)]
  0x0000026445cc9040 JavaThread "C2 CompilerThread1"         daemon [_thread_in_native, id=2440, stack(0x0000009eec700000,0x0000009eec800000) (1024K)]
Total: 19

Other Threads:
  0x000002647f6e3190 VMThread "VM Thread"                           [id=12160, stack(0x0000009eeb400000,0x0000009eeb500000) (1024K)]
  0x000002647f6cc300 WatcherThread "VM Periodic Task Thread"        [id=6592, stack(0x0000009eeb300000,0x0000009eeb400000) (1024K)]
  0x000002646379fd40 WorkerThread "GC Thread#0"                     [id=11200, stack(0x0000009eeae00000,0x0000009eeaf00000) (1024K)]
  0x0000026445b87930 WorkerThread "GC Thread#1"                     [id=9416, stack(0x0000009eec100000,0x0000009eec200000) (1024K)]
  0x0000026445b87ce0 WorkerThread "GC Thread#2"                     [id=11048, stack(0x0000009eec200000,0x0000009eec300000) (1024K)]
  0x00000264458a0ec0 WorkerThread "GC Thread#3"                     [id=10632, stack(0x0000009eec300000,0x0000009eec400000) (1024K)]
  0x00000264637b09b0 ConcurrentGCThread "G1 Main Marker"            [id=3840, stack(0x0000009eeaf00000,0x0000009eeb000000) (1024K)]
  0x00000264637b1670 WorkerThread "G1 Conc#0"                       [id=10612, stack(0x0000009eeb000000,0x0000009eeb100000) (1024K)]
  0x000002646380e0b0 ConcurrentGCThread "G1 Refine#0"               [id=10392, stack(0x0000009eeb100000,0x0000009eeb200000) (1024K)]
  0x000002647f58e120 ConcurrentGCThread "G1 Service"                [id=11384, stack(0x0000009eeb200000,0x0000009eeb300000) (1024K)]
Total: 10

Threads with active compile tasks:
C2 CompilerThread0  27236 4446       4       jdk.internal.loader.BuiltinClassLoader::defineClass (121 bytes)
C2 CompilerThread1  27236 4400   !   4       com.sun.crypto.provider.PBKDF2KeyImpl::deriveKey (302 bytes)
Total: 2

VM state: not at safepoint (normal execution)

VM Mutex/Monitor currently owned by a thread: None

Heap address: 0x0000000081c00000, size: 2020 MB, Compressed Oops mode: 32-bit

CDS archive(s) mapped at: [0x0000026400000000-0x0000026400c60000-0x0000026400c60000), size 12976128, SharedBaseAddress: 0x0000026400000000, ArchiveRelocationMode: 1.
Compressed class space mapped at: 0x0000026401000000-0x0000026441000000, reserved size: 1073741824
Narrow klass base: 0x0000026400000000, Narrow klass shift: 0, Narrow klass range: 0x41000000

GC Precious Log:
 CardTable entry size: 512
 Card Set container configuration: InlinePtr #cards 5 size 8 Array Of Cards #cards 12 size 40 Howl #buckets 4 coarsen threshold 1843 Howl Bitmap #cards 512 size 80 coarsen threshold 460 Card regions per heap region 1 cards per card region 2048
 CPUs: 4 total, 4 available
 Memory: 8073M
 Large Page Support: Disabled
 NUMA Support: Disabled
 Compressed Oops: Enabled (32-bit)
 Heap Region Size: 1M
 Heap Min Capacity: 8M
 Heap Initial Capacity: 128M
 Heap Max Capacity: 2020M
 Pre-touch: Disabled
 Parallel Workers: 4
 Concurrent Workers: 1
 Concurrent Refinement Workers: 4
 Periodic GC: Disabled

Heap:
 garbage-first heap   total reserved 2068480K, committed 51200K, used 21156K [0x0000000081c00000, 0x0000000100000000)
  region size 1024K, 5 young (5120K), 4 survivors (4096K)
 Metaspace       used 41921K, committed 42496K, reserved 1114112K
  class space    used 5612K, committed 5824K, reserved 1048576K

Heap Regions: E=young(eden), S=young(survivor), O=old, HS=humongous(starts), HC=humongous(continues), CS=collection set, F=free, TAMS=top-at-mark-start, PB=parsable bottom
|   0|0x0000000081c00000, 0x0000000081d00000, 0x0000000081d00000|100%|HS|  |TAMS 0x0000000081c00000| PB 0x0000000081c00000| Complete |  0
|   1|0x0000000081d00000, 0x0000000081e00000, 0x0000000081e00000|100%|HS|  |TAMS 0x0000000081d00000| PB 0x0000000081d00000| Complete |  0
|   2|0x0000000081e00000, 0x0000000081f00000, 0x0000000081f00000|100%| O|  |TAMS 0x0000000081e00000| PB 0x0000000081e00000| Untracked |  0
|   3|0x0000000081f00000, 0x0000000082000000, 0x0000000082000000|100%| O|  |TAMS 0x0000000081f00000| PB 0x0000000081f00000| Untracked |  0
|   4|0x0000000082000000, 0x0000000082100000, 0x0000000082100000|100%| O|  |TAMS 0x0000000082000000| PB 0x0000000082000000| Untracked |  0
|   5|0x0000000082100000, 0x0000000082200000, 0x0000000082200000|100%| O|  |TAMS 0x0000000082100000| PB 0x0000000082100000| Untracked |  0
|   6|0x0000000082200000, 0x0000000082300000, 0x0000000082300000|100%| O|  |TAMS 0x0000000082200000| PB 0x0000000082200000| Untracked |  0
|   7|0x0000000082300000, 0x0000000082400000, 0x0000000082400000|100%| O|  |TAMS 0x0000000082300000| PB 0x0000000082300000| Untracked |  0
|   8|0x0000000082400000, 0x0000000082500000, 0x0000000082500000|100%| O|  |TAMS 0x0000000082400000| PB 0x0000000082400000| Untracked |  0
|   9|0x0000000082500000, 0x0000000082600000, 0x0000000082600000|100%| O|  |TAMS 0x0000000082500000| PB 0x0000000082500000| Untracked |  0
|  10|0x0000000082600000, 0x0000000082700000, 0x0000000082700000|100%| O|  |TAMS 0x0000000082600000| PB 0x0000000082600000| Untracked |  0
|  11|0x0000000082700000, 0x0000000082800000, 0x0000000082800000|100%| O|  |TAMS 0x0000000082700000| PB 0x0000000082700000| Untracked |  0
|  12|0x0000000082800000, 0x0000000082900000, 0x0000000082900000|100%| O|  |TAMS 0x0000000082800000| PB 0x0000000082800000| Untracked |  0
|  13|0x0000000082900000, 0x0000000082a00000, 0x0000000082a00000|100%| O|  |TAMS 0x0000000082900000| PB 0x0000000082900000| Untracked |  0
|  14|0x0000000082a00000, 0x0000000082b00000, 0x0000000082b00000|100%| O|  |TAMS 0x0000000082a00000| PB 0x0000000082a00000| Untracked |  0
|  15|0x0000000082b00000, 0x0000000082c00000, 0x0000000082c00000|100%| O|Cm|TAMS 0x0000000082b00000| PB 0x0000000082b00000| Complete |  0
|  16|0x0000000082c00000, 0x0000000082d00000, 0x0000000082d00000|100%| O|  |TAMS 0x0000000082c00000| PB 0x0000000082c00000| Untracked |  0
|  17|0x0000000082d00000, 0x0000000082d972c0, 0x0000000082e00000| 59%| O|  |TAMS 0x0000000082d00000| PB 0x0000000082d00000| Untracked |  0
|  18|0x0000000082e00000, 0x0000000082e00000, 0x0000000082f00000|  0%| F|  |TAMS 0x0000000082e00000| PB 0x0000000082e00000| Untracked |  0
|  19|0x0000000082f00000, 0x0000000082f00000, 0x0000000083000000|  0%| F|  |TAMS 0x0000000082f00000| PB 0x0000000082f00000| Untracked |  0
|  20|0x0000000083000000, 0x0000000083000000, 0x0000000083100000|  0%| F|  |TAMS 0x0000000083000000| PB 0x0000000083000000| Untracked |  0
|  21|0x0000000083100000, 0x0000000083111dd8, 0x0000000083200000|  6%| S|CS|TAMS 0x0000000083100000| PB 0x0000000083100000| Complete |  0
|  22|0x0000000083200000, 0x0000000083300000, 0x0000000083300000|100%| S|CS|TAMS 0x0000000083200000| PB 0x0000000083200000| Complete |  0
|  23|0x0000000083300000, 0x0000000083400000, 0x0000000083400000|100%| S|CS|TAMS 0x0000000083300000| PB 0x0000000083300000| Complete |  0
|  24|0x0000000083400000, 0x0000000083500000, 0x0000000083500000|100%| S|CS|TAMS 0x0000000083400000| PB 0x0000000083400000| Complete |  0
|  25|0x0000000083500000, 0x0000000083500000, 0x0000000083600000|  0%| F|  |TAMS 0x0000000083500000| PB 0x0000000083500000| Untracked |  0
|  26|0x0000000083600000, 0x0000000083600000, 0x0000000083700000|  0%| F|  |TAMS 0x0000000083600000| PB 0x0000000083600000| Untracked |  0
|  27|0x0000000083700000, 0x0000000083700000, 0x0000000083800000|  0%| F|  |TAMS 0x0000000083700000| PB 0x0000000083700000| Untracked |  0
|  28|0x0000000083800000, 0x0000000083800000, 0x0000000083900000|  0%| F|  |TAMS 0x0000000083800000| PB 0x0000000083800000| Untracked |  0
|  29|0x0000000083900000, 0x0000000083900000, 0x0000000083a00000|  0%| F|  |TAMS 0x0000000083900000| PB 0x0000000083900000| Untracked |  0
|  30|0x0000000083a00000, 0x0000000083a00000, 0x0000000083b00000|  0%| F|  |TAMS 0x0000000083a00000| PB 0x0000000083a00000| Untracked |  0
|  31|0x0000000083b00000, 0x0000000083b00000, 0x0000000083c00000|  0%| F|  |TAMS 0x0000000083b00000| PB 0x0000000083b00000| Untracked |  0
|  32|0x0000000083c00000, 0x0000000083c00000, 0x0000000083d00000|  0%| F|  |TAMS 0x0000000083c00000| PB 0x0000000083c00000| Untracked |  0
|  33|0x0000000083d00000, 0x0000000083d00000, 0x0000000083e00000|  0%| F|  |TAMS 0x0000000083d00000| PB 0x0000000083d00000| Untracked |  0
|  34|0x0000000083e00000, 0x0000000083e00000, 0x0000000083f00000|  0%| F|  |TAMS 0x0000000083e00000| PB 0x0000000083e00000| Untracked |  0
|  35|0x0000000083f00000, 0x0000000083f00000, 0x0000000084000000|  0%| F|  |TAMS 0x0000000083f00000| PB 0x0000000083f00000| Untracked |  0
|  36|0x0000000084000000, 0x0000000084000000, 0x0000000084100000|  0%| F|  |TAMS 0x0000000084000000| PB 0x0000000084000000| Untracked |  0
|  37|0x0000000084100000, 0x0000000084100000, 0x0000000084200000|  0%| F|  |TAMS 0x0000000084100000| PB 0x0000000084100000| Untracked |  0
|  38|0x0000000084200000, 0x0000000084200000, 0x0000000084300000|  0%| F|  |TAMS 0x0000000084200000| PB 0x0000000084200000| Untracked |  0
|  39|0x0000000084300000, 0x0000000084300000, 0x0000000084400000|  0%| F|  |TAMS 0x0000000084300000| PB 0x0000000084300000| Untracked |  0
|  40|0x0000000084400000, 0x0000000084400000, 0x0000000084500000|  0%| F|  |TAMS 0x0000000084400000| PB 0x0000000084400000| Untracked |  0
|  41|0x0000000084500000, 0x0000000084500000, 0x0000000084600000|  0%| F|  |TAMS 0x0000000084500000| PB 0x0000000084500000| Untracked |  0
|  68|0x0000000086000000, 0x0000000086000000, 0x0000000086100000|  0%| F|  |TAMS 0x0000000086000000| PB 0x0000000086000000| Untracked |  0
|  69|0x0000000086100000, 0x0000000086100000, 0x0000000086200000|  0%| F|  |TAMS 0x0000000086100000| PB 0x0000000086100000| Untracked |  0
|  70|0x0000000086200000, 0x0000000086200000, 0x0000000086300000|  0%| F|  |TAMS 0x0000000086200000| PB 0x0000000086200000| Untracked |  0
|  71|0x0000000086300000, 0x0000000086300000, 0x0000000086400000|  0%| F|  |TAMS 0x0000000086300000| PB 0x0000000086300000| Untracked |  0
|  72|0x0000000086400000, 0x0000000086400000, 0x0000000086500000|  0%| F|  |TAMS 0x0000000086400000| PB 0x0000000086400000| Untracked |  0
|  73|0x0000000086500000, 0x0000000086500000, 0x0000000086600000|  0%| F|  |TAMS 0x0000000086500000| PB 0x0000000086500000| Untracked |  0
|  74|0x0000000086600000, 0x0000000086600000, 0x0000000086700000|  0%| F|  |TAMS 0x0000000086600000| PB 0x0000000086600000| Untracked |  0
| 127|0x0000000089b00000, 0x0000000089ba4080, 0x0000000089c00000| 64%| E|  |TAMS 0x0000000089b00000| PB 0x0000000089b00000| Complete |  0

Card table byte_map: [0x000002647aea0000,0x000002647b2a0000] _byte_map_base: 0x000002647aa92000

Marking Bits: (CMBitMap*) 0x00000264637a0450
 Bits: [0x000002647b2a0000, 0x000002647d230000)

Polling page: 0x0000026461680000

Metaspace:

Usage:
  Non-class:     35.46 MB used.
      Class:      5.48 MB used.
       Both:     40.94 MB used.

Virtual space:
  Non-class space:       64.00 MB reserved,      35.81 MB ( 56%) committed,  1 nodes.
      Class space:        1.00 GB reserved,       5.69 MB ( <1%) committed,  1 nodes.
             Both:        1.06 GB reserved,      41.50 MB (  4%) committed. 

Chunk freelists:
   Non-Class:  12.03 MB
       Class:  10.31 MB
        Both:  22.34 MB

MaxMetaspaceSize: unlimited
CompressedClassSpaceSize: 1.00 GB
Initial GC threshold: 21.00 MB
Current GC threshold: 58.69 MB
CDS: on
 - commit_granule_bytes: 65536.
 - commit_granule_words: 8192.
 - virtual_space_node_default_size: 8388608.
 - enlarge_chunks_in_place: 1.
 - use_allocation_guard: 0.


Internal statistics:

num_allocs_failed_limit: 6.
num_arena_births: 740.
num_arena_deaths: 0.
num_vsnodes_births: 2.
num_vsnodes_deaths: 0.
num_space_committed: 664.
num_space_uncommitted: 0.
num_chunks_returned_to_freelist: 6.
num_chunks_taken_from_freelist: 2235.
num_chunk_merges: 3.
num_chunk_splits: 1540.
num_chunks_enlarged: 1120.
num_inconsistent_stats: 0.

CodeHeap 'non-profiled nmethods': size=120000Kb used=2527Kb max_used=2527Kb free=117472Kb
 bounds [0x0000026473570000, 0x00000264737f0000, 0x000002647aaa0000]
CodeHeap 'profiled nmethods': size=120000Kb used=8058Kb max_used=8506Kb free=111941Kb
 bounds [0x000002646baa0000, 0x000002646c2f0000, 0x0000026472fd0000]
CodeHeap 'non-nmethods': size=5760Kb used=1540Kb max_used=1593Kb free=4219Kb
 bounds [0x0000026472fd0000, 0x0000026473240000, 0x0000026473570000]
 total_blobs=4673 nmethods=4065 adapters=511
 compilation: enabled
              stopped_count=0, restarted_count=0
 full_count=0

Compilation events (20 events):
Event: 25.130 Thread 0x000002647f710460 4441       3       java.security.MessageDigest::update (11 bytes)
Event: 25.130 Thread 0x000002647f710460 nmethod 4441 0x000002646bcad410 code [0x000002646bcad5c0, 0x000002646bcad880]
Event: 25.130 Thread 0x000002647f710460 4442       3       java.security.MessageDigest$Delegate::engineUpdate (9 bytes)
Event: 25.130 Thread 0x000002647f710460 nmethod 4442 0x000002646bad5610 code [0x000002646bad57c0, 0x000002646bad5998]
Event: 25.130 Thread 0x000002647f710460 4443       1       java.security.DrbgParameters$NextBytes::getStrength (5 bytes)
Event: 25.130 Thread 0x000002647f710460 nmethod 4443 0x00000264737e6610 code [0x00000264737e67a0, 0x00000264737e6868]
Event: 25.130 Thread 0x000002647f710460 4444       1       java.security.DrbgParameters$NextBytes::getPredictionResistance (5 bytes)
Event: 25.131 Thread 0x000002647f710460 nmethod 4444 0x00000264737e6910 code [0x00000264737e6aa0, 0x00000264737e6b70]
Event: 25.133 Thread 0x000002647f70ae90 4445       4       javax.crypto.Mac::doFinal (65 bytes)
Event: 25.137 Thread 0x000002647f70ae90 nmethod 4445 0x00000264737e6c10 code [0x00000264737e6dc0, 0x00000264737e7050]
Event: 25.152 Thread 0x000002647f70ae90 4446       4       jdk.internal.loader.BuiltinClassLoader::defineClass (121 bytes)
Event: 25.164 Thread 0x000002647f710460 4447       3       java.util.stream.IntPipeline::forEachWithCancel (37 bytes)
Event: 25.165 Thread 0x000002647f710460 nmethod 4447 0x000002646becbf90 code [0x000002646becc1c0, 0x000002646becca08]
Event: 25.165 Thread 0x000002647f710460 4448       3       java.util.stream.IntPipeline::adapt (35 bytes)
Event: 25.166 Thread 0x000002647f710460 nmethod 4448 0x000002646be7f790 code [0x000002646be7f960, 0x000002646be7fe68]
Event: 25.415 Thread 0x000002647f710460 4451       3       org.postgresql.core.VisibleBufferedInputStream::ensureBytes (44 bytes)
Event: 25.416 Thread 0x000002647f710460 nmethod 4451 0x000002646becba90 code [0x000002646becbc40, 0x000002646becbec8]
Event: 25.416 Thread 0x000002647f710460 4450       3       org.postgresql.core.VisibleBufferedInputStream::ensureBytes (7 bytes)
Event: 25.416 Thread 0x000002647f710460 nmethod 4450 0x000002646bc7a490 code [0x000002646bc7a640, 0x000002646bc7a7a0]
Event: 25.416 Thread 0x000002647f710460 4452       3       org.postgresql.util.internal.IntSet::add (68 bytes)

GC Heap History (14 events):
Event: 2.771 GC heap before
{Heap before GC invocations=0 (full 0):
 garbage-first heap   total reserved 2068480K, committed 131072K, used 16384K [0x0000000081c00000, 0x0000000100000000)
  region size 1024K, 14 young (14336K), 0 survivors (0K)
 Metaspace       used 4092K, committed 4224K, reserved 1114112K
  class space    used 442K, committed 512K, reserved 1048576K
}
Event: 2.781 GC heap after
{Heap after GC invocations=1 (full 0):
 garbage-first heap   total reserved 2068480K, committed 131072K, used 7018K [0x0000000081c00000, 0x0000000100000000)
  region size 1024K, 2 young (2048K), 2 survivors (2048K)
 Metaspace       used 4092K, committed 4224K, reserved 1114112K
  class space    used 442K, committed 512K, reserved 1048576K
}
Event: 4.144 GC heap before
{Heap before GC invocations=1 (full 0):
 garbage-first heap   total reserved 2068480K, committed 131072K, used 21354K [0x0000000081c00000, 0x0000000100000000)
  region size 1024K, 17 young (17408K), 2 survivors (2048K)
 Metaspace       used 8511K, committed 8832K, reserved 1114112K
  class space    used 1043K, committed 1216K, reserved 1048576K
}
Event: 4.153 GC heap after
{Heap after GC invocations=2 (full 0):
 garbage-first heap   total reserved 2068480K, committed 131072K, used 8648K [0x0000000081c00000, 0x0000000100000000)
  region size 1024K, 2 young (2048K), 2 survivors (2048K)
 Metaspace       used 8511K, committed 8832K, reserved 1114112K
  class space    used 1043K, committed 1216K, reserved 1048576K
}
Event: 7.791 GC heap before
{Heap before GC invocations=2 (full 0):
 garbage-first heap   total reserved 2068480K, committed 131072K, used 58824K [0x0000000081c00000, 0x0000000100000000)
  region size 1024K, 53 young (54272K), 2 survivors (2048K)
 Metaspace       used 21189K, committed 21504K, reserved 1114112K
  class space    used 2608K, committed 2752K, reserved 1048576K
}
Event: 7.813 GC heap after
{Heap after GC invocations=3 (full 0):
 garbage-first heap   total reserved 2068480K, committed 131072K, used 14022K [0x0000000081c00000, 0x0000000100000000)
  region size 1024K, 7 young (7168K), 7 survivors (7168K)
 Metaspace       used 21189K, committed 21504K, reserved 1114112K
  class space    used 2608K, committed 2752K, reserved 1048576K
}
Event: 9.666 GC heap before
{Heap before GC invocations=4 (full 0):
 garbage-first heap   total reserved 2068480K, committed 51200K, used 37574K [0x0000000081c00000, 0x0000000100000000)
  region size 1024K, 30 young (30720K), 7 survivors (7168K)
 Metaspace       used 24908K, committed 25344K, reserved 1114112K
  class space    used 3116K, committed 3328K, reserved 1048576K
}
Event: 9.700 GC heap after
{Heap after GC invocations=5 (full 0):
 garbage-first heap   total reserved 2068480K, committed 51200K, used 15358K [0x0000000081c00000, 0x0000000100000000)
  region size 1024K, 2 young (2048K), 2 survivors (2048K)
 Metaspace       used 24908K, committed 25344K, reserved 1114112K
  class space    used 3116K, committed 3328K, reserved 1048576K
}
Event: 14.216 GC heap before
{Heap before GC invocations=5 (full 0):
 garbage-first heap   total reserved 2068480K, committed 51200K, used 36862K [0x0000000081c00000, 0x0000000100000000)
  region size 1024K, 24 young (24576K), 2 survivors (2048K)
 Metaspace       used 29740K, committed 30272K, reserved 1114112K
  class space    used 3781K, committed 4032K, reserved 1048576K
}
Event: 14.232 GC heap after
{Heap after GC invocations=6 (full 0):
 garbage-first heap   total reserved 2068480K, committed 51200K, used 18210K [0x0000000081c00000, 0x0000000100000000)
  region size 1024K, 3 young (3072K), 3 survivors (3072K)
 Metaspace       used 29740K, committed 30272K, reserved 1114112K
  class space    used 3781K, committed 4032K, reserved 1048576K
}
Event: 19.701 GC heap before
{Heap before GC invocations=6 (full 0):
 garbage-first heap   total reserved 2068480K, committed 51200K, used 40738K [0x0000000081c00000, 0x0000000100000000)
  region size 1024K, 25 young (25600K), 3 survivors (3072K)
 Metaspace       used 35117K, committed 35648K, reserved 1114112K
  class space    used 4587K, committed 4864K, reserved 1048576K
}
Event: 19.711 GC heap after
{Heap after GC invocations=7 (full 0):
 garbage-first heap   total reserved 2068480K, committed 51200K, used 19656K [0x0000000081c00000, 0x0000000100000000)
  region size 1024K, 2 young (2048K), 2 survivors (2048K)
 Metaspace       used 35117K, committed 35648K, reserved 1114112K
  class space    used 4587K, committed 4864K, reserved 1048576K
}
Event: 20.084 GC heap before
{Heap before GC invocations=7 (full 0):
 garbage-first heap   total reserved 2068480K, committed 51200K, used 20680K [0x0000000081c00000, 0x0000000100000000)
  region size 1024K, 4 young (4096K), 2 survivors (2048K)
 Metaspace       used 35412K, committed 35968K, reserved 1114112K
  class space    used 4620K, committed 4864K, reserved 1048576K
}
Event: 20.089 GC heap after
{Heap after GC invocations=8 (full 0):
 garbage-first heap   total reserved 2068480K, committed 51200K, used 19441K [0x0000000081c00000, 0x0000000100000000)
  region size 1024K, 2 young (2048K), 2 survivors (2048K)
 Metaspace       used 35412K, committed 35968K, reserved 1114112K
  class space    used 4620K, committed 4864K, reserved 1048576K
}

Dll operation events (15 events):
Event: 0.155 Loaded shared library C:\Program Files\Java\jdk-22\bin\java.dll
Event: 0.243 Loaded shared library C:\Program Files\Java\jdk-22\bin\jsvml.dll
Event: 0.683 Loaded shared library C:\Program Files\Java\jdk-22\bin\zip.dll
Event: 0.776 Loaded shared library C:\Program Files\Java\jdk-22\bin\instrument.dll
Event: 0.844 Loaded shared library C:\Program Files\Java\jdk-22\bin\net.dll
Event: 0.847 Loaded shared library C:\Program Files\Java\jdk-22\bin\nio.dll
Event: 0.853 Loaded shared library C:\Program Files\Java\jdk-22\bin\zip.dll
Event: 1.423 Loaded shared library C:\Program Files\JetBrains\IntelliJ IDEA Community Edition 2024.2.3\bin\breakgen64.dll
Event: 1.531 Loaded shared library C:\Program Files\Java\jdk-22\bin\extnet.dll
Event: 1.675 Loaded shared library C:\Program Files\Java\jdk-22\bin\jimage.dll
Event: 4.764 Loaded shared library C:\Program Files\Java\jdk-22\bin\le.dll
Event: 7.324 Loaded shared library C:\Program Files\Java\jdk-22\bin\sunmscapi.dll
Event: 13.975 Loaded shared library C:\Program Files\Java\jdk-22\bin\management.dll
Event: 13.979 Loaded shared library C:\Program Files\Java\jdk-22\bin\management_ext.dll
Event: 19.884 Loaded shared library C:\Program Files\Java\jdk-22\bin\verify.dll

Deoptimization events (20 events):
Event: 23.699 Thread 0x00000264615a8fe0 DEOPT PACKING pc=0x00000264736430e8 sp=0x0000009eeadfd300
Event: 23.699 Thread 0x00000264615a8fe0 DEOPT UNPACKING pc=0x00000264730246a2 sp=0x0000009eeadfd1c8 mode 2
Event: 23.699 Thread 0x00000264615a8fe0 Uncommon trap: trap_request=0xffffff45 fr.pc=0x00000264735d5dbc relative=0x000000000000009c
Event: 23.699 Thread 0x00000264615a8fe0 Uncommon trap: reason=unstable_if action=reinterpret pc=0x00000264735d5dbc method=java.lang.CharacterDataLatin1.isWhitespace(I)Z @ 14 c2
Event: 23.699 Thread 0x00000264615a8fe0 DEOPT PACKING pc=0x00000264735d5dbc sp=0x0000009eeadfd240
Event: 23.699 Thread 0x00000264615a8fe0 DEOPT UNPACKING pc=0x00000264730246a2 sp=0x0000009eeadfd1c0 mode 2
Event: 24.053 Thread 0x00000264615a8fe0 Uncommon trap: trap_request=0xffffff45 fr.pc=0x00000264735e76a8 relative=0x00000000000000a8
Event: 24.053 Thread 0x00000264615a8fe0 Uncommon trap: reason=unstable_if action=reinterpret pc=0x00000264735e76a8 method=java.lang.Integer.stringSize(I)I @ 3 c2
Event: 24.053 Thread 0x00000264615a8fe0 DEOPT PACKING pc=0x00000264735e76a8 sp=0x0000009eeadfc8b0
Event: 24.054 Thread 0x00000264615a8fe0 DEOPT UNPACKING pc=0x00000264730246a2 sp=0x0000009eeadfc838 mode 2
Event: 24.054 Thread 0x00000264615a8fe0 Uncommon trap: trap_request=0xffffff45 fr.pc=0x0000026473632b24 relative=0x0000000000000164
Event: 24.054 Thread 0x00000264615a8fe0 Uncommon trap: reason=unstable_if action=reinterpret pc=0x0000026473632b24 method=java.lang.StringLatin1.getChars(II[B)I @ 4 c2
Event: 24.054 Thread 0x00000264615a8fe0 DEOPT PACKING pc=0x0000026473632b24 sp=0x0000009eeadfc880
Event: 24.054 Thread 0x00000264615a8fe0 DEOPT UNPACKING pc=0x00000264730246a2 sp=0x0000009eeadfc828 mode 2
Event: 24.891 Thread 0x0000026447b9ec70 DEOPT PACKING pc=0x000002646bac43bb sp=0x0000009eecafe470
Event: 24.891 Thread 0x0000026447b9ec70 DEOPT UNPACKING pc=0x0000026473024e42 sp=0x0000009eecafd940 mode 0
Event: 24.910 Thread 0x0000026447b9ec70 Uncommon trap: trap_request=0xffffff45 fr.pc=0x00000264737cdaac relative=0x0000000000004f4c
Event: 24.910 Thread 0x0000026447b9ec70 Uncommon trap: reason=unstable_if action=reinterpret pc=0x00000264737cdaac method=com.sun.crypto.provider.PBKDF2KeyImpl.deriveKey(Ljavax/crypto/Mac;[B[BII)[B @ 179 c2
Event: 24.910 Thread 0x0000026447b9ec70 DEOPT PACKING pc=0x00000264737cdaac sp=0x0000009eecafe3f0
Event: 24.910 Thread 0x0000026447b9ec70 DEOPT UNPACKING pc=0x00000264730246a2 sp=0x0000009eecafe440 mode 2

Classes loaded (20 events):
Event: 23.641 Loading class java/util/SimpleTimeZone
Event: 23.659 Loading class java/util/SimpleTimeZone done
Event: 23.660 Loading class java/time/LocalDateTime$1
Event: 23.660 Loading class java/time/LocalDateTime$1 done
Event: 23.660 Loading class java/time/chrono/IsoEra
Event: 23.691 Loading class java/time/chrono/Era
Event: 23.692 Loading class java/time/chrono/Era done
Event: 23.692 Loading class java/time/chrono/IsoEra done
Event: 23.693 Loading class java/time/Instant$1
Event: 23.693 Loading class java/time/Instant$1 done
Event: 23.824 Loading class java/util/TimerTask
Event: 23.824 Loading class java/util/TimerTask done
Event: 24.059 Loading class java/util/concurrent/ThreadPoolExecutor$CallerRunsPolicy
Event: 24.059 Loading class java/util/concurrent/ThreadPoolExecutor$CallerRunsPolicy done
Event: 24.064 Loading class java/security/CodeSigner
Event: 24.064 Loading class java/security/CodeSigner done
Event: 24.902 Loading class java/util/regex/Pattern$1MatcherIterator
Event: 24.927 Loading class java/util/regex/Pattern$1MatcherIterator done
Event: 25.092 Loading class jdk/internal/reflect/MethodHandleIntegerFieldAccessorImpl
Event: 25.092 Loading class jdk/internal/reflect/MethodHandleIntegerFieldAccessorImpl done

Classes unloaded (0 events):
No events

Classes redefined (0 events):
No events

Internal exceptions (20 events):
Event: 10.701 Thread 0x00000264615a8fe0 Exception <a 'java/lang/NoSuchMethodError'{0x000000008430b830}: 'java.lang.Object java.lang.invoke.DirectMethodHandle$Holder.invokeSpecial(java.lang.Object, java.lang.Object, java.lang.Object, java.lang.Object, int)'> (0x000000008430b830) 
thrown [s\open\src\hotspot\share\interpreter\linkResolver.cpp, line 774]
Event: 10.701 Thread 0x00000264615a8fe0 Exception <a 'java/lang/NoSuchMethodError'{0x000000008430ecb8}: 'java.lang.Object java.lang.invoke.Invokers$Holder.linkToTargetMethod(java.lang.Object, java.lang.Object, int, java.lang.Object)'> (0x000000008430ecb8) 
thrown [s\open\src\hotspot\share\interpreter\linkResolver.cpp, line 774]
Event: 11.242 Thread 0x00000264615a8fe0 Exception <a 'java/lang/NoSuchMethodError'{0x000000008409f8e8}: 'java.lang.Object java.lang.invoke.DirectMethodHandle$Holder.invokeStaticInit(java.lang.Object, int, int, int, int)'> (0x000000008409f8e8) 
thrown [s\open\src\hotspot\share\interpreter\linkResolver.cpp, line 774]
Event: 12.229 Thread 0x00000264615a8fe0 Exception <a 'java/lang/NoSuchMethodError'{0x0000000083f329d8}: 'java.lang.Object java.lang.invoke.DirectMethodHandle$Holder.invokeStaticInit(java.lang.Object, java.lang.Object, int, int, int, int)'> (0x0000000083f329d8) 
thrown [s\open\src\hotspot\share\interpreter\linkResolver.cpp, line 774]
Event: 13.517 Thread 0x00000264615a8fe0 Exception <a 'java/lang/NoSuchMethodError'{0x0000000083cea038}: 'int java.lang.invoke.DirectMethodHandle$Holder.invokeVirtual(java.lang.Object, java.lang.Object, java.lang.Object, java.lang.Object)'> (0x0000000083cea038) 
thrown [s\open\src\hotspot\share\interpreter\linkResolver.cpp, line 774]
Event: 13.518 Thread 0x00000264615a8fe0 Exception <a 'java/lang/NoSuchMethodError'{0x0000000083ced8b8}: 'int java.lang.invoke.DelegatingMethodHandle$Holder.reinvoke_L(java.lang.Object, java.lang.Object, java.lang.Object, java.lang.Object)'> (0x0000000083ced8b8) 
thrown [s\open\src\hotspot\share\interpreter\linkResolver.cpp, line 774]
Event: 14.001 Thread 0x00000264615a8fe0 Exception <a 'java/io/FileNotFoundException'{0x0000000083af28d0}> (0x0000000083af28d0) 
thrown [s\open\src\hotspot\share\prims\jni.cpp, line 520]
Event: 14.192 Thread 0x00000264615a8fe0 Exception <a 'java/lang/NoSuchMethodError'{0x0000000083884820}: 'int java.lang.invoke.DirectMethodHandle$Holder.invokeInterface(java.lang.Object, java.lang.Object, java.lang.Object, java.lang.Object)'> (0x0000000083884820) 
thrown [s\open\src\hotspot\share\interpreter\linkResolver.cpp, line 774]
Event: 14.352 Thread 0x00000264615a8fe0 Exception <a 'java/lang/NoSuchMethodError'{0x0000000086660c88}: 'long java.lang.invoke.DirectMethodHandle$Holder.invokeVirtual(java.lang.Object, java.lang.Object)'> (0x0000000086660c88) 
thrown [s\open\src\hotspot\share\interpreter\linkResolver.cpp, line 774]
Event: 14.652 Thread 0x00000264615a8fe0 Exception <a 'java/lang/NoSuchMethodError'{0x0000000086115150}: 'void java.lang.invoke.DirectMethodHandle$Holder.invokeStatic(java.lang.Object, java.lang.Object, int)'> (0x0000000086115150) 
thrown [s\open\src\hotspot\share\interpreter\linkResolver.cpp, line 774]
Event: 14.677 Thread 0x00000264615a8fe0 Exception <a 'java/lang/NoSuchMethodError'{0x0000000086152f10}: 'java.lang.Object java.lang.invoke.DirectMethodHandle$Holder.newInvokeSpecial(java.lang.Object, java.lang.Object, java.lang.Object, java.lang.Object, java.lang.Object, java.lang.Object, java.lang.Object, java.lang.Object, java.lang.Object, java.lang.Object, java.lang.Object)'> (0x0000000086152f10) 
thrown [s\open\src\hotspot\share\interpreter\linkResolver.cpp, line 774]
Event: 15.420 Thread 0x00000264615a8fe0 Exception <a 'java/lang/NoSuchMethodError'{0x00000000844ad7a0}: 'void java.lang.invoke.DelegatingMethodHandle$Holder.reinvoke_L(java.lang.Object, java.lang.Object, java.lang.Object, java.lang.Object, int, java.lang.Object, java.lang.Object, java.lang.Object)'> (0x00000000844ad7a0) 
thrown [s\open\src\hotspot\share\interpreter\linkResolver.cpp, line 774]
Event: 22.295 Thread 0x00000264615a8fe0 Exception <a 'java/lang/NoSuchMethodError'{0x00000000842332f8}: 'int java.lang.invoke.DirectMethodHandle$Holder.invokeStatic(java.lang.Object)'> (0x00000000842332f8) 
thrown [s\open\src\hotspot\share\interpreter\linkResolver.cpp, line 774]
Event: 22.378 Thread 0x00000264615a8fe0 Exception <a 'java/lang/NoSuchMethodError'{0x00000000842f1398}: method resolution failed> (0x00000000842f1398) 
thrown [s\open\src\hotspot\share\prims\methodHandles.cpp, line 1146]
Event: 22.413 Thread 0x00000264615a8fe0 Exception <a 'java/lang/NoSuchMethodError'{0x000000008413f1e0}: 'int java.lang.invoke.DirectMethodHandle$Holder.invokeStaticInit(java.lang.Object, java.lang.Object, java.lang.Object, java.lang.Object)'> (0x000000008413f1e0) 
thrown [s\open\src\hotspot\share\interpreter\linkResolver.cpp, line 774]
Event: 22.818 Thread 0x00000264615a8fe0 Exception <a 'sun/nio/fs/WindowsException'{0x000000008408e810}> (0x000000008408e810) 
thrown [s\open\src\hotspot\share\prims\jni.cpp, line 520]
Event: 23.283 Thread 0x00000264615a8fe0 Exception <a 'java/lang/NoSuchMethodError'{0x00000000840fedf0}: 'int java.lang.invoke.DirectMethodHandle$Holder.invokeInterface(java.lang.Object, java.lang.Object, int)'> (0x00000000840fedf0) 
thrown [s\open\src\hotspot\share\interpreter\linkResolver.cpp, line 774]
Event: 23.283 Thread 0x00000264615a8fe0 Exception <a 'java/lang/IncompatibleClassChangeError'{0x0000000083f4a940}: Found class java.lang.Object, but interface was expected> (0x0000000083f4a940) 
thrown [s\open\src\hotspot\share\interpreter\linkResolver.cpp, line 841]
Event: 25.052 Thread 0x00000264615a8fe0 Exception <a 'java/lang/NoSuchMethodError'{0x00000000839030d0}: 'java.lang.Object java.lang.invoke.DirectMethodHandle$Holder.invokeStaticInit(java.lang.Object, java.lang.Object, java.lang.Object, java.lang.Object)'> (0x00000000839030d0) 
thrown [s\open\src\hotspot\share\interpreter\linkResolver.cpp, line 774]
Event: 25.093 Thread 0x00000264615a8fe0 Exception <a 'java/lang/NoSuchMethodError'{0x00000000839bd598}: 'int java.lang.invoke.Invokers$Holder.invokeExact_MT(java.lang.Object, java.lang.Object)'> (0x00000000839bd598) 
thrown [s\open\src\hotspot\share\interpreter\linkResolver.cpp, line 774]

ZGC Phase Switch (0 events):
No events

VM Operations (20 events):
Event: 20.154 Executing VM operation: G1PauseCleanup
Event: 20.154 Executing VM operation: G1PauseCleanup done
Event: 21.155 Executing VM operation: Cleanup
Event: 21.155 Executing VM operation: Cleanup done
Event: 22.156 Executing VM operation: Cleanup
Event: 22.156 Executing VM operation: Cleanup done
Event: 22.824 Executing VM operation: HandshakeAllThreads (Deoptimize)
Event: 22.824 Executing VM operation: HandshakeAllThreads (Deoptimize) done
Event: 22.865 Executing VM operation: HandshakeAllThreads (Deoptimize)
Event: 22.865 Executing VM operation: HandshakeAllThreads (Deoptimize) done
Event: 23.268 Executing VM operation: HandshakeAllThreads (Deoptimize)
Event: 23.268 Executing VM operation: HandshakeAllThreads (Deoptimize) done
Event: 23.268 Executing VM operation: Cleanup
Event: 23.268 Executing VM operation: Cleanup done
Event: 23.269 Executing VM operation: HandshakeAllThreads (Deoptimize)
Event: 23.269 Executing VM operation: HandshakeAllThreads (Deoptimize) done
Event: 24.269 Executing VM operation: Cleanup
Event: 24.269 Executing VM operation: Cleanup done
Event: 25.280 Executing VM operation: Cleanup
Event: 25.280 Executing VM operation: Cleanup done

Memory protections (0 events):
No events

Nmethod flushes (20 events):
Event: 20.136 Thread 0x000002647f6e3190 flushing  nmethod 0x000002646bd9ac90
Event: 20.136 Thread 0x000002647f6e3190 flushing  nmethod 0x000002646bd9b010
Event: 20.136 Thread 0x000002647f6e3190 flushing  nmethod 0x000002646bd9b510
Event: 20.136 Thread 0x000002647f6e3190 flushing  nmethod 0x000002646bd9bc10
Event: 20.136 Thread 0x000002647f6e3190 flushing  nmethod 0x000002646bd9c210
Event: 20.136 Thread 0x000002647f6e3190 flushing  nmethod 0x000002646bdaa010
Event: 20.136 Thread 0x000002647f6e3190 flushing  nmethod 0x000002646bdaaa10
Event: 20.136 Thread 0x000002647f6e3190 flushing  nmethod 0x000002646bdaae10
Event: 20.136 Thread 0x000002647f6e3190 flushing  nmethod 0x000002646bdab410
Event: 20.136 Thread 0x000002647f6e3190 flushing  nmethod 0x000002646bdabb10
Event: 20.136 Thread 0x000002647f6e3190 flushing  nmethod 0x000002646bdac310
Event: 20.136 Thread 0x000002647f6e3190 flushing  nmethod 0x000002646bdb3f10
Event: 20.136 Thread 0x000002647f6e3190 flushing  nmethod 0x000002646bdb4790
Event: 20.136 Thread 0x000002647f6e3190 flushing  nmethod 0x000002646bdb4b90
Event: 20.136 Thread 0x000002647f6e3190 flushing  nmethod 0x000002646bdb4e90
Event: 20.136 Thread 0x000002647f6e3190 flushing  nmethod 0x000002646bdd0b90
Event: 20.136 Thread 0x000002647f6e3190 flushing  nmethod 0x000002646be29190
Event: 20.136 Thread 0x000002647f6e3190 flushing  nmethod 0x000002646bf09110
Event: 20.136 Thread 0x000002647f6e3190 flushing  nmethod 0x000002646bf59990
Event: 20.136 Thread 0x000002647f6e3190 flushing  nmethod 0x000002646bf5a510

Events (20 events):
Event: 5.047 Thread 0x000002647f70ae90 Thread added: 0x0000026445f99ff0
Event: 5.531 Thread 0x0000026445f99ff0 Thread exited: 0x0000026445f99ff0
Event: 5.758 Thread 0x000002647f710460 Thread added: 0x00000264461a63e0
Event: 6.413 Thread 0x00000264615a8fe0 Thread added: 0x00000264463fc170
Event: 6.735 Thread 0x00000264463fc170 Thread exited: 0x00000264463fc170
Event: 7.366 Thread 0x000002644602b670 Thread exited: 0x000002644602b670
Event: 9.418 Thread 0x00000264461a63e0 Thread exited: 0x00000264461a63e0
Event: 9.552 Thread 0x000002647f710460 Thread added: 0x00000264461a63e0
Event: 11.163 Thread 0x00000264461a63e0 Thread exited: 0x00000264461a63e0
Event: 14.214 Thread 0x000002647f710460 Thread added: 0x0000026446f7e870
Event: 14.412 Thread 0x00000264615a8fe0 Thread added: 0x00000264479bfb70
Event: 14.419 Thread 0x00000264615a8fe0 Thread added: 0x0000026445a6eb50
Event: 14.426 Thread 0x00000264615a8fe0 Thread added: 0x0000026446be9f00
Event: 15.336 Thread 0x0000026446f7e870 Thread exited: 0x0000026446f7e870
Event: 23.460 Thread 0x000002647f710460 Thread added: 0x0000026445cc9040
Event: 23.793 Thread 0x00000264615a8fe0 Thread added: 0x0000026446988010
Event: 24.057 Thread 0x00000264615a8fe0 Thread added: 0x00000264459c3a00
Event: 24.174 Thread 0x00000264459c3a00 Thread added: 0x0000026447b9ec70
Event: 24.176 Thread 0x0000026445cc9040 Thread exited: 0x0000026445cc9040
Event: 24.701 Thread 0x000002647f70ae90 Thread added: 0x0000026445cc9040


Dynamic libraries:
0x00007ff6c3330000 - 0x00007ff6c3340000 	C:\Program Files\Java\jdk-22\bin\java.exe
0x00007ffee8ad0000 - 0x00007ffee8cc8000 	C:\Windows\SYSTEM32\ntdll.dll
0x00007ffee8830000 - 0x00007ffee88f2000 	C:\Windows\System32\KERNEL32.DLL
0x00007ffee6440000 - 0x00007ffee673e000 	C:\Windows\System32\KERNELBASE.dll
0x00007ffee6170000 - 0x00007ffee6270000 	C:\Windows\System32\ucrtbase.dll
0x00007ffedf550000 - 0x00007ffedf567000 	C:\Program Files\Java\jdk-22\bin\jli.dll
0x00007ffee8320000 - 0x00007ffee84bd000 	C:\Windows\System32\USER32.dll
0x00007ffee6810000 - 0x00007ffee6832000 	C:\Windows\System32\win32u.dll
0x00007ffee8900000 - 0x00007ffee892b000 	C:\Windows\System32\GDI32.dll
0x00007ffee6840000 - 0x00007ffee6957000 	C:\Windows\System32\gdi32full.dll
0x00007ffee6770000 - 0x00007ffee680d000 	C:\Windows\System32\msvcp_win.dll
0x00007ffedf5c0000 - 0x00007ffedf5db000 	C:\Program Files\Java\jdk-22\bin\VCRUNTIME140.dll
0x00007ffee2590000 - 0x00007ffee282a000 	C:\Windows\WinSxS\amd64_microsoft.windows.common-controls_6595b64144ccf1df_6.0.19041.4355_none_60b8b9eb71f62e16\COMCTL32.dll
0x00007ffee7200000 - 0x00007ffee729e000 	C:\Windows\System32\msvcrt.dll
0x00007ffee8a60000 - 0x00007ffee8a8f000 	C:\Windows\System32\IMM32.DLL
0x00007ffee3190000 - 0x00007ffee319c000 	C:\Program Files\Java\jdk-22\bin\vcruntime140_1.dll
0x00007ffed65c0000 - 0x00007ffed664e000 	C:\Program Files\Java\jdk-22\bin\msvcp140.dll
0x00007ffea6f70000 - 0x00007ffea7cb9000 	C:\Program Files\Java\jdk-22\bin\server\jvm.dll
0x00007ffee8930000 - 0x00007ffee89e1000 	C:\Windows\System32\ADVAPI32.dll
0x00007ffee7600000 - 0x00007ffee769f000 	C:\Windows\System32\sechost.dll
0x00007ffee8700000 - 0x00007ffee8823000 	C:\Windows\System32\RPCRT4.dll
0x00007ffee6740000 - 0x00007ffee6767000 	C:\Windows\System32\bcrypt.dll
0x00007ffee82b0000 - 0x00007ffee831b000 	C:\Windows\System32\WS2_32.dll
0x00007ffee5ae0000 - 0x00007ffee5b2b000 	C:\Windows\SYSTEM32\POWRPROF.dll
0x00007ffed53c0000 - 0x00007ffed53e7000 	C:\Windows\SYSTEM32\WINMM.dll
0x00007ffee2260000 - 0x00007ffee226a000 	C:\Windows\SYSTEM32\VERSION.dll
0x00007ffee5a80000 - 0x00007ffee5a92000 	C:\Windows\SYSTEM32\UMPDC.dll
0x00007ffee4040000 - 0x00007ffee4052000 	C:\Windows\SYSTEM32\kernel.appcore.dll
0x00007ffee3160000 - 0x00007ffee316a000 	C:\Program Files\Java\jdk-22\bin\jimage.dll
0x00007ffed5450000 - 0x00007ffed5634000 	C:\Windows\SYSTEM32\DBGHELP.DLL
0x00007ffed5270000 - 0x00007ffed52a4000 	C:\Windows\SYSTEM32\dbgcore.DLL
0x00007ffee6a10000 - 0x00007ffee6a92000 	C:\Windows\System32\bcryptPrimitives.dll
0x00007ffed9440000 - 0x00007ffed944f000 	C:\Program Files\Java\jdk-22\bin\instrument.dll
0x00007ffedf530000 - 0x00007ffedf54e000 	C:\Program Files\Java\jdk-22\bin\java.dll
0x00007ffee7b40000 - 0x00007ffee82ad000 	C:\Windows\System32\SHELL32.dll
0x00007ffee74d0000 - 0x00007ffee75fb000 	C:\Windows\System32\ole32.dll
0x00007ffee77d0000 - 0x00007ffee7b23000 	C:\Windows\System32\combase.dll
0x00007ffee41b0000 - 0x00007ffee4954000 	C:\Windows\SYSTEM32\windows.storage.dll
0x00007ffee5a50000 - 0x00007ffee5a7e000 	C:\Windows\SYSTEM32\Wldp.dll
0x00007ffee76a0000 - 0x00007ffee776d000 	C:\Windows\System32\OLEAUT32.dll
0x00007ffee6ba0000 - 0x00007ffee6c4d000 	C:\Windows\System32\SHCORE.dll
0x00007ffee89f0000 - 0x00007ffee8a45000 	C:\Windows\System32\shlwapi.dll
0x00007ffee60a0000 - 0x00007ffee60c4000 	C:\Windows\SYSTEM32\profapi.dll
0x00007ffecc730000 - 0x00007ffecc807000 	C:\Program Files\Java\jdk-22\bin\jsvml.dll
0x00007ffede0e0000 - 0x00007ffede0f7000 	C:\Program Files\Java\jdk-22\bin\zip.dll
0x00007ffedf5b0000 - 0x00007ffedf5c0000 	C:\Program Files\Java\jdk-22\bin\net.dll
0x00007ffee5830000 - 0x00007ffee589a000 	C:\Windows\system32\mswsock.dll
0x00007ffedf510000 - 0x00007ffedf526000 	C:\Program Files\Java\jdk-22\bin\nio.dll
0x00007ffecb110000 - 0x00007ffecb12a000 	C:\Program Files\JetBrains\IntelliJ IDEA Community Edition 2024.2.3\bin\breakgen64.dll
0x00007ffede0c0000 - 0x00007ffede0c9000 	C:\Program Files\Java\jdk-22\bin\extnet.dll
0x00007ffecad90000 - 0x00007ffecad9b000 	C:\Program Files\Java\jdk-22\bin\le.dll
0x00007ffecada0000 - 0x00007ffecadae000 	C:\Program Files\Java\jdk-22\bin\sunmscapi.dll
0x00007ffee6270000 - 0x00007ffee63cc000 	C:\Windows\System32\CRYPT32.dll
0x00007ffee5b30000 - 0x00007ffee5b57000 	C:\Windows\SYSTEM32\ncrypt.dll
0x00007ffee5aa0000 - 0x00007ffee5adb000 	C:\Windows\SYSTEM32\NTASN1.dll
0x00007ffee5e50000 - 0x00007ffee5e68000 	C:\Windows\SYSTEM32\CRYPTSP.dll
0x00007ffee5110000 - 0x00007ffee5144000 	C:\Windows\system32\rsaenh.dll
0x00007ffee6060000 - 0x00007ffee608e000 	C:\Windows\SYSTEM32\USERENV.dll
0x00007ffee59c0000 - 0x00007ffee59cc000 	C:\Windows\SYSTEM32\CRYPTBASE.dll
0x00007ffee5530000 - 0x00007ffee556b000 	C:\Windows\SYSTEM32\IPHLPAPI.DLL
0x00007ffee7b30000 - 0x00007ffee7b38000 	C:\Windows\System32\NSI.dll
0x00007ffed1510000 - 0x00007ffed151a000 	C:\Program Files\Java\jdk-22\bin\management.dll
0x00007ffecf0e0000 - 0x00007ffecf0eb000 	C:\Program Files\Java\jdk-22\bin\management_ext.dll
0x00007ffee8a50000 - 0x00007ffee8a58000 	C:\Windows\System32\PSAPI.DLL
0x00007ffedae70000 - 0x00007ffedae80000 	C:\Program Files\Java\jdk-22\bin\verify.dll
0x00007ffee55c0000 - 0x00007ffee568a000 	C:\Windows\SYSTEM32\DNSAPI.dll
0x00007ffeda050000 - 0x00007ffeda05a000 	C:\Windows\System32\rasadhlp.dll
0x00007ffedb080000 - 0x00007ffedb100000 	C:\Windows\System32\fwpuclnt.dll

dbghelp: loaded successfully - version: 4.0.5 - missing functions: none
symbol engine: initialized successfully - sym options: 0x614 - pdb path: .;C:\Program Files\Java\jdk-22\bin;C:\Windows\SYSTEM32;C:\Windows\WinSxS\amd64_microsoft.windows.common-controls_6595b64144ccf1df_6.0.19041.4355_none_60b8b9eb71f62e16;C:\Program Files\Java\jdk-22\bin\server;C:\Program Files\JetBrains\IntelliJ IDEA Community Edition 2024.2.3\bin

VM Arguments:
jvm_args: -javaagent:C:\Program Files\JetBrains\IntelliJ IDEA Community Edition 2024.2.3\lib\idea_rt.jar=51694:C:\Program Files\JetBrains\IntelliJ IDEA Community Edition 2024.2.3\bin -Dfile.encoding=UTF-8 -Dsun.stdout.encoding=UTF-8 -Dsun.stderr.encoding=UTF-8 
java_command: com.ubedpathan.Nexora.NexoraApplication
java_class_path (initial): D:\Projects\Nexora\nexora_server\target\classes;C:\Users\Ubed\.m2\repository\org\springframework\boot\spring-boot-starter-data-jpa\3.4.1\spring-boot-starter-data-jpa-3.4.1.jar;C:\Users\Ubed\.m2\repository\org\springframework\boot\spring-boot-starter\3.4.1\spring-boot-starter-3.4.1.jar;C:\Users\Ubed\.m2\repository\org\springframework\boot\spring-boot\3.4.1\spring-boot-3.4.1.jar;C:\Users\Ubed\.m2\repository\org\springframework\boot\spring-boot-autoconfigure\3.4.1\spring-boot-autoconfigure-3.4.1.jar;C:\Users\Ubed\.m2\repository\org\springframework\boot\spring-boot-starter-logging\3.4.1\spring-boot-starter-logging-3.4.1.jar;C:\Users\Ubed\.m2\repository\ch\qos\logback\logback-classic\1.5.12\logback-classic-1.5.12.jar;C:\Users\Ubed\.m2\repository\ch\qos\logback\logback-core\1.5.12\logback-core-1.5.12.jar;C:\Users\Ubed\.m2\repository\org\apache\logging\log4j\log4j-to-slf4j\2.24.3\log4j-to-slf4j-2.24.3.jar;C:\Users\Ubed\.m2\repository\org\apache\logging\log4j\log4j-api\2.24.3\log4j-api-2.24.3.jar;C:\Users\Ubed\.m2\repository\org\slf4j\jul-to-slf4j\2.0.16\jul-to-slf4j-2.0.16.jar;C:\Users\Ubed\.m2\repository\jakarta\annotation\jakarta.annotation-api\2.1.1\jakarta.annotation-api-2.1.1.jar;C:\Users\Ubed\.m2\repository\org\yaml\snakeyaml\2.3\snakeyaml-2.3.jar;C:\Users\Ubed\.m2\repository\org\springframework\boot\spring-boot-starter-jdbc\3.4.1\spring-boot-starter-jdbc-3.4.1.jar;C:\Users\Ubed\.m2\repository\com\zaxxer\HikariCP\5.1.0\HikariCP-5.1.0.jar;C:\Users\Ubed\.m2\repository\org\springframework\spring-jdbc\6.2.1\spring-jdbc-6.2.1.jar;C:\Users\Ubed\.m2\repository\org\hibernate\orm\hibernate-core\6.6.4.Final\hibernate-core-6.6.4.Final.jar;C:\Users\Ubed\.m2\repository\jakarta\persistence\jakarta.persistence-api\3.1.0\jakarta.persistence-api-3.1.0.jar;C:\Users\Ubed\.m2\repository\jakarta\transaction\jakarta.transaction-api\2.0.1\jakarta.transaction-api-2.0.1.jar;C:\Users\Ubed\.m2\repository\org\jboss\logging\jboss-logging\3.6.1.Final\jboss-logging-3.6.1.Final.jar;C:\Users\Ubed\.m2\repository\org\hibernate\common\hibernate-commons-annotations\7.0.3.Final\hibernate-commons-annotations-7.0.3.Final.jar;C:\Users\Ubed\.m2\repository\io\smallrye\jandex\3.2.0\jandex-3.2.0.jar;C:\Users\Ubed\.m2\repository\com\fasterxml\classmate\1.7.0\classmate-1.7.0.jar;C:\Users\Ubed\.m2\repository\net\bytebuddy\byte-buddy\1.15.11\byte-buddy-1.15.11.jar;C:\Users\Ubed\.m2\repository\org\glassfish\jaxb\jaxb-runtime\4.0.5\jaxb-runtime-4.0.5.jar;C:\Users\Ubed\.m2\repository\org\glassfish\jaxb\jaxb-core\4.0.5\jaxb-core-4.0.5.jar;C:\Users\Ubed\.m2\repository\org\eclipse\angus\angus-activation\2.0.2\angus-activation-2.0.2.jar;C:\Users\Ubed\.m2\repository\org\glassfish\jaxb\txw2\4.0.5\txw2-4.0.5.jar;C:\Users\Ubed\.m2\repository\com\sun\istack\istack-commons-runtime\4.1.2\istack-commons-runtime-4.1.2.jar;C:\Users\Ubed\.m2\repository\jakarta\inject\jakarta.inject-api\2.0.1\jakarta.inject-api-2.0.1.jar;C:\Users\Ubed\.m2\repository\org\antlr\antlr4-runtime\4.13.0\antlr4-runtime-4.13.0.jar;C:\Users\Ubed\.m2\repository\org\springframework\data\spring-data-jpa\3.4.1\spring-data-jpa-3.4.1.jar;C:\Users\Ubed\.m2\repository\org\springframework\data\spring-data-commons\3.4.1\spring-data-commons-3.4.1.jar;C:\Users\Ubed\.m2\repository\org\springframework\spring-orm\6.2.1\spring-orm-6.2.1.jar;C:\Users\Ubed\.m2\repository\org\springframework\spring-context\6.2.1\spring-context-6.2.1.jar;C:\Users\Ubed\.m2\repository\org\springframework\spring-aop\6.2.1\spring-aop-6.2.1.jar;C:\Users\Ubed\.m2\repository\org\springframework\spring-tx\6.2.1\spring-tx-6.2.1.jar;C:\Users\Ubed\.m2\repository\org\springframework\spring-beans\6.2.1\spring-beans-6.2.1.jar;C:\Users\Ubed\.m2\repository\org\slf4j\slf4j-api\2.0.16\slf4j-api-2.0.16.jar;C:\Users\Ubed\.m2\repository\org\springframework\spring-aspects\6.2.1\spring-aspects-6.2.1.jar;C:\Users\Ubed\.m2\repository\org\aspectj\aspectjweaver\1.9.22.1\aspectjweaver-1.9.22.1.jar;C:\Users\Ubed\.m2\repository\org\springframework\boot\spring-boot-starter-web\3.4.1\spring-boot-starter-web-3.4.1.jar;C:\Users\Ubed\.m2\repository\org\springframework\boot\spring-boot-starter-json\3.4.1\spring-boot-starter-json-3.4.1.jar;C:\Users\Ubed\.m2\repository\com\fasterxml\jackson\core\jackson-databind\2.18.2\jackson-databind-2.18.2.jar;C:\Users\Ubed\.m2\repository\com\fasterxml\jackson\core\jackson-annotations\2.18.2\jackson-annotations-2.18.2.jar;C:\Users\Ubed\.m2\repository\com\fasterxml\jackson\core\jackson-core\2.18.2\jackson-core-2.18.2.jar;C:\Users\Ubed\.m2\repository\com\fasterxml\jackson\datatype\jackson-datatype-jdk8\2.18.2\jackson-datatype-jdk8-2.18.2.jar;C:\Users\Ubed\.m2\repository\com\fasterxml\jackson\datatype\jackson-datatype-jsr310\2.18.2\jackson-datatype-jsr310-2.18.2.jar;C:\Users\Ubed\.m2\repository\com\fasterxml\jackson\module\jackson-module-parameter-names\2.18.2\jackson-module-parameter-names-2.18.2.jar;C:\Users\Ubed\.m2\repository\org\springframework\boot\spring-boot-starter-tomcat\3.4.1\spring-boot-starter-tomcat-3.4.1.jar;C:\Users\Ubed\.m2\repository\org\apache\tomcat\embed\tomcat-embed-core\10.1.34\tomcat-embed-core-10.1.34.jar;C:\Users\Ubed\.m2\repository\org\apache\tomcat\embed\tomcat-embed-el\10.1.34\tomcat-embed-el-10.1.34.jar;C:\Users\Ubed\.m2\repository\org\apache\tomcat\embed\tomcat-embed-websocket\10.1.34\tomcat-embed-websocket-10.1.34.jar;C:\Users\Ubed\.m2\repository\org\springframework\spring-web\6.2.1\spring-web-6.2.1.jar;C:\Users\Ubed\.m2\repository\io\micrometer\micrometer-observation\1.14.2\micrometer-observation-1.14.2.jar;C:\Users\Ubed\.m2\repository\io\micrometer\micrometer-commons\1.14.2\micrometer-commons-1.14.2.jar;C:\Users\Ubed\.m2\repository\org\springframework\spring-webmvc\6.2.1\spring-webmvc-6.2.1.jar;C:\Users\Ubed\.m2\repository\org\springframework\spring-expression\6.2.1\spring-expression-6.2.1.jar;C:\Users\Ubed\.m2\repository\jakarta\validation\jakarta.validation-api\3.0.2\jakarta.validation-api-3.0.2.jar;C:\Users\Ubed\.m2\repository\org\postgresql\postgresql\42.7.4\postgresql-42.7.4.jar;C:\Users\Ubed\.m2\repository\org\checkerframework\checker-qual\3.42.0\checker-qual-3.42.0.jar;C:\Users\Ubed\.m2\repository\org\projectlombok\lombok\1.18.36\lombok-1.18.36.jar;C:\Users\Ubed\.m2\repository\jakarta\xml\bind\jakarta.xml.bind-api\4.0.2\jakarta.xml.bind-api-4.0.2.jar;C:\Users\Ubed\.m2\repository\jakarta\activation\jakarta.activation-api\2.1.3\jakarta.activation-api-2.1.3.jar;C:\Users\Ubed\.m2\repository\org\springframework\spring-core\6.2.1\spring-core-6.2.1.jar;C:\Users\Ubed\.m2\repository\org\springframework\spring-jcl\6.2.1\spring-jcl-6.2.1.jar
Launcher Type: SUN_STANDARD

[Global flags]
     intx CICompilerCount                          = 3                                         {product} {ergonomic}
     uint ConcGCThreads                            = 1                                         {product} {ergonomic}
     uint G1ConcRefinementThreads                  = 4                                         {product} {ergonomic}
   size_t G1HeapRegionSize                         = 1048576                                   {product} {ergonomic}
   size_t InitialHeapSize                          = 134217728                                 {product} {ergonomic}
   size_t MarkStackSize                            = 4194304                                   {product} {ergonomic}
   size_t MaxHeapSize                              = 2118123520                                {product} {ergonomic}
   size_t MaxNewSize                               = 1270874112                                {product} {ergonomic}
   size_t MinHeapDeltaBytes                        = 1048576                                   {product} {ergonomic}
   size_t MinHeapSize                              = 8388608                                   {product} {ergonomic}
    uintx NonNMethodCodeHeapSize                   = 5832780                                {pd product} {ergonomic}
    uintx NonProfiledCodeHeapSize                  = 122912730                              {pd product} {ergonomic}
    uintx ProfiledCodeHeapSize                     = 122912730                              {pd product} {ergonomic}
    uintx ReservedCodeCacheSize                    = 251658240                              {pd product} {ergonomic}
     bool SegmentedCodeCache                       = true                                      {product} {ergonomic}
   size_t SoftMaxHeapSize                          = 2118123520                             {manageable} {ergonomic}
     bool UseCompressedOops                        = true                           {product lp64_product} {ergonomic}
     bool UseG1GC                                  = true                                      {product} {ergonomic}
     bool UseLargePagesIndividualAllocation        = false                                  {pd product} {ergonomic}

Logging:
Log output configuration:
 #0: stdout all=warning uptime,level,tags foldmultilines=false
 #1: stderr all=off uptime,level,tags foldmultilines=false

Environment Variables:
JAVA_HOME=C:\Program Files\Java\jdk-17
PATH=C:\Users\Ubed\AppData\Local\Programs\Python\Python312\Scripts\;C:\Users\Ubed\AppData\Local\Programs\Python\Python312\;C:\Program Files\Java\jdk-17\bin;C:\Program Files\Common Files\Oracle\Java\javapath;C:\ProgramData\Oracle\Java\javapath;C:\Windows\system32;C:\Windows;C:\Windows\System32\Wbem;C:\Windows\System32\WindowsPowerShell\v1.0\;C:\Windows\System32\OpenSSH\;C:\MinGW\bin;C:\MinGW\bin;C:\Program Files\MySQL\MySQL Server 9.0\bin;C:\ProgramData\chocolatey\bin;C:\Program Files\nodejs;C:\Users\Ubed\AppData\Roaming\npm;C:\Program Files\Git\cmd;C:\Users\Ubed\AppData\Local\Programs\Microsoft VS Code\bin;C:\Program Files\MongoDB\Server\7.0\bin;C:\Program Files\php-8.2.24;C:\maven\bin;C:\Program Files\Docker\Docker\resources\bin;C:\Users\Ubed\AppData\Local\Programs\Python\Launcher\;C:\Users\Ubed\AppData\Local\Programs\Microsoft VS Code\bin;C:\Program Files\Java\jdk-17\bin;C:\Users\Ubed\AppData\Roaming\npm;C:\Program Files\JetBrains\IntelliJ IDEA Community Edition 2024.2.3\bin;;
USERNAME=Ubed
OS=Windows_NT
PROCESSOR_IDENTIFIER=Intel64 Family 6 Model 42 Stepping 7, GenuineIntel
TMP=C:\Users\Ubed\AppData\Local\Temp
TEMP=C:\Users\Ubed\AppData\Local\Temp




Periodic native trim disabled

---------------  S Y S T E M  ---------------

OS:
 Windows 10 , 64 bit Build 19041 (10.0.19041.5198)
OS uptime: 0 days 1:15 hours
Hyper-V role detected

CPU: total 4 (initial active 4) (2 cores per cpu, 2 threads per core) family 6 model 42 stepping 7 microcode 0x2f, cx8, cmov, fxsr, ht, mmx, sse, sse2, sse3, ssse3, sse4.1, sse4.2, popcnt, tsc, tscinvbit, avx, clmul, vzeroupper, clflush, hv, rdtscp
Processor Information for all 4 processors :
  Max Mhz: 2200, Current Mhz: 800, Mhz Limit: 2090

Memory: 4k page, system-wide physical 8073M (408M free)
TotalPageFile size 10121M (AvailPageFile size 54M)
current process WorkingSet (physical memory assigned to process): 201M, peak: 204M
current process commit charge ("private bytes"): 230M, peak: 266M

vm_info: Java HotSpot(TM) 64-Bit Server VM (22.0.2+9-70) for windows-amd64 JRE (22.0.2+9-70), built on 2024-06-04T16:52:23Z by "mach5one" with MS VC++ 17.6 (VS2022)

END.
