#
# There is insufficient memory for the Java Runtime Environment to continue.
# Native memory allocation (malloc) failed to allocate 32744 bytes. Error detail: Chunk::new
# Possible reasons:
#   The system is out of physical RAM or swap space
#   This process is running with CompressedOops enabled, and the Java Heap may be blocking the growth of the native heap
# Possible solutions:
#   Reduce memory load on the system
#   Increase physical memory or swap space
#   Check if swap backing store is full
#   Decrease Java heap size (-Xmx/-Xms)
#   Decrease number of Java threads
#   Decrease Java thread stack sizes (-Xss)
#   Set larger code cache with -XX:ReservedCodeCacheSize=
#   JVM is running with Unscaled Compressed Oops mode in which the Java heap is
#     placed in the first 4GB address space. The Java Heap base address is the
#     maximum limit for the native heap growth. Please use -XX:HeapBaseMinAddress
#     to set the Java Heap base and to place the Java Heap above 4GB virtual address.
# This output file may be truncated or incomplete.
#
#  Out of Memory Error (arena.cpp:150), pid=9848, tid=3724
#
# JRE version: Java(TM) SE Runtime Environment (22.0.2+9) (build 22.0.2+9-70)
# Java VM: Java HotSpot(TM) 64-Bit Server VM (22.0.2+9-70, mixed mode, sharing, tiered, compressed oops, compressed class ptrs, g1 gc, windows-amd64)
# No core dump will be written. Minidumps are not enabled by default on client versions of Windows
#

---------------  S U M M A R Y ------------

Command Line: -javaagent:C:\Program Files\JetBrains\IntelliJ IDEA Community Edition 2024.2.3\lib\idea_rt.jar=54581:C:\Program Files\JetBrains\IntelliJ IDEA Community Edition 2024.2.3\bin -Dfile.encoding=UTF-8 -Dsun.stdout.encoding=UTF-8 -Dsun.stderr.encoding=UTF-8 com.ubedpathan.Nexora.NexoraApplication

Host: Intel(R) Core(TM) i3-2328M CPU @ 2.20GHz, 4 cores, 7G,  Windows 10 , 64 bit Build 19041 (10.0.19041.5198)
Time: Sun Jan 19 15:45:35 2025 India Standard Time elapsed time: 1.411194 seconds (0d 0h 0m 1s)

---------------  T H R E A D  ---------------

Current thread (0x00000188456ffa50):  JavaThread "C2 CompilerThread1" daemon [_thread_in_native, id=3724, stack(0x0000000f7ed00000,0x0000000f7ee00000) (1024K)]


Current CompileTask:
C2:1411  745       4       java.io.DataInputStream::readUTF (501 bytes)

Stack: [0x0000000f7ed00000,0x0000000f7ee00000]
Native frames: (J=compiled Java code, j=interpreted, Vv=VM code, C=native code)
V  [jvm.dll+0x6e26e9]  (no source info available)
V  [jvm.dll+0x875753]  (no source info available)
V  [jvm.dll+0x877b7e]  (no source info available)
V  [jvm.dll+0x878253]  (no source info available)
V  [jvm.dll+0x27fc86]  (no source info available)
V  [jvm.dll+0xc3d0f]  (no source info available)
V  [jvm.dll+0xc3f6b]  (no source info available)
V  [jvm.dll+0xa66c7]  (no source info available)
V  [jvm.dll+0x66c6ed]  (no source info available)
V  [jvm.dll+0x67209d]  (no source info available)
V  [jvm.dll+0x673019]  (no source info available)
V  [jvm.dll+0x671355]  (no source info available)
V  [jvm.dll+0x247677]  (no source info available)
V  [jvm.dll+0x246e9f]  (no source info available)
V  [jvm.dll+0x1c4e80]  (no source info available)
V  [jvm.dll+0x2568f3]  (no source info available)
V  [jvm.dll+0x254baa]  (no source info available)
V  [jvm.dll+0x3f57a6]  (no source info available)
V  [jvm.dll+0x81dc0b]  (no source info available)
V  [jvm.dll+0x6e0d85]  (no source info available)
C  [ucrtbase.dll+0x21bb2]  (no source info available)
C  [KERNEL32.DLL+0x17374]  (no source info available)
C  [ntdll.dll+0x4cc91]  (no source info available)


---------------  P R O C E S S  ---------------

Threads class SMR info:
_java_thread_list=0x0000018845778060, length=13, elements={
0x0000018854dbc1c0, 0x0000018872fd4c20, 0x0000018872fd6a50, 0x0000018872fdbef0,
0x0000018872fde960, 0x0000018872fdfb60, 0x0000018872fe4260, 0x0000018872fe77a0,
0x0000018872feca20, 0x00000188451eae60, 0x00000188451e8700, 0x00000188451e8d90,
0x00000188456ffa50
}

Java Threads: ( => current thread )
  0x0000018854dbc1c0 JavaThread "main"                              [_thread_in_vm, id=12132, stack(0x0000000f7da00000,0x0000000f7db00000) (1024K)]
  0x0000018872fd4c20 JavaThread "Reference Handler"          daemon [_thread_blocked, id=11912, stack(0x0000000f7e200000,0x0000000f7e300000) (1024K)]
  0x0000018872fd6a50 JavaThread "Finalizer"                  daemon [_thread_blocked, id=5880, stack(0x0000000f7e300000,0x0000000f7e400000) (1024K)]
  0x0000018872fdbef0 JavaThread "Signal Dispatcher"          daemon [_thread_blocked, id=9920, stack(0x0000000f7e400000,0x0000000f7e500000) (1024K)]
  0x0000018872fde960 JavaThread "Attach Listener"            daemon [_thread_blocked, id=9664, stack(0x0000000f7e500000,0x0000000f7e600000) (1024K)]
  0x0000018872fdfb60 JavaThread "Service Thread"             daemon [_thread_blocked, id=12088, stack(0x0000000f7e600000,0x0000000f7e700000) (1024K)]
  0x0000018872fe4260 JavaThread "Monitor Deflation Thread"   daemon [_thread_blocked, id=924, stack(0x0000000f7e700000,0x0000000f7e800000) (1024K)]
  0x0000018872fe77a0 JavaThread "C2 CompilerThread0"         daemon [_thread_in_native, id=8740, stack(0x0000000f7e800000,0x0000000f7e900000) (1024K)]
  0x0000018872feca20 JavaThread "C1 CompilerThread0"         daemon [_thread_blocked, id=1092, stack(0x0000000f7e900000,0x0000000f7ea00000) (1024K)]
  0x00000188451eae60 JavaThread "Common-Cleaner"             daemon [_thread_blocked, id=10708, stack(0x0000000f7ea00000,0x0000000f7eb00000) (1024K)]
  0x00000188451e8700 JavaThread "Monitor Ctrl-Break"         daemon [_thread_in_native, id=10760, stack(0x0000000f7eb00000,0x0000000f7ec00000) (1024K)]
  0x00000188451e8d90 JavaThread "Notification Thread"        daemon [_thread_blocked, id=6868, stack(0x0000000f7ec00000,0x0000000f7ed00000) (1024K)]
=>0x00000188456ffa50 JavaThread "C2 CompilerThread1"         daemon [_thread_in_native, id=3724, stack(0x0000000f7ed00000,0x0000000f7ee00000) (1024K)]
Total: 13

Other Threads:
  0x0000018872fb7ab0 VMThread "VM Thread"                           [id=8652, stack(0x0000000f7e100000,0x0000000f7e200000) (1024K)] _threads_hazard_ptr=0x0000018845778060
  0x0000018872fa00a0 WatcherThread "VM Periodic Task Thread"        [id=10748, stack(0x0000000f7e000000,0x0000000f7e100000) (1024K)]
  0x0000018857075500 WorkerThread "GC Thread#0"                     [id=1156, stack(0x0000000f7db00000,0x0000000f7dc00000) (1024K)]
  0x0000018857086320 ConcurrentGCThread "G1 Main Marker"            [id=5168, stack(0x0000000f7dc00000,0x0000000f7dd00000) (1024K)]
  0x00000188570875d0 WorkerThread "G1 Conc#0"                       [id=5548, stack(0x0000000f7dd00000,0x0000000f7de00000) (1024K)]
  0x0000018872e654f0 ConcurrentGCThread "G1 Refine#0"               [id=6604, stack(0x0000000f7de00000,0x0000000f7df00000) (1024K)]
  0x0000018872e65c80 ConcurrentGCThread "G1 Service"                [id=11192, stack(0x0000000f7df00000,0x0000000f7e000000) (1024K)]
Total: 7

Threads with active compile tasks:
C2 CompilerThread0  2623  748       4       java.io.DataInputStream::readFully (59 bytes)
C2 CompilerThread1  2623  745       4       java.io.DataInputStream::readUTF (501 bytes)
Total: 2

VM state: synchronizing (normal execution)

VM Mutex/Monitor currently owned by a thread:  ([mutex/lock_event])
[0x00007ffe87f9ab00] Metaspace_lock - owner thread: 0x0000018854dbc1c0
[0x00007ffe87f9cb80] Threads_lock - owner thread: 0x0000018872fb7ab0

Heap address: 0x0000000081c00000, size: 2020 MB, Compressed Oops mode: 32-bit

CDS archive(s) mapped at: [0x0000018800000000-0x0000018800c60000-0x0000018800c60000), size 12976128, SharedBaseAddress: 0x0000018800000000, ArchiveRelocationMode: 1.
Compressed class space mapped at: 0x0000018801000000-0x0000018841000000, reserved size: 1073741824
Narrow klass base: 0x0000018800000000, Narrow klass shift: 0, Narrow klass range: 0x41000000

GC Precious Log:
 CardTable entry size: 512
 Card Set container configuration: InlinePtr #cards 5 size 8 Array Of Cards #cards 12 size 40 Howl #buckets 4 coarsen threshold 1843 Howl Bitmap #cards 512 size 80 coarsen threshold 460 Card regions per heap region 1 cards per card region 2048
 CPUs: 4 total, 4 available
 Memory: 8073M
 Large Page Support: Disabled
 NUMA Support: Disabled
 Compressed Oops: Enabled (32-bit)
 Heap Region Size: 1M
 Heap Min Capacity: 8M
 Heap Initial Capacity: 128M
 Heap Max Capacity: 2020M
 Pre-touch: Disabled
 Parallel Workers: 4
 Concurrent Workers: 1
 Concurrent Refinement Workers: 4
 Periodic GC: Disabled

Heap:
 garbage-first heap   total reserved 2068480K, committed 131072K, used 12288K [0x0000000081c00000, 0x0000000100000000)
  region size 1024K, 12 young (12288K), 0 survivors (0K)
 Metaspace       used 2830K, committed 3008K, reserved 1114112K
  class space    used 272K, committed 384K, reserved 1048576K

Heap Regions: E=young(eden), S=young(survivor), O=old, HS=humongous(starts), HC=humongous(continues), CS=collection set, F=free, TAMS=top-at-mark-start, PB=parsable bottom
|   0|0x0000000081c00000, 0x0000000081d00000, 0x0000000081d00000|100%|HS|  |TAMS 0x0000000081c00000| PB 0x0000000081c00000| Complete |  0
|   1|0x0000000081d00000, 0x0000000081e00000, 0x0000000081e00000|100%|HS|  |TAMS 0x0000000081d00000| PB 0x0000000081d00000| Complete |  0
|   2|0x0000000081e00000, 0x0000000081e00000, 0x0000000081f00000|  0%| F|  |TAMS 0x0000000081e00000| PB 0x0000000081e00000| Untracked |  0
|   3|0x0000000081f00000, 0x0000000081f00000, 0x0000000082000000|  0%| F|  |TAMS 0x0000000081f00000| PB 0x0000000081f00000| Untracked |  0
|   4|0x0000000082000000, 0x0000000082000000, 0x0000000082100000|  0%| F|  |TAMS 0x0000000082000000| PB 0x0000000082000000| Untracked |  0
|   5|0x0000000082100000, 0x0000000082100000, 0x0000000082200000|  0%| F|  |TAMS 0x0000000082100000| PB 0x0000000082100000| Untracked |  0
|   6|0x0000000082200000, 0x0000000082200000, 0x0000000082300000|  0%| F|  |TAMS 0x0000000082200000| PB 0x0000000082200000| Untracked |  0
|   7|0x0000000082300000, 0x0000000082300000, 0x0000000082400000|  0%| F|  |TAMS 0x0000000082300000| PB 0x0000000082300000| Untracked |  0
|   8|0x0000000082400000, 0x0000000082400000, 0x0000000082500000|  0%| F|  |TAMS 0x0000000082400000| PB 0x0000000082400000| Untracked |  0
|   9|0x0000000082500000, 0x0000000082500000, 0x0000000082600000|  0%| F|  |TAMS 0x0000000082500000| PB 0x0000000082500000| Untracked |  0
|  10|0x0000000082600000, 0x0000000082600000, 0x0000000082700000|  0%| F|  |TAMS 0x0000000082600000| PB 0x0000000082600000| Untracked |  0
|  11|0x0000000082700000, 0x0000000082700000, 0x0000000082800000|  0%| F|  |TAMS 0x0000000082700000| PB 0x0000000082700000| Untracked |  0
|  12|0x0000000082800000, 0x0000000082800000, 0x0000000082900000|  0%| F|  |TAMS 0x0000000082800000| PB 0x0000000082800000| Untracked |  0
|  13|0x0000000082900000, 0x0000000082900000, 0x0000000082a00000|  0%| F|  |TAMS 0x0000000082900000| PB 0x0000000082900000| Untracked |  0
|  14|0x0000000082a00000, 0x0000000082a00000, 0x0000000082b00000|  0%| F|  |TAMS 0x0000000082a00000| PB 0x0000000082a00000| Untracked |  0
|  15|0x0000000082b00000, 0x0000000082b00000, 0x0000000082c00000|  0%| F|  |TAMS 0x0000000082b00000| PB 0x0000000082b00000| Untracked |  0
|  16|0x0000000082c00000, 0x0000000082c00000, 0x0000000082d00000|  0%| F|  |TAMS 0x0000000082c00000| PB 0x0000000082c00000| Untracked |  0
|  17|0x0000000082d00000, 0x0000000082d00000, 0x0000000082e00000|  0%| F|  |TAMS 0x0000000082d00000| PB 0x0000000082d00000| Untracked |  0
|  18|0x0000000082e00000, 0x0000000082e00000, 0x0000000082f00000|  0%| F|  |TAMS 0x0000000082e00000| PB 0x0000000082e00000| Untracked |  0
|  19|0x0000000082f00000, 0x0000000082f00000, 0x0000000083000000|  0%| F|  |TAMS 0x0000000082f00000| PB 0x0000000082f00000| Untracked |  0
|  20|0x0000000083000000, 0x0000000083000000, 0x0000000083100000|  0%| F|  |TAMS 0x0000000083000000| PB 0x0000000083000000| Untracked |  0
|  21|0x0000000083100000, 0x0000000083100000, 0x0000000083200000|  0%| F|  |TAMS 0x0000000083100000| PB 0x0000000083100000| Untracked |  0
|  22|0x0000000083200000, 0x0000000083200000, 0x0000000083300000|  0%| F|  |TAMS 0x0000000083200000| PB 0x0000000083200000| Untracked |  0
|  23|0x0000000083300000, 0x0000000083300000, 0x0000000083400000|  0%| F|  |TAMS 0x0000000083300000| PB 0x0000000083300000| Untracked |  0
|  24|0x0000000083400000, 0x0000000083400000, 0x0000000083500000|  0%| F|  |TAMS 0x0000000083400000| PB 0x0000000083400000| Untracked |  0
|  25|0x0000000083500000, 0x0000000083500000, 0x0000000083600000|  0%| F|  |TAMS 0x0000000083500000| PB 0x0000000083500000| Untracked |  0
|  26|0x0000000083600000, 0x0000000083600000, 0x0000000083700000|  0%| F|  |TAMS 0x0000000083600000| PB 0x0000000083600000| Untracked |  0
|  27|0x0000000083700000, 0x0000000083700000, 0x0000000083800000|  0%| F|  |TAMS 0x0000000083700000| PB 0x0000000083700000| Untracked |  0
|  28|0x0000000083800000, 0x0000000083800000, 0x0000000083900000|  0%| F|  |TAMS 0x0000000083800000| PB 0x0000000083800000| Untracked |  0
|  29|0x0000000083900000, 0x0000000083900000, 0x0000000083a00000|  0%| F|  |TAMS 0x0000000083900000| PB 0x0000000083900000| Untracked |  0
|  30|0x0000000083a00000, 0x0000000083a00000, 0x0000000083b00000|  0%| F|  |TAMS 0x0000000083a00000| PB 0x0000000083a00000| Untracked |  0
|  31|0x0000000083b00000, 0x0000000083b00000, 0x0000000083c00000|  0%| F|  |TAMS 0x0000000083b00000| PB 0x0000000083b00000| Untracked |  0
|  32|0x0000000083c00000, 0x0000000083c00000, 0x0000000083d00000|  0%| F|  |TAMS 0x0000000083c00000| PB 0x0000000083c00000| Untracked |  0
|  33|0x0000000083d00000, 0x0000000083d00000, 0x0000000083e00000|  0%| F|  |TAMS 0x0000000083d00000| PB 0x0000000083d00000| Untracked |  0
|  34|0x0000000083e00000, 0x0000000083e00000, 0x0000000083f00000|  0%| F|  |TAMS 0x0000000083e00000| PB 0x0000000083e00000| Untracked |  0
|  35|0x0000000083f00000, 0x0000000083f00000, 0x0000000084000000|  0%| F|  |TAMS 0x0000000083f00000| PB 0x0000000083f00000| Untracked |  0
|  36|0x0000000084000000, 0x0000000084000000, 0x0000000084100000|  0%| F|  |TAMS 0x0000000084000000| PB 0x0000000084000000| Untracked |  0
|  37|0x0000000084100000, 0x0000000084100000, 0x0000000084200000|  0%| F|  |TAMS 0x0000000084100000| PB 0x0000000084100000| Untracked |  0
|  38|0x0000000084200000, 0x0000000084200000, 0x0000000084300000|  0%| F|  |TAMS 0x0000000084200000| PB 0x0000000084200000| Untracked |  0
|  39|0x0000000084300000, 0x0000000084300000, 0x0000000084400000|  0%| F|  |TAMS 0x0000000084300000| PB 0x0000000084300000| Untracked |  0
|  40|0x0000000084400000, 0x0000000084400000, 0x0000000084500000|  0%| F|  |TAMS 0x0000000084400000| PB 0x0000000084400000| Untracked |  0
|  41|0x0000000084500000, 0x0000000084500000, 0x0000000084600000|  0%| F|  |TAMS 0x0000000084500000| PB 0x0000000084500000| Untracked |  0
|  42|0x0000000084600000, 0x0000000084600000, 0x0000000084700000|  0%| F|  |TAMS 0x0000000084600000| PB 0x0000000084600000| Untracked |  0
|  43|0x0000000084700000, 0x0000000084700000, 0x0000000084800000|  0%| F|  |TAMS 0x0000000084700000| PB 0x0000000084700000| Untracked |  0
|  44|0x0000000084800000, 0x0000000084800000, 0x0000000084900000|  0%| F|  |TAMS 0x0000000084800000| PB 0x0000000084800000| Untracked |  0
|  45|0x0000000084900000, 0x0000000084900000, 0x0000000084a00000|  0%| F|  |TAMS 0x0000000084900000| PB 0x0000000084900000| Untracked |  0
|  46|0x0000000084a00000, 0x0000000084a00000, 0x0000000084b00000|  0%| F|  |TAMS 0x0000000084a00000| PB 0x0000000084a00000| Untracked |  0
|  47|0x0000000084b00000, 0x0000000084b00000, 0x0000000084c00000|  0%| F|  |TAMS 0x0000000084b00000| PB 0x0000000084b00000| Untracked |  0
|  48|0x0000000084c00000, 0x0000000084c00000, 0x0000000084d00000|  0%| F|  |TAMS 0x0000000084c00000| PB 0x0000000084c00000| Untracked |  0
|  49|0x0000000084d00000, 0x0000000084d00000, 0x0000000084e00000|  0%| F|  |TAMS 0x0000000084d00000| PB 0x0000000084d00000| Untracked |  0
|  50|0x0000000084e00000, 0x0000000084e00000, 0x0000000084f00000|  0%| F|  |TAMS 0x0000000084e00000| PB 0x0000000084e00000| Untracked |  0
|  51|0x0000000084f00000, 0x0000000084f00000, 0x0000000085000000|  0%| F|  |TAMS 0x0000000084f00000| PB 0x0000000084f00000| Untracked |  0
|  52|0x0000000085000000, 0x0000000085000000, 0x0000000085100000|  0%| F|  |TAMS 0x0000000085000000| PB 0x0000000085000000| Untracked |  0
|  53|0x0000000085100000, 0x0000000085100000, 0x0000000085200000|  0%| F|  |TAMS 0x0000000085100000| PB 0x0000000085100000| Untracked |  0
|  54|0x0000000085200000, 0x0000000085200000, 0x0000000085300000|  0%| F|  |TAMS 0x0000000085200000| PB 0x0000000085200000| Untracked |  0
|  55|0x0000000085300000, 0x0000000085300000, 0x0000000085400000|  0%| F|  |TAMS 0x0000000085300000| PB 0x0000000085300000| Untracked |  0
|  56|0x0000000085400000, 0x0000000085400000, 0x0000000085500000|  0%| F|  |TAMS 0x0000000085400000| PB 0x0000000085400000| Untracked |  0
|  57|0x0000000085500000, 0x0000000085500000, 0x0000000085600000|  0%| F|  |TAMS 0x0000000085500000| PB 0x0000000085500000| Untracked |  0
|  58|0x0000000085600000, 0x0000000085600000, 0x0000000085700000|  0%| F|  |TAMS 0x0000000085600000| PB 0x0000000085600000| Untracked |  0
|  59|0x0000000085700000, 0x0000000085700000, 0x0000000085800000|  0%| F|  |TAMS 0x0000000085700000| PB 0x0000000085700000| Untracked |  0
|  60|0x0000000085800000, 0x0000000085800000, 0x0000000085900000|  0%| F|  |TAMS 0x0000000085800000| PB 0x0000000085800000| Untracked |  0
|  61|0x0000000085900000, 0x0000000085900000, 0x0000000085a00000|  0%| F|  |TAMS 0x0000000085900000| PB 0x0000000085900000| Untracked |  0
|  62|0x0000000085a00000, 0x0000000085a00000, 0x0000000085b00000|  0%| F|  |TAMS 0x0000000085a00000| PB 0x0000000085a00000| Untracked |  0
|  63|0x0000000085b00000, 0x0000000085b00000, 0x0000000085c00000|  0%| F|  |TAMS 0x0000000085b00000| PB 0x0000000085b00000| Untracked |  0
|  64|0x0000000085c00000, 0x0000000085c00000, 0x0000000085d00000|  0%| F|  |TAMS 0x0000000085c00000| PB 0x0000000085c00000| Untracked |  0
|  65|0x0000000085d00000, 0x0000000085d00000, 0x0000000085e00000|  0%| F|  |TAMS 0x0000000085d00000| PB 0x0000000085d00000| Untracked |  0
|  66|0x0000000085e00000, 0x0000000085e00000, 0x0000000085f00000|  0%| F|  |TAMS 0x0000000085e00000| PB 0x0000000085e00000| Untracked |  0
|  67|0x0000000085f00000, 0x0000000085f00000, 0x0000000086000000|  0%| F|  |TAMS 0x0000000085f00000| PB 0x0000000085f00000| Untracked |  0
|  68|0x0000000086000000, 0x0000000086000000, 0x0000000086100000|  0%| F|  |TAMS 0x0000000086000000| PB 0x0000000086000000| Untracked |  0
|  69|0x0000000086100000, 0x0000000086100000, 0x0000000086200000|  0%| F|  |TAMS 0x0000000086100000| PB 0x0000000086100000| Untracked |  0
|  70|0x0000000086200000, 0x0000000086200000, 0x0000000086300000|  0%| F|  |TAMS 0x0000000086200000| PB 0x0000000086200000| Untracked |  0
|  71|0x0000000086300000, 0x0000000086300000, 0x0000000086400000|  0%| F|  |TAMS 0x0000000086300000| PB 0x0000000086300000| Untracked |  0
|  72|0x0000000086400000, 0x0000000086400000, 0x0000000086500000|  0%| F|  |TAMS 0x0000000086400000| PB 0x0000000086400000| Untracked |  0
|  73|0x0000000086500000, 0x0000000086500000, 0x0000000086600000|  0%| F|  |TAMS 0x0000000086500000| PB 0x0000000086500000| Untracked |  0
|  74|0x0000000086600000, 0x0000000086600000, 0x0000000086700000|  0%| F|  |TAMS 0x0000000086600000| PB 0x0000000086600000| Untracked |  0
|  75|0x0000000086700000, 0x0000000086700000, 0x0000000086800000|  0%| F|  |TAMS 0x0000000086700000| PB 0x0000000086700000| Untracked |  0
|  76|0x0000000086800000, 0x0000000086800000, 0x0000000086900000|  0%| F|  |TAMS 0x0000000086800000| PB 0x0000000086800000| Untracked |  0
|  77|0x0000000086900000, 0x0000000086900000, 0x0000000086a00000|  0%| F|  |TAMS 0x0000000086900000| PB 0x0000000086900000| Untracked |  0
|  78|0x0000000086a00000, 0x0000000086a00000, 0x0000000086b00000|  0%| F|  |TAMS 0x0000000086a00000| PB 0x0000000086a00000| Untracked |  0
|  79|0x0000000086b00000, 0x0000000086b00000, 0x0000000086c00000|  0%| F|  |TAMS 0x0000000086b00000| PB 0x0000000086b00000| Untracked |  0
|  80|0x0000000086c00000, 0x0000000086c00000, 0x0000000086d00000|  0%| F|  |TAMS 0x0000000086c00000| PB 0x0000000086c00000| Untracked |  0
|  81|0x0000000086d00000, 0x0000000086d00000, 0x0000000086e00000|  0%| F|  |TAMS 0x0000000086d00000| PB 0x0000000086d00000| Untracked |  0
|  82|0x0000000086e00000, 0x0000000086e00000, 0x0000000086f00000|  0%| F|  |TAMS 0x0000000086e00000| PB 0x0000000086e00000| Untracked |  0
|  83|0x0000000086f00000, 0x0000000086f00000, 0x0000000087000000|  0%| F|  |TAMS 0x0000000086f00000| PB 0x0000000086f00000| Untracked |  0
|  84|0x0000000087000000, 0x0000000087000000, 0x0000000087100000|  0%| F|  |TAMS 0x0000000087000000| PB 0x0000000087000000| Untracked |  0
|  85|0x0000000087100000, 0x0000000087100000, 0x0000000087200000|  0%| F|  |TAMS 0x0000000087100000| PB 0x0000000087100000| Untracked |  0
|  86|0x0000000087200000, 0x0000000087200000, 0x0000000087300000|  0%| F|  |TAMS 0x0000000087200000| PB 0x0000000087200000| Untracked |  0
|  87|0x0000000087300000, 0x0000000087300000, 0x0000000087400000|  0%| F|  |TAMS 0x0000000087300000| PB 0x0000000087300000| Untracked |  0
|  88|0x0000000087400000, 0x0000000087400000, 0x0000000087500000|  0%| F|  |TAMS 0x0000000087400000| PB 0x0000000087400000| Untracked |  0
|  89|0x0000000087500000, 0x0000000087500000, 0x0000000087600000|  0%| F|  |TAMS 0x0000000087500000| PB 0x0000000087500000| Untracked |  0
|  90|0x0000000087600000, 0x0000000087600000, 0x0000000087700000|  0%| F|  |TAMS 0x0000000087600000| PB 0x0000000087600000| Untracked |  0
|  91|0x0000000087700000, 0x0000000087700000, 0x0000000087800000|  0%| F|  |TAMS 0x0000000087700000| PB 0x0000000087700000| Untracked |  0
|  92|0x0000000087800000, 0x0000000087800000, 0x0000000087900000|  0%| F|  |TAMS 0x0000000087800000| PB 0x0000000087800000| Untracked |  0
|  93|0x0000000087900000, 0x0000000087900000, 0x0000000087a00000|  0%| F|  |TAMS 0x0000000087900000| PB 0x0000000087900000| Untracked |  0
|  94|0x0000000087a00000, 0x0000000087a00000, 0x0000000087b00000|  0%| F|  |TAMS 0x0000000087a00000| PB 0x0000000087a00000| Untracked |  0
|  95|0x0000000087b00000, 0x0000000087b00000, 0x0000000087c00000|  0%| F|  |TAMS 0x0000000087b00000| PB 0x0000000087b00000| Untracked |  0
|  96|0x0000000087c00000, 0x0000000087c00000, 0x0000000087d00000|  0%| F|  |TAMS 0x0000000087c00000| PB 0x0000000087c00000| Untracked |  0
|  97|0x0000000087d00000, 0x0000000087d00000, 0x0000000087e00000|  0%| F|  |TAMS 0x0000000087d00000| PB 0x0000000087d00000| Untracked |  0
|  98|0x0000000087e00000, 0x0000000087e00000, 0x0000000087f00000|  0%| F|  |TAMS 0x0000000087e00000| PB 0x0000000087e00000| Untracked |  0
|  99|0x0000000087f00000, 0x0000000087f00000, 0x0000000088000000|  0%| F|  |TAMS 0x0000000087f00000| PB 0x0000000087f00000| Untracked |  0
| 100|0x0000000088000000, 0x0000000088000000, 0x0000000088100000|  0%| F|  |TAMS 0x0000000088000000| PB 0x0000000088000000| Untracked |  0
| 101|0x0000000088100000, 0x0000000088100000, 0x0000000088200000|  0%| F|  |TAMS 0x0000000088100000| PB 0x0000000088100000| Untracked |  0
| 102|0x0000000088200000, 0x0000000088200000, 0x0000000088300000|  0%| F|  |TAMS 0x0000000088200000| PB 0x0000000088200000| Untracked |  0
| 103|0x0000000088300000, 0x0000000088300000, 0x0000000088400000|  0%| F|  |TAMS 0x0000000088300000| PB 0x0000000088300000| Untracked |  0
| 104|0x0000000088400000, 0x0000000088400000, 0x0000000088500000|  0%| F|  |TAMS 0x0000000088400000| PB 0x0000000088400000| Untracked |  0
| 105|0x0000000088500000, 0x0000000088500000, 0x0000000088600000|  0%| F|  |TAMS 0x0000000088500000| PB 0x0000000088500000| Untracked |  0
| 106|0x0000000088600000, 0x0000000088600000, 0x0000000088700000|  0%| F|  |TAMS 0x0000000088600000| PB 0x0000000088600000| Untracked |  0
| 107|0x0000000088700000, 0x0000000088700000, 0x0000000088800000|  0%| F|  |TAMS 0x0000000088700000| PB 0x0000000088700000| Untracked |  0
| 108|0x0000000088800000, 0x0000000088800000, 0x0000000088900000|  0%| F|  |TAMS 0x0000000088800000| PB 0x0000000088800000| Untracked |  0
| 109|0x0000000088900000, 0x0000000088900000, 0x0000000088a00000|  0%| F|  |TAMS 0x0000000088900000| PB 0x0000000088900000| Untracked |  0
| 110|0x0000000088a00000, 0x0000000088a00000, 0x0000000088b00000|  0%| F|  |TAMS 0x0000000088a00000| PB 0x0000000088a00000| Untracked |  0
| 111|0x0000000088b00000, 0x0000000088b00000, 0x0000000088c00000|  0%| F|  |TAMS 0x0000000088b00000| PB 0x0000000088b00000| Untracked |  0
| 112|0x0000000088c00000, 0x0000000088c00000, 0x0000000088d00000|  0%| F|  |TAMS 0x0000000088c00000| PB 0x0000000088c00000| Untracked |  0
| 113|0x0000000088d00000, 0x0000000088d00000, 0x0000000088e00000|  0%| F|  |TAMS 0x0000000088d00000| PB 0x0000000088d00000| Untracked |  0
| 114|0x0000000088e00000, 0x0000000088e00000, 0x0000000088f00000|  0%| F|  |TAMS 0x0000000088e00000| PB 0x0000000088e00000| Untracked |  0
| 115|0x0000000088f00000, 0x0000000088f00000, 0x0000000089000000|  0%| F|  |TAMS 0x0000000088f00000| PB 0x0000000088f00000| Untracked |  0
| 116|0x0000000089000000, 0x0000000089047fc0, 0x0000000089100000| 28%| E|  |TAMS 0x0000000089000000| PB 0x0000000089000000| Complete |  0
| 117|0x0000000089100000, 0x0000000089200000, 0x0000000089200000|100%| E|CS|TAMS 0x0000000089100000| PB 0x0000000089100000| Complete |  0
| 118|0x0000000089200000, 0x0000000089300000, 0x0000000089300000|100%| E|CS|TAMS 0x0000000089200000| PB 0x0000000089200000| Complete |  0
| 119|0x0000000089300000, 0x0000000089400000, 0x0000000089400000|100%| E|CS|TAMS 0x0000000089300000| PB 0x0000000089300000| Complete |  0
| 120|0x0000000089400000, 0x0000000089500000, 0x0000000089500000|100%| E|CS|TAMS 0x0000000089400000| PB 0x0000000089400000| Complete |  0
| 121|0x0000000089500000, 0x0000000089600000, 0x0000000089600000|100%| E|CS|TAMS 0x0000000089500000| PB 0x0000000089500000| Complete |  0
| 122|0x0000000089600000, 0x0000000089700000, 0x0000000089700000|100%| E|  |TAMS 0x0000000089600000| PB 0x0000000089600000| Complete |  0
| 123|0x0000000089700000, 0x0000000089800000, 0x0000000089800000|100%| E|CS|TAMS 0x0000000089700000| PB 0x0000000089700000| Complete |  0
| 124|0x0000000089800000, 0x0000000089900000, 0x0000000089900000|100%| E|CS|TAMS 0x0000000089800000| PB 0x0000000089800000| Complete |  0
| 125|0x0000000089900000, 0x0000000089a00000, 0x0000000089a00000|100%| E|CS|TAMS 0x0000000089900000| PB 0x0000000089900000| Complete |  0
| 126|0x0000000089a00000, 0x0000000089b00000, 0x0000000089b00000|100%| E|CS|TAMS 0x0000000089a00000| PB 0x0000000089a00000| Complete |  0
| 127|0x0000000089b00000, 0x0000000089c00000, 0x0000000089c00000|100%| E|CS|TAMS 0x0000000089b00000| PB 0x0000000089b00000| Complete |  0

Card table byte_map: [0x000001886e770000,0x000001886eb70000] _byte_map_base: 0x000001886e362000

Marking Bits: (CMBitMap*) 0x0000018857075c10
 Bits: [0x000001886eb70000, 0x0000018870b00000)

Polling page: 0x0000018854f80000

Metaspace:

Usage:
  Non-class:      2.50 MB used.
      Class:    272.98 KB used.
       Both:      2.76 MB used.

Virtual space:
  Non-class space:       64.00 MB reserved,       2.56 MB (  4%) committed,  1 nodes.
      Class space:        1.00 GB reserved,     384.00 KB ( <1%) committed,  1 nodes.
             Both:        1.06 GB reserved,       2.94 MB ( <1%) committed. 

Chunk freelists:
   Non-Class:  11.17 MB
       Class:  15.59 MB
        Both:  26.77 MB

MaxMetaspaceSize: unlimited
CompressedClassSpaceSize: 1.00 GB
Initial GC threshold: 21.00 MB
Current GC threshold: 21.00 MB
CDS: on
 - commit_granule_bytes: 65536.
 - commit_granule_words: 8192.
 - virtual_space_node_default_size: 8388608.
 - enlarge_chunks_in_place: 1.
 - use_allocation_guard: 0.


Internal statistics:

num_allocs_failed_limit: 0.
num_arena_births: 88.
num_arena_deaths: 0.
num_vsnodes_births: 2.
num_vsnodes_deaths: 0.
num_space_committed: 47.
num_space_uncommitted: 0.
num_chunks_returned_to_freelist: 0.
num_chunks_taken_from_freelist: 157.
num_chunk_merges: 0.
num_chunk_splits: 93.
num_chunks_enlarged: 37.
num_inconsistent_stats: 0.

CodeHeap 'non-profiled nmethods': size=120000Kb used=255Kb max_used=255Kb free=119744Kb
 bounds [0x0000018866e40000, 0x00000188670b0000, 0x000001886e370000]
CodeHeap 'profiled nmethods': size=120000Kb used=1217Kb max_used=1217Kb free=118782Kb
 bounds [0x000001885f370000, 0x000001885f5e0000, 0x00000188668a0000]
CodeHeap 'non-nmethods': size=5760Kb used=1363Kb max_used=1374Kb free=4396Kb
 bounds [0x00000188668a0000, 0x0000018866b10000, 0x0000018866e40000]
 total_blobs=1246 nmethods=780 adapters=371
 compilation: enabled
              stopped_count=0, restarted_count=0
 full_count=0

Compilation events (20 events):
Event: 1.031 Thread 0x0000018872feca20  776       3       jdk.internal.access.SharedSecrets::javaUtilJarAccess (19 bytes)
Event: 1.032 Thread 0x0000018872feca20 nmethod 776 0x000001885f498090 code [0x000001885f4982a0, 0x000001885f498720]
Event: 1.032 Thread 0x0000018872feca20  775       3       java.util.zip.ZipFile::ensureOpenOrZipException (19 bytes)
Event: 1.032 Thread 0x0000018872feca20 nmethod 775 0x000001885f498990 code [0x000001885f498b40, 0x000001885f498d10]
Event: 1.032 Thread 0x0000018872feca20  777   !   3       jdk.internal.ref.PhantomCleanable::remove (60 bytes)
Event: 1.033 Thread 0x0000018872feca20 nmethod 777 0x000001885f498e10 code [0x000001885f498fe0, 0x000001885f499400]
Event: 1.033 Thread 0x0000018872feca20  778       3       java.util.WeakHashMap::put (160 bytes)
Event: 1.035 Thread 0x0000018872feca20 nmethod 778 0x000001885f499590 code [0x000001885f499820, 0x000001885f49a770]
Event: 1.035 Thread 0x0000018872feca20  779       3       java.util.WeakHashMap$Entry::<init> (24 bytes)
Event: 1.036 Thread 0x0000018872feca20 nmethod 779 0x000001885f49ac90 code [0x000001885f49ae60, 0x000001885f49b240]
Event: 1.039 Thread 0x0000018872feca20  781   !   3       java.util.zip.ZipCoder$UTF8ZipCoder::compare (81 bytes)
Event: 1.040 Thread 0x0000018872feca20 nmethod 781 0x000001885f49b390 code [0x000001885f49b5e0, 0x000001885f49c160]
Event: 1.040 Thread 0x0000018872feca20  782       3       java.lang.System$2::getBytesNoRepl (6 bytes)
Event: 1.041 Thread 0x0000018872feca20 nmethod 782 0x000001885f49c690 code [0x000001885f49c880, 0x000001885f49d010]
Event: 1.041 Thread 0x0000018872feca20  783   !   3       java.util.zip.ZipFile::getInputStream (275 bytes)
Event: 1.044 Thread 0x0000018872feca20 nmethod 783 0x000001885f49d210 code [0x000001885f49d520, 0x000001885f49e678]
Event: 1.044 Thread 0x0000018872feca20  784       3       java.util.zip.ZipFile$ZipFileInputStream::<init> (96 bytes)
Event: 1.046 Thread 0x0000018872feca20 nmethod 784 0x000001885f49f110 code [0x000001885f49f340, 0x000001885f49fd68]
Event: 1.046 Thread 0x0000018872feca20  785       3       jdk.internal.ref.PhantomCleanable::clean (16 bytes)
Event: 1.046 Thread 0x0000018872feca20 nmethod 785 0x000001885f4a0210 code [0x000001885f4a03e0, 0x000001885f4a06c0]

GC Heap History (0 events):
No events

Dll operation events (10 events):
Event: 0.027 Loaded shared library C:\Program Files\Java\jdk-22\bin\java.dll
Event: 0.083 Loaded shared library C:\Program Files\Java\jdk-22\bin\jsvml.dll
Event: 0.275 Loaded shared library C:\Program Files\Java\jdk-22\bin\zip.dll
Event: 0.285 Loaded shared library C:\Program Files\Java\jdk-22\bin\instrument.dll
Event: 0.292 Loaded shared library C:\Program Files\Java\jdk-22\bin\net.dll
Event: 0.295 Loaded shared library C:\Program Files\Java\jdk-22\bin\nio.dll
Event: 0.300 Loaded shared library C:\Program Files\Java\jdk-22\bin\zip.dll
Event: 0.542 Loaded shared library C:\Program Files\JetBrains\IntelliJ IDEA Community Edition 2024.2.3\bin\breakgen64.dll
Event: 0.565 Loaded shared library C:\Program Files\Java\jdk-22\bin\extnet.dll
Event: 0.651 Loaded shared library C:\Program Files\Java\jdk-22\bin\jimage.dll

Deoptimization events (20 events):
Event: 0.544 Thread 0x0000018854dbc1c0 DEOPT PACKING pc=0x0000018866e41960 sp=0x0000000f7dafec60
Event: 0.544 Thread 0x0000018854dbc1c0 DEOPT UNPACKING pc=0x00000188668f46a2 sp=0x0000000f7dafeba0 mode 2
Event: 0.609 Thread 0x0000018854dbc1c0 DEOPT PACKING pc=0x000001885f3ae8da sp=0x0000000f7dafc800
Event: 0.609 Thread 0x0000018854dbc1c0 DEOPT UNPACKING pc=0x00000188668f4e42 sp=0x0000000f7dafbc90 mode 0
Event: 0.661 Thread 0x0000018854dbc1c0 Uncommon trap: trap_request=0xffffff45 fr.pc=0x0000018866e57770 relative=0x0000000000000070
Event: 0.661 Thread 0x0000018854dbc1c0 Uncommon trap: reason=unstable_if action=reinterpret pc=0x0000018866e57770 method=java.io.WinNTFileSystem.isSlash(C)Z @ 9 c2
Event: 0.661 Thread 0x0000018854dbc1c0 DEOPT PACKING pc=0x0000018866e57770 sp=0x0000000f7dafd990
Event: 0.661 Thread 0x0000018854dbc1c0 DEOPT UNPACKING pc=0x00000188668f46a2 sp=0x0000000f7dafd918 mode 2
Event: 0.748 Thread 0x0000018854dbc1c0 Uncommon trap: trap_request=0xffffff6e fr.pc=0x0000018866e682a4 relative=0x0000000000000184
Event: 0.748 Thread 0x0000018854dbc1c0 Uncommon trap: reason=loop_limit_check action=maybe_recompile pc=0x0000018866e682a4 method=java.lang.StringLatin1.lastIndexOf([BII)I @ 19 c2
Event: 0.748 Thread 0x0000018854dbc1c0 DEOPT PACKING pc=0x0000018866e682a4 sp=0x0000000f7dafca70
Event: 0.749 Thread 0x0000018854dbc1c0 DEOPT UNPACKING pc=0x00000188668f46a2 sp=0x0000000f7dafc9f0 mode 2
Event: 0.750 Thread 0x0000018854dbc1c0 Uncommon trap: trap_request=0xffffff45 fr.pc=0x0000018866e4ee1c relative=0x000000000000085c
Event: 0.750 Thread 0x0000018854dbc1c0 Uncommon trap: reason=unstable_if action=reinterpret pc=0x0000018866e4ee1c method=java.util.HashMap.putVal(ILjava/lang/Object;Ljava/lang/Object;ZZ)Ljava/lang/Object; @ 69 c2
Event: 0.750 Thread 0x0000018854dbc1c0 DEOPT PACKING pc=0x0000018866e4ee1c sp=0x0000000f7dafc590
Event: 0.750 Thread 0x0000018854dbc1c0 DEOPT UNPACKING pc=0x00000188668f46a2 sp=0x0000000f7dafc540 mode 2
Event: 0.876 Thread 0x0000018854dbc1c0 Uncommon trap: trap_request=0xffffff6e fr.pc=0x0000018866e6ef2c relative=0x00000000000003ec
Event: 0.876 Thread 0x0000018854dbc1c0 Uncommon trap: reason=loop_limit_check action=maybe_recompile pc=0x0000018866e6ef2c method=java.lang.StringLatin1.indexOf([BI[BII)I @ 37 c2
Event: 0.876 Thread 0x0000018854dbc1c0 DEOPT PACKING pc=0x0000018866e6ef2c sp=0x0000000f7dafda50
Event: 0.876 Thread 0x0000018854dbc1c0 DEOPT UNPACKING pc=0x00000188668f46a2 sp=0x0000000f7dafd9b0 mode 2

Classes loaded (20 events):
Event: 0.954 Loading class java/time/zone/ZoneRulesProvider$1
Event: 0.954 Loading class java/time/zone/ZoneRulesProvider$1 done
Event: 0.954 Loading class java/time/zone/TzdbZoneRulesProvider
Event: 0.954 Loading class java/time/zone/TzdbZoneRulesProvider done
Event: 0.963 Loading class java/util/Arrays$ArrayItr
Event: 0.963 Loading class java/util/Arrays$ArrayItr done
Event: 0.977 Loading class java/time/zone/Ser
Event: 0.977 Loading class java/io/Externalizable
Event: 0.977 Loading class java/io/Externalizable done
Event: 0.977 Loading class java/time/zone/Ser done
Event: 0.979 Loading class java/time/zone/ZoneOffsetTransition
Event: 0.979 Loading class java/time/zone/ZoneOffsetTransition done
Event: 1.005 Loading class java/util/concurrent/atomic/AtomicReference
Event: 1.005 Loading class java/util/concurrent/atomic/AtomicReference done
Event: 1.016 Loading class java/lang/NumberFormatException
Event: 1.016 Loading class java/lang/NumberFormatException done
Event: 1.035 Loading class java/lang/InterruptedException
Event: 1.035 Loading class java/lang/InterruptedException done
Event: 1.035 Loading class java/util/concurrent/TimeoutException
Event: 1.036 Loading class java/util/concurrent/TimeoutException done

Classes unloaded (0 events):
No events

Classes redefined (0 events):
No events

Internal exceptions (7 events):
Event: 0.522 Thread 0x0000018854dbc1c0 Exception <a 'java/lang/NoSuchMethodError'{0x00000000895fec20}: 'void java.lang.invoke.DirectMethodHandle$Holder.invokeStatic(java.lang.Object, java.lang.Object, java.lang.Object)'> (0x00000000895fec20) 
thrown [s\open\src\hotspot\share\interpreter\linkResolver.cpp, line 774]
Event: 0.532 Thread 0x0000018854dbc1c0 Exception <a 'java/lang/NoSuchMethodError'{0x00000000894168f8}: 'java.lang.Object java.lang.invoke.Invokers$Holder.invokeExact_MT(java.lang.Object, java.lang.Object, java.lang.Object, java.lang.Object, java.lang.Object)'> (0x00000000894168f8) 
thrown [s\open\src\hotspot\share\interpreter\linkResolver.cpp, line 774]
Event: 0.570 Thread 0x00000188451e8700 Exception <a 'java/lang/NoSuchMethodError'{0x0000000089450628}: 'void java.lang.invoke.DirectMethodHandle$Holder.invokeStatic(java.lang.Object, java.lang.Object)'> (0x0000000089450628) 
thrown [s\open\src\hotspot\share\interpreter\linkResolver.cpp, line 774]
Event: 0.761 Thread 0x0000018854dbc1c0 Exception <a 'java/lang/ClassNotFoundException'{0x00000000892476b0}: javax/smartcardio/CardPermission> (0x00000000892476b0) 
thrown [s\open\src\hotspot\share\classfile\systemDictionary.cpp, line 313]
Event: 0.770 Thread 0x0000018854dbc1c0 Exception <a 'java/io/FileNotFoundException'{0x0000000089255b18}> (0x0000000089255b18) 
thrown [s\open\src\hotspot\share\prims\jni.cpp, line 520]
Event: 0.839 Thread 0x0000018854dbc1c0 Exception <a 'java/lang/NoSuchMethodError'{0x00000000892e00a0}: 'java.lang.Object java.lang.invoke.DirectMethodHandle$Holder.invokeSpecial(java.lang.Object, java.lang.Object, java.lang.Object, long, java.lang.Object)'> (0x00000000892e00a0) 
thrown [s\open\src\hotspot\share\interpreter\linkResolver.cpp, line 774]
Event: 0.840 Thread 0x0000018854dbc1c0 Exception <a 'java/lang/NoSuchMethodError'{0x00000000892e3a00}: 'java.lang.Object java.lang.invoke.Invokers$Holder.linkToTargetMethod(java.lang.Object, long, java.lang.Object, java.lang.Object)'> (0x00000000892e3a00) 
thrown [s\open\src\hotspot\share\interpreter\linkResolver.cpp, line 774]

ZGC Phase Switch (0 events):
No events

VM Operations (8 events):
Event: 0.233 Executing VM operation: HandshakeAllThreads (Deoptimize)
Event: 0.233 Executing VM operation: HandshakeAllThreads (Deoptimize) done
Event: 0.548 Executing VM operation: HandshakeAllThreads (Deoptimize)
Event: 0.548 Executing VM operation: HandshakeAllThreads (Deoptimize) done
Event: 0.584 Executing VM operation: HandshakeAllThreads (Deoptimize)
Event: 0.584 Executing VM operation: HandshakeAllThreads (Deoptimize) done
Event: 0.661 Executing VM operation: HandshakeAllThreads (Deoptimize)
Event: 0.661 Executing VM operation: HandshakeAllThreads (Deoptimize) done

Memory protections (0 events):
No events

Nmethod flushes (0 events):
No events

Events (13 events):
Event: 0.057 Thread 0x0000018854dbc1c0 Thread added: 0x0000018854dbc1c0
Event: 0.079 Thread 0x0000018854dbc1c0 Thread added: 0x0000018872fd4c20
Event: 0.079 Thread 0x0000018854dbc1c0 Thread added: 0x0000018872fd6a50
Event: 0.080 Thread 0x0000018854dbc1c0 Thread added: 0x0000018872fdbef0
Event: 0.080 Thread 0x0000018854dbc1c0 Thread added: 0x0000018872fde960
Event: 0.080 Thread 0x0000018854dbc1c0 Thread added: 0x0000018872fdfb60
Event: 0.081 Thread 0x0000018854dbc1c0 Thread added: 0x0000018872fe4260
Event: 0.081 Thread 0x0000018854dbc1c0 Thread added: 0x0000018872fe77a0
Event: 0.081 Thread 0x0000018854dbc1c0 Thread added: 0x0000018872feca20
Event: 0.218 Thread 0x0000018854dbc1c0 Thread added: 0x00000188451eae60
Event: 0.543 Thread 0x0000018854dbc1c0 Thread added: 0x00000188451e8700
Event: 0.543 Thread 0x0000018854dbc1c0 Thread added: 0x00000188451e8d90
Event: 0.745 Thread 0x0000018872fe77a0 Thread added: 0x00000188456ffa50


Dynamic libraries:
0x00007ff6b2b10000 - 0x00007ff6b2b20000 	C:\Program Files\Java\jdk-22\bin\java.exe
0x00007ffec82b0000 - 0x00007ffec84a8000 	C:\Windows\SYSTEM32\ntdll.dll
0x00007ffec80f0000 - 0x00007ffec81b2000 	C:\Windows\System32\KERNEL32.DLL
0x00007ffec5fd0000 - 0x00007ffec62ce000 	C:\Windows\System32\KERNELBASE.dll
0x00007ffec5e00000 - 0x00007ffec5f00000 	C:\Windows\System32\ucrtbase.dll
0x00007ffeb0a00000 - 0x00007ffeb0a17000 	C:\Program Files\Java\jdk-22\bin\jli.dll
0x00007ffeaede0000 - 0x00007ffeaedfb000 	C:\Program Files\Java\jdk-22\bin\VCRUNTIME140.dll
0x00007ffec6d40000 - 0x00007ffec6edd000 	C:\Windows\System32\USER32.dll
0x00007ffec5fa0000 - 0x00007ffec5fc2000 	C:\Windows\System32\win32u.dll
0x00007ffec6760000 - 0x00007ffec678b000 	C:\Windows\System32\GDI32.dll
0x00007ffeadf70000 - 0x00007ffeae20a000 	C:\Windows\WinSxS\amd64_microsoft.windows.common-controls_6595b64144ccf1df_6.0.19041.4355_none_60b8b9eb71f62e16\COMCTL32.dll
0x00007ffec7ed0000 - 0x00007ffec7f6e000 	C:\Windows\System32\msvcrt.dll
0x00007ffec5950000 - 0x00007ffec5a67000 	C:\Windows\System32\gdi32full.dll
0x00007ffec5f00000 - 0x00007ffec5f9d000 	C:\Windows\System32\msvcp_win.dll
0x00007ffec7f70000 - 0x00007ffec7f9f000 	C:\Windows\System32\IMM32.DLL
0x00007ffeb7c40000 - 0x00007ffeb7c4c000 	C:\Program Files\Java\jdk-22\bin\vcruntime140_1.dll
0x00007ffe92a80000 - 0x00007ffe92b0e000 	C:\Program Files\Java\jdk-22\bin\msvcp140.dll
0x00007ffe87330000 - 0x00007ffe88079000 	C:\Program Files\Java\jdk-22\bin\server\jvm.dll
0x00007ffec6ee0000 - 0x00007ffec6f91000 	C:\Windows\System32\ADVAPI32.dll
0x00007ffec7fa0000 - 0x00007ffec803f000 	C:\Windows\System32\sechost.dll
0x00007ffec6c00000 - 0x00007ffec6d23000 	C:\Windows\System32\RPCRT4.dll
0x00007ffec5c20000 - 0x00007ffec5c47000 	C:\Windows\System32\bcrypt.dll
0x00007ffec7470000 - 0x00007ffec74db000 	C:\Windows\System32\WS2_32.dll
0x00007ffec5250000 - 0x00007ffec529b000 	C:\Windows\SYSTEM32\POWRPROF.dll
0x00007ffeb4a10000 - 0x00007ffeb4a37000 	C:\Windows\SYSTEM32\WINMM.dll
0x00007ffeb4cb0000 - 0x00007ffeb4cba000 	C:\Windows\SYSTEM32\VERSION.dll
0x00007ffec5230000 - 0x00007ffec5242000 	C:\Windows\SYSTEM32\UMPDC.dll
0x00007ffec4130000 - 0x00007ffec4142000 	C:\Windows\SYSTEM32\kernel.appcore.dll
0x00007ffeb0870000 - 0x00007ffeb087a000 	C:\Program Files\Java\jdk-22\bin\jimage.dll
0x00007ffeb4aa0000 - 0x00007ffeb4c84000 	C:\Windows\SYSTEM32\DBGHELP.DLL
0x00007ffeb4380000 - 0x00007ffeb43b4000 	C:\Windows\SYSTEM32\dbgcore.DLL
0x00007ffec5a70000 - 0x00007ffec5af2000 	C:\Windows\System32\bcryptPrimitives.dll
0x00007ffeba6e0000 - 0x00007ffeba6ef000 	C:\Program Files\Java\jdk-22\bin\instrument.dll
0x00007ffea49d0000 - 0x00007ffea49ee000 	C:\Program Files\Java\jdk-22\bin\java.dll
0x00007ffec7550000 - 0x00007ffec7cbd000 	C:\Windows\System32\SHELL32.dll
0x00007ffec6630000 - 0x00007ffec675b000 	C:\Windows\System32\ole32.dll
0x00007ffec62d0000 - 0x00007ffec6623000 	C:\Windows\System32\combase.dll
0x00007ffec3920000 - 0x00007ffec40c4000 	C:\Windows\SYSTEM32\windows.storage.dll
0x00007ffec52a0000 - 0x00007ffec52ce000 	C:\Windows\SYSTEM32\Wldp.dll
0x00007ffec6830000 - 0x00007ffec68fd000 	C:\Windows\System32\OLEAUT32.dll
0x00007ffec81c0000 - 0x00007ffec826d000 	C:\Windows\System32\SHCORE.dll
0x00007ffec6fa0000 - 0x00007ffec6ff5000 	C:\Windows\System32\shlwapi.dll
0x00007ffec5880000 - 0x00007ffec58a4000 	C:\Windows\SYSTEM32\profapi.dll
0x00007ffe929a0000 - 0x00007ffe92a77000 	C:\Program Files\Java\jdk-22\bin\jsvml.dll
0x00007ffea3650000 - 0x00007ffea3667000 	C:\Program Files\Java\jdk-22\bin\zip.dll
0x00007ffeb0400000 - 0x00007ffeb0410000 	C:\Program Files\Java\jdk-22\bin\net.dll
0x00007ffec4fb0000 - 0x00007ffec501a000 	C:\Windows\system32\mswsock.dll
0x00007ffea36a0000 - 0x00007ffea36b6000 	C:\Program Files\Java\jdk-22\bin\nio.dll
0x00007ffeb0bf0000 - 0x00007ffeb0c0a000 	C:\Program Files\JetBrains\IntelliJ IDEA Community Edition 2024.2.3\bin\breakgen64.dll
0x00007ffeaedd0000 - 0x00007ffeaedd9000 	C:\Program Files\Java\jdk-22\bin\extnet.dll

dbghelp: loaded successfully - version: 4.0.5 - missing functions: none
symbol engine: initialized successfully - sym options: 0x614 - pdb path: .;C:\Program Files\Java\jdk-22\bin;C:\Windows\SYSTEM32;C:\Windows\WinSxS\amd64_microsoft.windows.common-controls_6595b64144ccf1df_6.0.19041.4355_none_60b8b9eb71f62e16;C:\Program Files\Java\jdk-22\bin\server;C:\Program Files\JetBrains\IntelliJ IDEA Community Edition 2024.2.3\bin

VM Arguments:
jvm_args: -javaagent:C:\Program Files\JetBrains\IntelliJ IDEA Community Edition 2024.2.3\lib\idea_rt.jar=54581:C:\Program Files\JetBrains\IntelliJ IDEA Community Edition 2024.2.3\bin -Dfile.encoding=UTF-8 -Dsun.stdout.encoding=UTF-8 -Dsun.stderr.encoding=UTF-8 
java_command: com.ubedpathan.Nexora.NexoraApplication
java_class_path (initial): D:\Projects\Nexora\nexora_server\target\classes;C:\Users\Ubed\.m2\repository\org\springframework\boot\spring-boot-starter-data-jpa\3.4.1\spring-boot-starter-data-jpa-3.4.1.jar;C:\Users\Ubed\.m2\repository\org\springframework\boot\spring-boot-starter\3.4.1\spring-boot-starter-3.4.1.jar;C:\Users\Ubed\.m2\repository\org\springframework\boot\spring-boot\3.4.1\spring-boot-3.4.1.jar;C:\Users\Ubed\.m2\repository\org\springframework\boot\spring-boot-autoconfigure\3.4.1\spring-boot-autoconfigure-3.4.1.jar;C:\Users\Ubed\.m2\repository\org\springframework\boot\spring-boot-starter-logging\3.4.1\spring-boot-starter-logging-3.4.1.jar;C:\Users\Ubed\.m2\repository\ch\qos\logback\logback-classic\1.5.12\logback-classic-1.5.12.jar;C:\Users\Ubed\.m2\repository\ch\qos\logback\logback-core\1.5.12\logback-core-1.5.12.jar;C:\Users\Ubed\.m2\repository\org\apache\logging\log4j\log4j-to-slf4j\2.24.3\log4j-to-slf4j-2.24.3.jar;C:\Users\Ubed\.m2\repository\org\apache\logging\log4j\log4j-api\2.24.3\log4j-api-2.24.3.jar;C:\Users\Ubed\.m2\repository\org\slf4j\jul-to-slf4j\2.0.16\jul-to-slf4j-2.0.16.jar;C:\Users\Ubed\.m2\repository\jakarta\annotation\jakarta.annotation-api\2.1.1\jakarta.annotation-api-2.1.1.jar;C:\Users\Ubed\.m2\repository\org\yaml\snakeyaml\2.3\snakeyaml-2.3.jar;C:\Users\Ubed\.m2\repository\org\springframework\boot\spring-boot-starter-jdbc\3.4.1\spring-boot-starter-jdbc-3.4.1.jar;C:\Users\Ubed\.m2\repository\com\zaxxer\HikariCP\5.1.0\HikariCP-5.1.0.jar;C:\Users\Ubed\.m2\repository\org\springframework\spring-jdbc\6.2.1\spring-jdbc-6.2.1.jar;C:\Users\Ubed\.m2\repository\org\hibernate\orm\hibernate-core\6.6.4.Final\hibernate-core-6.6.4.Final.jar;C:\Users\Ubed\.m2\repository\jakarta\persistence\jakarta.persistence-api\3.1.0\jakarta.persistence-api-3.1.0.jar;C:\Users\Ubed\.m2\repository\jakarta\transaction\jakarta.transaction-api\2.0.1\jakarta.transaction-api-2.0.1.jar;C:\Users\Ubed\.m2\repository\org\jboss\logging\jboss-logging\3.6.1.Final\jboss-logging-3.6.1.Final.jar;C:\Users\Ubed\.m2\repository\org\hibernate\common\hibernate-commons-annotations\7.0.3.Final\hibernate-commons-annotations-7.0.3.Final.jar;C:\Users\Ubed\.m2\repository\io\smallrye\jandex\3.2.0\jandex-3.2.0.jar;C:\Users\Ubed\.m2\repository\com\fasterxml\classmate\1.7.0\classmate-1.7.0.jar;C:\Users\Ubed\.m2\repository\net\bytebuddy\byte-buddy\1.15.11\byte-buddy-1.15.11.jar;C:\Users\Ubed\.m2\repository\org\glassfish\jaxb\jaxb-runtime\4.0.5\jaxb-runtime-4.0.5.jar;C:\Users\Ubed\.m2\repository\org\glassfish\jaxb\jaxb-core\4.0.5\jaxb-core-4.0.5.jar;C:\Users\Ubed\.m2\repository\org\eclipse\angus\angus-activation\2.0.2\angus-activation-2.0.2.jar;C:\Users\Ubed\.m2\repository\org\glassfish\jaxb\txw2\4.0.5\txw2-4.0.5.jar;C:\Users\Ubed\.m2\repository\com\sun\istack\istack-commons-runtime\4.1.2\istack-commons-runtime-4.1.2.jar;C:\Users\Ubed\.m2\repository\jakarta\inject\jakarta.inject-api\2.0.1\jakarta.inject-api-2.0.1.jar;C:\Users\Ubed\.m2\repository\org\antlr\antlr4-runtime\4.13.0\antlr4-runtime-4.13.0.jar;C:\Users\Ubed\.m2\repository\org\springframework\data\spring-data-jpa\3.4.1\spring-data-jpa-3.4.1.jar;C:\Users\Ubed\.m2\repository\org\springframework\data\spring-data-commons\3.4.1\spring-data-commons-3.4.1.jar;C:\Users\Ubed\.m2\repository\org\springframework\spring-orm\6.2.1\spring-orm-6.2.1.jar;C:\Users\Ubed\.m2\repository\org\springframework\spring-context\6.2.1\spring-context-6.2.1.jar;C:\Users\Ubed\.m2\repository\org\springframework\spring-tx\6.2.1\spring-tx-6.2.1.jar;C:\Users\Ubed\.m2\repository\org\springframework\spring-beans\6.2.1\spring-beans-6.2.1.jar;C:\Users\Ubed\.m2\repository\org\slf4j\slf4j-api\2.0.16\slf4j-api-2.0.16.jar;C:\Users\Ubed\.m2\repository\org\springframework\spring-aspects\6.2.1\spring-aspects-6.2.1.jar;C:\Users\Ubed\.m2\repository\org\aspectj\aspectjweaver\1.9.22.1\aspectjweaver-1.9.22.1.jar;C:\Users\Ubed\.m2\repository\org\springframework\boot\spring-boot-starter-validation\3.4.0\spring-boot-starter-validation-3.4.0.jar;C:\Users\Ubed\.m2\repository\org\apache\tomcat\embed\tomcat-embed-el\10.1.34\tomcat-embed-el-10.1.34.jar;C:\Users\Ubed\.m2\repository\org\hibernate\validator\hibernate-validator\8.0.2.Final\hibernate-validator-8.0.2.Final.jar;C:\Users\Ubed\.m2\repository\jakarta\validation\jakarta.validation-api\3.0.2\jakarta.validation-api-3.0.2.jar;C:\Users\Ubed\.m2\repository\org\springframework\boot\spring-boot-starter-security\3.4.1\spring-boot-starter-security-3.4.1.jar;C:\Users\Ubed\.m2\repository\org\springframework\spring-aop\6.2.1\spring-aop-6.2.1.jar;C:\Users\Ubed\.m2\repository\org\springframework\security\spring-security-config\6.4.2\spring-security-config-6.4.2.jar;C:\Users\Ubed\.m2\repository\org\springframework\security\spring-security-core\6.4.2\spring-security-core-6.4.2.jar;C:\Users\Ubed\.m2\repository\org\springframework\security\spring-security-crypto\6.4.2\spring-security-crypto-6.4.2.jar;C:\Users\Ubed\.m2\repository\org\springframework\security\spring-security-web\6.4.2\spring-security-web-6.4.2.jar;C:\Users\Ubed\.m2\repository\org\springframework\spring-expression\6.2.1\spring-expression-6.2.1.jar;C:\Users\Ubed\.m2\repository\org\springframework\boot\spring-boot-starter-web\3.4.1\spring-boot-starter-web-3.4.1.jar;C:\Users\Ubed\.m2\repository\org\springframework\boot\spring-boot-starter-json\3.4.1\spring-boot-starter-json-3.4.1.jar;C:\Users\Ubed\.m2\repository\com\fasterxml\jackson\datatype\jackson-datatype-jdk8\2.18.2\jackson-datatype-jdk8-2.18.2.jar;C:\Users\Ubed\.m2\repository\com\fasterxml\jackson\datatype\jackson-datatype-jsr310\2.18.2\jackson-datatype-jsr310-2.18.2.jar;C:\Users\Ubed\.m2\repository\com\fasterxml\jackson\module\jackson-module-parameter-names\2.18.2\jackson-module-parameter-names-2.18.2.jar;C:\Users\Ubed\.m2\repository\org\springframework\boot\spring-boot-starter-tomcat\3.4.1\spring-boot-starter-tomcat-3.4.1.jar;C:\Users\Ubed\.m2\repository\org\apache\tomcat\embed\tomcat-embed-core\10.1.34\tomcat-embed-core-10.1.34.jar;C:\Users\Ubed\.m2\repository\org\apache\tomcat\embed\tomcat-embed-websocket\10.1.34\tomcat-embed-websocket-10.1.34.jar;C:\Users\Ubed\.m2\repository\org\springframework\spring-web\6.2.1\spring-web-6.2.1.jar;C:\Users\Ubed\.m2\repository\io\micrometer\micrometer-observation\1.14.2\micrometer-observation-1.14.2.jar;C:\Users\Ubed\.m2\repository\io\micrometer\micrometer-commons\1.14.2\micrometer-commons-1.14.2.jar;C:\Users\Ubed\.m2\repository\org\springframework\spring-webmvc\6.2.1\spring-webmvc-6.2.1.jar;C:\Users\Ubed\.m2\repository\org\postgresql\postgresql\42.7.4\postgresql-42.7.4.jar;C:\Users\Ubed\.m2\repository\org\checkerframework\checker-qual\3.42.0\checker-qual-3.42.0.jar;C:\Users\Ubed\.m2\repository\jakarta\xml\bind\jakarta.xml.bind-api\4.0.2\jakarta.xml.bind-api-4.0.2.jar;C:\Users\Ubed\.m2\repository\jakarta\activation\jakarta.activation-api\2.1.3\jakarta.activation-api-2.1.3.jar;C:\Users\Ubed\.m2\repository\org\springframework\spring-core\6.2.1\spring-core-6.2.1.jar;C:\Users\Ubed\.m2\repository\org\springframework\spring-jcl\6.2.1\spring-jcl-6.2.1.jar;C:\Users\Ubed\.m2\repository\io\jsonwebtoken\jjwt-api\0.12.5\jjwt-api-0.12.5.jar;C:\Users\Ubed\.m2\repository\io\jsonwebtoken\jjwt-impl\0.12.5\jjwt-impl-0.12.5.jar;C:\Users\Ubed\.m2\repository\io\jsonwebtoken\jjwt-jackson\0.12.5\jjwt-jackson-0.12.5.jar;C:\Users\Ubed\.m2\repository\com\fasterxml\jackson\core\jackson-databind\2.18.2\jackson-databind-2.18.2.jar;C:\Users\Ubed\.m2\repository\com\fasterxml\jackson\core\jackson-annotations\2.18.2\jackson-annotations-2.18.2.jar;C:\Users\Ubed\.m2\repository\com\fasterxml\jackson\core\jackson-core\2.18.2\jackson-core-2.18.2.jar;C:\Users\Ubed\.m2\repository\com\cloudinary\cloudinary-http44\1.39.0\cloudinary-http44-1.39.0.jar;C:\Users\Ubed\.m2\repository\com\cloudinary\cloudinary-core\1.39.0\cloudinary-core-1.39.0.jar;C:\Users\Ubed\.m2\repository\org\apache\commons\commons-lang3\3.17.0\commons-lang3-3.17.0.jar;C:\Users\Ubed\.m2\repository\org\apache\httpcomponents\httpclient\4.4\httpclient-4.4.jar;C:\Users\Ubed\.m2\repository\org\apache\httpcomponents\httpcore\4.4.16\httpcore-4.4.16.jar;C:\Users\Ubed\.m2\repository\commons-logging\commons-logging\1.2\commons-logging-1.2.jar;C:\Users\Ubed\.m2\repository\commons-codec\commons-codec\1.17.1\commons-codec-1.17.1.jar;C:\Users\Ubed\.m2\repository\org\apache\httpcomponents\httpmime\4.4\httpmime-4.4.jar
Launcher Type: SUN_STANDARD

[Global flags]
     intx CICompilerCount                          = 3                                         {product} {ergonomic}
     uint ConcGCThreads                            = 1                                         {product} {ergonomic}
     uint G1ConcRefinementThreads                  = 4                                         {product} {ergonomic}
   size_t G1HeapRegionSize                         = 1048576                                   {product} {ergonomic}
   size_t InitialHeapSize                          = 134217728                                 {product} {ergonomic}
   size_t MarkStackSize                            = 4194304                                   {product} {ergonomic}
   size_t MaxHeapSize                              = 2118123520                                {product} {ergonomic}
   size_t MaxNewSize                               = 1270874112                                {product} {ergonomic}
   size_t MinHeapDeltaBytes                        = 1048576                                   {product} {ergonomic}
   size_t MinHeapSize                              = 8388608                                   {product} {ergonomic}
    uintx NonNMethodCodeHeapSize                   = 5832780                                {pd product} {ergonomic}
    uintx NonProfiledCodeHeapSize                  = 122912730                              {pd product} {ergonomic}
    uintx ProfiledCodeHeapSize                     = 122912730                              {pd product} {ergonomic}
    uintx ReservedCodeCacheSize                    = 251658240                              {pd product} {ergonomic}
     bool SegmentedCodeCache                       = true                                      {product} {ergonomic}
   size_t SoftMaxHeapSize                          = 2118123520                             {manageable} {ergonomic}
     bool UseCompressedOops                        = true                           {product lp64_product} {ergonomic}
     bool UseG1GC                                  = true                                      {product} {ergonomic}
     bool UseLargePagesIndividualAllocation        = false                                  {pd product} {ergonomic}

Logging:
Log output configuration:
 #0: stdout all=warning uptime,level,tags foldmultilines=false
 #1: stderr all=off uptime,level,tags foldmultilines=false

Environment Variables:
JAVA_HOME=C:\Program Files\Java\jdk-17
PATH=C:\Users\Ubed\AppData\Local\Programs\Python\Python312\Scripts\;C:\Users\Ubed\AppData\Local\Programs\Python\Python312\;C:\Program Files\Java\jdk-17\bin;C:\Program Files\Common Files\Oracle\Java\javapath;C:\ProgramData\Oracle\Java\javapath;C:\Windows\system32;C:\Windows;C:\Windows\System32\Wbem;C:\Windows\System32\WindowsPowerShell\v1.0\;C:\Windows\System32\OpenSSH\;C:\MinGW\bin;C:\MinGW\bin;C:\Program Files\MySQL\MySQL Server 9.0\bin;C:\ProgramData\chocolatey\bin;C:\Program Files\nodejs;C:\Users\Ubed\AppData\Roaming\npm;C:\Program Files\Git\cmd;C:\Users\Ubed\AppData\Local\Programs\Microsoft VS Code\bin;C:\Program Files\MongoDB\Server\7.0\bin;C:\Program Files\php-8.2.24;C:\maven\bin;C:\Program Files\Docker\Docker\resources\bin;C:\Users\Ubed\AppData\Local\Programs\Python\Launcher\;C:\Users\Ubed\AppData\Local\Programs\Microsoft VS Code\bin;C:\Program Files\Java\jdk-17\bin;C:\Users\Ubed\AppData\Roaming\npm;C:\Program Files\JetBrains\IntelliJ IDEA Community Edition 2024.2.3\bin;;
USERNAME=Ubed
OS=Windows_NT
PROCESSOR_IDENTIFIER=Intel64 Family 6 Model 42 Stepping 7, GenuineIntel
TMP=C:\Users\Ubed\AppData\Local\Temp
TEMP=C:\Users\Ubed\AppData\Local\Temp




Periodic native trim disabled

---------------  S Y S T E M  ---------------

OS:
 Windows 10 , 64 bit Build 19041 (10.0.19041.5198)
OS uptime: 0 days 5:50 hours
Hyper-V role detected

CPU: total 4 (initial active 4) (2 cores per cpu, 2 threads per core) family 6 model 42 stepping 7 microcode 0x2f, cx8, cmov, fxsr, ht, mmx, sse, sse2, sse3, ssse3, sse4.1, sse4.2, popcnt, tsc, tscinvbit, avx, clmul, vzeroupper, clflush, hv, rdtscp
Processor Information for all 4 processors :
  Max Mhz: 2200, Current Mhz: 2200, Mhz Limit: 2200

Memory: 4k page, system-wide physical 8073M (761M free)
TotalPageFile size 10121M (AvailPageFile size 45M)
current process WorkingSet (physical memory assigned to process): 61M, peak: 61M
current process commit charge ("private bytes"): 214M, peak: 214M

vm_info: Java HotSpot(TM) 64-Bit Server VM (22.0.2+9-70) for windows-amd64 JRE (22.0.2+9-70), built on 2024-06-04T16:52:23Z by "mach5one" with MS VC++ 17.6 (VS2022)

END.
