#
# There is insufficient memory for the Java Runtime Environment to continue.
# Native memory allocation (malloc) failed to allocate 2001136 bytes. Error detail: Chunk::new
# Possible reasons:
#   The system is out of physical RAM or swap space
#   This process is running with CompressedOops enabled, and the Java Heap may be blocking the growth of the native heap
# Possible solutions:
#   Reduce memory load on the system
#   Increase physical memory or swap space
#   Check if swap backing store is full
#   Decrease Java heap size (-Xmx/-Xms)
#   Decrease number of Java threads
#   Decrease Java thread stack sizes (-Xss)
#   Set larger code cache with -XX:ReservedCodeCacheSize=
#   JVM is running with Unscaled Compressed Oops mode in which the Java heap is
#     placed in the first 4GB address space. The Java Heap base address is the
#     maximum limit for the native heap growth. Please use -XX:HeapBaseMinAddress
#     to set the Java Heap base and to place the Java Heap above 4GB virtual address.
# This output file may be truncated or incomplete.
#
#  Out of Memory Error (arena.cpp:150), pid=2724, tid=8160
#
# JRE version: Java(TM) SE Runtime Environment (22.0.2+9) (build 22.0.2+9-70)
# Java VM: Java HotSpot(TM) 64-Bit Server VM (22.0.2+9-70, mixed mode, sharing, tiered, compressed oops, compressed class ptrs, g1 gc, windows-amd64)
# No core dump will be written. Minidumps are not enabled by default on client versions of Windows
#

---------------  S U M M A R Y ------------

Command Line: -javaagent:C:\Program Files\JetBrains\IntelliJ IDEA Community Edition 2024.2.3\lib\idea_rt.jar=50071:C:\Program Files\JetBrains\IntelliJ IDEA Community Edition 2024.2.3\bin -Dfile.encoding=UTF-8 -Dsun.stdout.encoding=UTF-8 -Dsun.stderr.encoding=UTF-8 com.ubedpathan.Nexora.NexoraApplication

Host: Intel(R) Core(TM) i3-2328M CPU @ 2.20GHz, 4 cores, 7G,  Windows 10 , 64 bit Build 19041 (10.0.19041.5198)
Time: Fri Jan 17 15:14:55 2025 India Standard Time elapsed time: 15.835570 seconds (0d 0h 0m 15s)

---------------  T H R E A D  ---------------

Current thread (0x0000021c5eca2210):  JavaThread "C2 CompilerThread0" daemon [_thread_in_native, id=8160, stack(0x000000c9f0500000,0x000000c9f0600000) (1024K)]


Current CompileTask:
C2:15835 5115   !   4       org.springframework.core.annotation.AnnotationsScanner::processMethodHierarchy (276 bytes)

Stack: [0x000000c9f0500000,0x000000c9f0600000]
Native frames: (J=compiled Java code, j=interpreted, Vv=VM code, C=native code)
V  [jvm.dll+0x6e26e9]  (no source info available)
V  [jvm.dll+0x875753]  (no source info available)
V  [jvm.dll+0x877b7e]  (no source info available)
V  [jvm.dll+0x878253]  (no source info available)
V  [jvm.dll+0x27fc86]  (no source info available)
V  [jvm.dll+0xc3d0f]  (no source info available)
V  [jvm.dll+0xc3f6b]  (no source info available)
V  [jvm.dll+0x3bb47c]  (no source info available)
V  [jvm.dll+0x387d4b]  (no source info available)
V  [jvm.dll+0x3871ba]  (no source info available)
V  [jvm.dll+0x2477f8]  (no source info available)
V  [jvm.dll+0x246e9f]  (no source info available)
V  [jvm.dll+0x1c4e80]  (no source info available)
V  [jvm.dll+0x2568f3]  (no source info available)
V  [jvm.dll+0x254baa]  (no source info available)
V  [jvm.dll+0x3f57a6]  (no source info available)
V  [jvm.dll+0x81dc0b]  (no source info available)
V  [jvm.dll+0x6e0d85]  (no source info available)
C  [ucrtbase.dll+0x21bb2]  (no source info available)
C  [KERNEL32.DLL+0x17374]  (no source info available)
C  [ntdll.dll+0x4cc91]  (no source info available)


---------------  P R O C E S S  ---------------

Threads class SMR info:
_java_thread_list=0x0000021ca74d2290, length=19, elements={
0x0000021c42cba390, 0x0000021c5ec84410, 0x0000021c5ec860e0, 0x0000021c5ec8a3e0,
0x0000021c5ec8ae40, 0x0000021c5ec8b8a0, 0x0000021c5ec8c300, 0x0000021c5eca2210,
0x0000021c5eca4cd0, 0x0000021ca40becd0, 0x0000021ca438f440, 0x0000021ca4519bb0,
0x0000021ca5738c50, 0x0000021ca7002fe0, 0x0000021ca5f6e350, 0x0000021ca8f7a9e0,
0x0000021ca508cf00, 0x0000021ca508e940, 0x0000021ca508efd0
}

Java Threads: ( => current thread )
  0x0000021c42cba390 JavaThread "main"                              [_thread_in_Java, id=968, stack(0x000000c9ef700000,0x000000c9ef800000) (1024K)]
  0x0000021c5ec84410 JavaThread "Reference Handler"          daemon [_thread_blocked, id=3884, stack(0x000000c9eff00000,0x000000c9f0000000) (1024K)]
  0x0000021c5ec860e0 JavaThread "Finalizer"                  daemon [_thread_blocked, id=10184, stack(0x000000c9f0000000,0x000000c9f0100000) (1024K)]
  0x0000021c5ec8a3e0 JavaThread "Signal Dispatcher"          daemon [_thread_blocked, id=8776, stack(0x000000c9f0100000,0x000000c9f0200000) (1024K)]
  0x0000021c5ec8ae40 JavaThread "Attach Listener"            daemon [_thread_blocked, id=3256, stack(0x000000c9f0200000,0x000000c9f0300000) (1024K)]
  0x0000021c5ec8b8a0 JavaThread "Service Thread"             daemon [_thread_blocked, id=11864, stack(0x000000c9f0300000,0x000000c9f0400000) (1024K)]
  0x0000021c5ec8c300 JavaThread "Monitor Deflation Thread"   daemon [_thread_blocked, id=9188, stack(0x000000c9f0400000,0x000000c9f0500000) (1024K)]
=>0x0000021c5eca2210 JavaThread "C2 CompilerThread0"         daemon [_thread_in_native, id=8160, stack(0x000000c9f0500000,0x000000c9f0600000) (1024K)]
  0x0000021c5eca4cd0 JavaThread "C1 CompilerThread0"         daemon [_thread_in_native, id=8628, stack(0x000000c9f0600000,0x000000c9f0700000) (1024K)]
  0x0000021ca40becd0 JavaThread "Common-Cleaner"             daemon [_thread_blocked, id=11412, stack(0x000000c9f0700000,0x000000c9f0800000) (1024K)]
  0x0000021ca438f440 JavaThread "Monitor Ctrl-Break"         daemon [_thread_in_native, id=1780, stack(0x000000c9f0900000,0x000000c9f0a00000) (1024K)]
  0x0000021ca4519bb0 JavaThread "Notification Thread"        daemon [_thread_blocked, id=9160, stack(0x000000c9f0a00000,0x000000c9f0b00000) (1024K)]
  0x0000021ca5738c50 JavaThread "PostgreSQL-JDBC-Cleaner"    daemon [_thread_blocked, id=10340, stack(0x000000c9f0f00000,0x000000c9f1000000) (1024K)]
  0x0000021ca7002fe0 JavaThread "HikariPool-1 housekeeper"   daemon [_thread_blocked, id=8472, stack(0x000000c9f1000000,0x000000c9f1100000) (1024K)]
  0x0000021ca5f6e350 JavaThread "HikariPool-1 connection adder" daemon [_thread_blocked, id=8056, stack(0x000000c9f1100000,0x000000c9f1200000) (1024K)]
  0x0000021ca8f7a9e0 JavaThread "C2 CompilerThread1"         daemon [_thread_in_native, id=9308, stack(0x000000c9f0800000,0x000000c9f0900000) (1024K)]
  0x0000021ca508cf00 JavaThread "Catalina-utility-1"                [_thread_blocked, id=11248, stack(0x000000c9f1200000,0x000000c9f1300000) (1024K)]
  0x0000021ca508e940 JavaThread "Catalina-utility-2"                [_thread_blocked, id=12012, stack(0x000000c9f1300000,0x000000c9f1400000) (1024K)]
  0x0000021ca508efd0 JavaThread "container-0"                       [_thread_blocked, id=2168, stack(0x000000c9f1400000,0x000000c9f1500000) (1024K)]
Total: 19

Other Threads:
  0x0000021c5ec69e40 VMThread "VM Thread"                           [id=7024, stack(0x000000c9efe00000,0x000000c9eff00000) (1024K)]
  0x0000021c5ec517c0 WatcherThread "VM Periodic Task Thread"        [id=12204, stack(0x000000c9efd00000,0x000000c9efe00000) (1024K)]
  0x0000021c42d12170 WorkerThread "GC Thread#0"                     [id=10400, stack(0x000000c9ef800000,0x000000c9ef900000) (1024K)]
  0x0000021ca4721d00 WorkerThread "GC Thread#1"                     [id=9096, stack(0x000000c9f0b00000,0x000000c9f0c00000) (1024K)]
  0x0000021ca47220b0 WorkerThread "GC Thread#2"                     [id=11620, stack(0x000000c9f0c00000,0x000000c9f0d00000) (1024K)]
  0x0000021ca471d5c0 WorkerThread "GC Thread#3"                     [id=12008, stack(0x000000c9f0d00000,0x000000c9f0e00000) (1024K)]
  0x0000021c42d237a0 ConcurrentGCThread "G1 Main Marker"            [id=1160, stack(0x000000c9ef900000,0x000000c9efa00000) (1024K)]
  0x0000021c42d24a50 WorkerThread "G1 Conc#0"                       [id=11288, stack(0x000000c9efa00000,0x000000c9efb00000) (1024K)]
  0x0000021c5eb11560 ConcurrentGCThread "G1 Refine#0"               [id=11044, stack(0x000000c9efb00000,0x000000c9efc00000) (1024K)]
  0x0000021c5eb11ff0 ConcurrentGCThread "G1 Service"                [id=1524, stack(0x000000c9efc00000,0x000000c9efd00000) (1024K)]
Total: 10

Threads with active compile tasks:
C2 CompilerThread0  16311 5115   !   4       org.springframework.core.annotation.AnnotationsScanner::processMethodHierarchy (276 bytes)
C1 CompilerThread0  16311 5248       3       org.springframework.beans.factory.support.AbstractBeanDefinition::<init> (500 bytes)
C2 CompilerThread1  16312 5239       4       java.lang.reflect.Method::getAnnotation (6 bytes)
Total: 3

VM state: not at safepoint (normal execution)

VM Mutex/Monitor currently owned by a thread: None

Heap address: 0x0000000081c00000, size: 2020 MB, Compressed Oops mode: 32-bit

CDS archive(s) mapped at: [0x0000021c5f000000-0x0000021c5fc60000-0x0000021c5fc60000), size 12976128, SharedBaseAddress: 0x0000021c5f000000, ArchiveRelocationMode: 1.
Compressed class space mapped at: 0x0000021c60000000-0x0000021ca0000000, reserved size: 1073741824
Narrow klass base: 0x0000021c5f000000, Narrow klass shift: 0, Narrow klass range: 0x41000000

GC Precious Log:
 CardTable entry size: 512
 Card Set container configuration: InlinePtr #cards 5 size 8 Array Of Cards #cards 12 size 40 Howl #buckets 4 coarsen threshold 1843 Howl Bitmap #cards 512 size 80 coarsen threshold 460 Card regions per heap region 1 cards per card region 2048
 CPUs: 4 total, 4 available
 Memory: 8073M
 Large Page Support: Disabled
 NUMA Support: Disabled
 Compressed Oops: Enabled (32-bit)
 Heap Region Size: 1M
 Heap Min Capacity: 8M
 Heap Initial Capacity: 128M
 Heap Max Capacity: 2020M
 Pre-touch: Disabled
 Parallel Workers: 4
 Concurrent Workers: 1
 Concurrent Refinement Workers: 4
 Periodic GC: Disabled

Heap:
 garbage-first heap   total reserved 2068480K, committed 58368K, used 36574K [0x0000000081c00000, 0x0000000100000000)
  region size 1024K, 14 young (14336K), 3 survivors (3072K)
 Metaspace       used 61250K, committed 61952K, reserved 1114112K
  class space    used 8586K, committed 8896K, reserved 1048576K

Heap Regions: E=young(eden), S=young(survivor), O=old, HS=humongous(starts), HC=humongous(continues), CS=collection set, F=free, TAMS=top-at-mark-start, PB=parsable bottom
|   0|0x0000000081c00000, 0x0000000081d00000, 0x0000000081d00000|100%|HS|  |TAMS 0x0000000081c00000| PB 0x0000000081c00000| Complete |  0
|   1|0x0000000081d00000, 0x0000000081e00000, 0x0000000081e00000|100%|HS|  |TAMS 0x0000000081d00000| PB 0x0000000081d00000| Complete |  0
|   2|0x0000000081e00000, 0x0000000081f00000, 0x0000000081f00000|100%| O|  |TAMS 0x0000000081e00000| PB 0x0000000081e00000| Untracked |  0
|   3|0x0000000081f00000, 0x0000000082000000, 0x0000000082000000|100%| O|  |TAMS 0x0000000081f00000| PB 0x0000000081f00000| Untracked |  0
|   4|0x0000000082000000, 0x0000000082100000, 0x0000000082100000|100%| O|  |TAMS 0x0000000082000000| PB 0x0000000082000000| Untracked |  0
|   5|0x0000000082100000, 0x0000000082200000, 0x0000000082200000|100%| O|  |TAMS 0x0000000082100000| PB 0x0000000082100000| Untracked |  0
|   6|0x0000000082200000, 0x0000000082300000, 0x0000000082300000|100%| O|  |TAMS 0x0000000082200000| PB 0x0000000082200000| Untracked |  0
|   7|0x0000000082300000, 0x0000000082400000, 0x0000000082400000|100%| O|  |TAMS 0x0000000082300000| PB 0x0000000082300000| Untracked |  0
|   8|0x0000000082400000, 0x0000000082500000, 0x0000000082500000|100%| O|  |TAMS 0x0000000082400000| PB 0x0000000082400000| Untracked |  0
|   9|0x0000000082500000, 0x0000000082600000, 0x0000000082600000|100%| O|  |TAMS 0x0000000082500000| PB 0x0000000082500000| Untracked |  0
|  10|0x0000000082600000, 0x0000000082700000, 0x0000000082700000|100%| O|  |TAMS 0x0000000082600000| PB 0x0000000082600000| Untracked |  0
|  11|0x0000000082700000, 0x0000000082800000, 0x0000000082800000|100%| O|  |TAMS 0x0000000082700000| PB 0x0000000082700000| Untracked |  0
|  12|0x0000000082800000, 0x0000000082900000, 0x0000000082900000|100%| O|  |TAMS 0x0000000082800000| PB 0x0000000082800000| Untracked |  0
|  13|0x0000000082900000, 0x0000000082a00000, 0x0000000082a00000|100%| O|  |TAMS 0x0000000082900000| PB 0x0000000082900000| Untracked |  0
|  14|0x0000000082a00000, 0x0000000082b00000, 0x0000000082b00000|100%| O|  |TAMS 0x0000000082a00000| PB 0x0000000082a00000| Untracked |  0
|  15|0x0000000082b00000, 0x0000000082c00000, 0x0000000082c00000|100%| O|  |TAMS 0x0000000082b00000| PB 0x0000000082b00000| Untracked |  0
|  16|0x0000000082c00000, 0x0000000082d00000, 0x0000000082d00000|100%| O|  |TAMS 0x0000000082c00000| PB 0x0000000082c00000| Untracked |  0
|  17|0x0000000082d00000, 0x0000000082e00000, 0x0000000082e00000|100%| O|  |TAMS 0x0000000082d00000| PB 0x0000000082d00000| Untracked |  0
|  18|0x0000000082e00000, 0x0000000082f00000, 0x0000000082f00000|100%| O|Cm|TAMS 0x0000000082e00000| PB 0x0000000082e00000| Complete |  0
|  19|0x0000000082f00000, 0x0000000083000000, 0x0000000083000000|100%| O|  |TAMS 0x0000000082f00000| PB 0x0000000082f00000| Untracked |  0
|  20|0x0000000083000000, 0x0000000083100000, 0x0000000083100000|100%| O|  |TAMS 0x0000000083000000| PB 0x0000000083000000| Untracked |  0
|  21|0x0000000083100000, 0x0000000083200000, 0x0000000083200000|100%| O|  |TAMS 0x0000000083100000| PB 0x0000000083100000| Untracked |  0
|  22|0x0000000083200000, 0x0000000083300000, 0x0000000083300000|100%| O|  |TAMS 0x0000000083200000| PB 0x0000000083200000| Untracked |  0
|  23|0x0000000083300000, 0x00000000833735f0, 0x0000000083400000| 45%| O|  |TAMS 0x0000000083300000| PB 0x0000000083300000| Untracked |  0
|  24|0x0000000083400000, 0x0000000083400000, 0x0000000083500000|  0%| F|  |TAMS 0x0000000083400000| PB 0x0000000083400000| Untracked |  0
|  25|0x0000000083500000, 0x0000000083500000, 0x0000000083600000|  0%| F|  |TAMS 0x0000000083500000| PB 0x0000000083500000| Untracked |  0
|  26|0x0000000083600000, 0x0000000083600000, 0x0000000083700000|  0%| F|  |TAMS 0x0000000083600000| PB 0x0000000083600000| Untracked |  0
|  27|0x0000000083700000, 0x0000000083700000, 0x0000000083800000|  0%| F|  |TAMS 0x0000000083700000| PB 0x0000000083700000| Untracked |  0
|  28|0x0000000083800000, 0x0000000083800000, 0x0000000083900000|  0%| F|  |TAMS 0x0000000083800000| PB 0x0000000083800000| Untracked |  0
|  29|0x0000000083900000, 0x0000000083900000, 0x0000000083a00000|  0%| F|  |TAMS 0x0000000083900000| PB 0x0000000083900000| Untracked |  0
|  30|0x0000000083a00000, 0x0000000083a00000, 0x0000000083b00000|  0%| F|  |TAMS 0x0000000083a00000| PB 0x0000000083a00000| Untracked |  0
|  31|0x0000000083b00000, 0x0000000083b00000, 0x0000000083c00000|  0%| F|  |TAMS 0x0000000083b00000| PB 0x0000000083b00000| Untracked |  0
|  32|0x0000000083c00000, 0x0000000083c00000, 0x0000000083d00000|  0%| F|  |TAMS 0x0000000083c00000| PB 0x0000000083c00000| Untracked |  0
|  33|0x0000000083d00000, 0x0000000083d00000, 0x0000000083e00000|  0%| F|  |TAMS 0x0000000083d00000| PB 0x0000000083d00000| Untracked |  0
|  34|0x0000000083e00000, 0x0000000083e00000, 0x0000000083f00000|  0%| F|  |TAMS 0x0000000083e00000| PB 0x0000000083e00000| Untracked |  0
|  35|0x0000000083f00000, 0x0000000083f00000, 0x0000000084000000|  0%| F|  |TAMS 0x0000000083f00000| PB 0x0000000083f00000| Untracked |  0
|  36|0x0000000084000000, 0x0000000084000000, 0x0000000084100000|  0%| F|  |TAMS 0x0000000084000000| PB 0x0000000084000000| Untracked |  0
|  37|0x0000000084100000, 0x0000000084100000, 0x0000000084200000|  0%| F|  |TAMS 0x0000000084100000| PB 0x0000000084100000| Untracked |  0
|  38|0x0000000084200000, 0x0000000084200000, 0x0000000084300000|  0%| F|  |TAMS 0x0000000084200000| PB 0x0000000084200000| Untracked |  0
|  39|0x0000000084300000, 0x0000000084300000, 0x0000000084400000|  0%| F|  |TAMS 0x0000000084300000| PB 0x0000000084300000| Untracked |  0
|  40|0x0000000084400000, 0x0000000084400000, 0x0000000084500000|  0%| F|  |TAMS 0x0000000084400000| PB 0x0000000084400000| Untracked |  0
|  41|0x0000000084500000, 0x0000000084500000, 0x0000000084600000|  0%| F|  |TAMS 0x0000000084500000| PB 0x0000000084500000| Untracked |  0
|  42|0x0000000084600000, 0x0000000084600000, 0x0000000084700000|  0%| F|  |TAMS 0x0000000084600000| PB 0x0000000084600000| Untracked |  0
|  43|0x0000000084700000, 0x00000000847966d8, 0x0000000084800000| 58%| E|  |TAMS 0x0000000084700000| PB 0x0000000084700000| Complete |  0
|  44|0x0000000084800000, 0x0000000084844278, 0x0000000084900000| 26%| S|CS|TAMS 0x0000000084800000| PB 0x0000000084800000| Complete |  0
|  45|0x0000000084900000, 0x0000000084a00000, 0x0000000084a00000|100%| S|CS|TAMS 0x0000000084900000| PB 0x0000000084900000| Complete |  0
|  46|0x0000000084a00000, 0x0000000084b00000, 0x0000000084b00000|100%| S|CS|TAMS 0x0000000084a00000| PB 0x0000000084a00000| Complete |  0
|  47|0x0000000084b00000, 0x0000000084c00000, 0x0000000084c00000|100%| E|CS|TAMS 0x0000000084b00000| PB 0x0000000084b00000| Complete |  0
|  48|0x0000000084c00000, 0x0000000084d00000, 0x0000000084d00000|100%| E|CS|TAMS 0x0000000084c00000| PB 0x0000000084c00000| Complete |  0
| 105|0x0000000088500000, 0x0000000088600000, 0x0000000088600000|100%| E|CS|TAMS 0x0000000088500000| PB 0x0000000088500000| Complete |  0
| 106|0x0000000088600000, 0x0000000088700000, 0x0000000088700000|100%| E|CS|TAMS 0x0000000088600000| PB 0x0000000088600000| Complete |  0
| 107|0x0000000088700000, 0x0000000088800000, 0x0000000088800000|100%| E|CS|TAMS 0x0000000088700000| PB 0x0000000088700000| Complete |  0
| 108|0x0000000088800000, 0x0000000088900000, 0x0000000088900000|100%| E|CS|TAMS 0x0000000088800000| PB 0x0000000088800000| Complete |  0
| 109|0x0000000088900000, 0x0000000088a00000, 0x0000000088a00000|100%| E|CS|TAMS 0x0000000088900000| PB 0x0000000088900000| Complete |  0
| 110|0x0000000088a00000, 0x0000000088b00000, 0x0000000088b00000|100%| E|CS|TAMS 0x0000000088a00000| PB 0x0000000088a00000| Complete |  0
| 126|0x0000000089a00000, 0x0000000089b00000, 0x0000000089b00000|100%| E|CS|TAMS 0x0000000089a00000| PB 0x0000000089a00000| Complete |  0
| 127|0x0000000089b00000, 0x0000000089c00000, 0x0000000089c00000|100%| E|CS|TAMS 0x0000000089b00000| PB 0x0000000089b00000| Complete |  0

Card table byte_map: [0x0000021c5a410000,0x0000021c5a810000] _byte_map_base: 0x0000021c5a002000

Marking Bits: (CMBitMap*) 0x0000021c42d13090
 Bits: [0x0000021c5a810000, 0x0000021c5c7a0000)

Polling page: 0x0000021c40cb0000

Metaspace:

Usage:
  Non-class:     51.45 MB used.
      Class:      8.39 MB used.
       Both:     59.83 MB used.

Virtual space:
  Non-class space:       64.00 MB reserved,      51.81 MB ( 81%) committed,  1 nodes.
      Class space:        1.00 GB reserved,       8.69 MB ( <1%) committed,  1 nodes.
             Both:        1.06 GB reserved,      60.50 MB (  6%) committed. 

Chunk freelists:
   Non-Class:  11.89 MB
       Class:  7.33 MB
        Both:  19.22 MB

MaxMetaspaceSize: unlimited
CompressedClassSpaceSize: 1.00 GB
Initial GC threshold: 21.00 MB
Current GC threshold: 98.12 MB
CDS: on
 - commit_granule_bytes: 65536.
 - commit_granule_words: 8192.
 - virtual_space_node_default_size: 8388608.
 - enlarge_chunks_in_place: 1.
 - use_allocation_guard: 0.


Internal statistics:

num_allocs_failed_limit: 11.
num_arena_births: 844.
num_arena_deaths: 0.
num_vsnodes_births: 2.
num_vsnodes_deaths: 0.
num_space_committed: 968.
num_space_uncommitted: 0.
num_chunks_returned_to_freelist: 11.
num_chunks_taken_from_freelist: 3017.
num_chunk_merges: 11.
num_chunk_splits: 2184.
num_chunks_enlarged: 1695.
num_inconsistent_stats: 0.

CodeHeap 'non-profiled nmethods': size=120000Kb used=2741Kb max_used=2958Kb free=117258Kb
 bounds [0x0000021c52ae0000, 0x0000021c52de0000, 0x0000021c5a010000]
CodeHeap 'profiled nmethods': size=120000Kb used=8783Kb max_used=9371Kb free=111216Kb
 bounds [0x0000021c4b010000, 0x0000021c4b940000, 0x0000021c52540000]
CodeHeap 'non-nmethods': size=5760Kb used=1648Kb max_used=1687Kb free=4112Kb
 bounds [0x0000021c52540000, 0x0000021c527b0000, 0x0000021c52ae0000]
 total_blobs=5279 nmethods=4587 adapters=596
 compilation: enabled
              stopped_count=0, restarted_count=0
 full_count=0

Compilation events (20 events):
Event: 15.754 Thread 0x0000021c5eca4cd0 5157       3       java.util.regex.Pattern$BnM::optimize (179 bytes)
Event: 15.755 Thread 0x0000021c5eca4cd0 nmethod 5157 0x0000021c4b2a0890 code [0x0000021c4b2a0ae0, 0x0000021c4b2a1800]
Event: 15.756 Thread 0x0000021c5eca4cd0 5158       3       org.springframework.data.util.Lazy::<init> (20 bytes)
Event: 15.756 Thread 0x0000021c5eca4cd0 nmethod 5158 0x0000021c4b543290 code [0x0000021c4b543440, 0x0000021c4b543670]
Event: 15.756 Thread 0x0000021c5eca4cd0 5159       3       org.springframework.data.util.Lazy::<init> (8 bytes)
Event: 15.756 Thread 0x0000021c5eca4cd0 nmethod 5159 0x0000021c4b475310 code [0x0000021c4b4754c0, 0x0000021c4b475720]
Event: 15.756 Thread 0x0000021c5eca4cd0 5160       3       org.springframework.data.util.Lazy::of (9 bytes)
Event: 15.757 Thread 0x0000021c5eca4cd0 nmethod 5160 0x0000021c4b0deb90 code [0x0000021c4b0ded40, 0x0000021c4b0df000]
Event: 15.757 Thread 0x0000021c5eca4cd0 5163       1       java.util.Formatter$FormatSpecifier::index (5 bytes)
Event: 15.757 Thread 0x0000021c5eca4cd0 nmethod 5163 0x0000021c52b4ae10 code [0x0000021c52b4afa0, 0x0000021c52b4b068]
Event: 15.758 Thread 0x0000021c5eca4cd0 5164       3       java.util.Formatter$Flags::contains (13 bytes)
Event: 15.758 Thread 0x0000021c5eca4cd0 nmethod 5164 0x0000021c4b13e410 code [0x0000021c4b13e5a0, 0x0000021c4b13e6e0]
Event: 15.758 Thread 0x0000021c5eca4cd0 5165       3       java.util.Spliterators::spliterator (16 bytes)
Event: 15.759 Thread 0x0000021c5eca4cd0 nmethod 5165 0x0000021c4b0fd390 code [0x0000021c4b0fd560, 0x0000021c4b0fd858]
Event: 15.759 Thread 0x0000021c5eca4cd0 5166       3       java.util.concurrent.ConcurrentHashMap::resizeStamp (9 bytes)
Event: 15.760 Thread 0x0000021c5eca4cd0 nmethod 5166 0x0000021c4b18d110 code [0x0000021c4b18d2c0, 0x0000021c4b18d3d8]
Event: 15.771 Thread 0x0000021c5eca4cd0 5167       1       java.util.concurrent.atomic.AtomicReference::get (5 bytes)
Event: 15.771 Thread 0x0000021c5eca4cd0 nmethod 5167 0x0000021c52b7eb10 code [0x0000021c52b7eca0, 0x0000021c52b7ed68]
Event: 15.776 Thread 0x0000021c5eca4cd0 5168       3       java.util.stream.MatchOps$1MatchSink::accept (44 bytes)
Event: 15.776 Thread 0x0000021c5eca4cd0 nmethod 5168 0x0000021c4b4f1990 code [0x0000021c4b4f1b40, 0x0000021c4b4f1d98]

GC Heap History (20 events):
Event: 4.281 GC heap before
{Heap before GC invocations=2 (full 0):
 garbage-first heap   total reserved 2068480K, committed 131072K, used 40659K [0x0000000081c00000, 0x0000000100000000)
  region size 1024K, 34 young (34816K), 2 survivors (2048K)
 Metaspace       used 18078K, committed 18432K, reserved 1114112K
  class space    used 2317K, committed 2496K, reserved 1048576K
}
Event: 4.292 GC heap after
{Heap after GC invocations=3 (full 0):
 garbage-first heap   total reserved 2068480K, committed 131072K, used 11458K [0x0000000081c00000, 0x0000000100000000)
  region size 1024K, 4 young (4096K), 4 survivors (4096K)
 Metaspace       used 18078K, committed 18432K, reserved 1114112K
  class space    used 2317K, committed 2496K, reserved 1048576K
}
Event: 4.795 GC heap before
{Heap before GC invocations=3 (full 0):
 garbage-first heap   total reserved 2068480K, committed 131072K, used 26818K [0x0000000081c00000, 0x0000000100000000)
  region size 1024K, 21 young (21504K), 4 survivors (4096K)
 Metaspace       used 21188K, committed 21504K, reserved 1114112K
  class space    used 2704K, committed 2816K, reserved 1048576K
}
Event: 4.806 GC heap after
{Heap after GC invocations=4 (full 0):
 garbage-first heap   total reserved 2068480K, committed 131072K, used 12837K [0x0000000081c00000, 0x0000000100000000)
  region size 1024K, 6 young (6144K), 6 survivors (6144K)
 Metaspace       used 21188K, committed 21504K, reserved 1114112K
  class space    used 2704K, committed 2816K, reserved 1048576K
}
Event: 5.900 GC heap before
{Heap before GC invocations=5 (full 0):
 garbage-first heap   total reserved 2068480K, committed 48128K, used 35365K [0x0000000081c00000, 0x0000000100000000)
  region size 1024K, 28 young (28672K), 6 survivors (6144K)
 Metaspace       used 23960K, committed 24256K, reserved 1114112K
  class space    used 3059K, committed 3200K, reserved 1048576K
}
Event: 5.920 GC heap after
{Heap after GC invocations=6 (full 0):
 garbage-first heap   total reserved 2068480K, committed 48128K, used 15391K [0x0000000081c00000, 0x0000000100000000)
  region size 1024K, 4 young (4096K), 4 survivors (4096K)
 Metaspace       used 23960K, committed 24256K, reserved 1114112K
  class space    used 3059K, committed 3200K, reserved 1048576K
}
Event: 7.355 GC heap before
{Heap before GC invocations=6 (full 0):
 garbage-first heap   total reserved 2068480K, committed 48128K, used 36895K [0x0000000081c00000, 0x0000000100000000)
  region size 1024K, 25 young (25600K), 4 survivors (4096K)
 Metaspace       used 27685K, committed 28096K, reserved 1114112K
  class space    used 3587K, committed 3776K, reserved 1048576K
}
Event: 7.377 GC heap after
{Heap after GC invocations=7 (full 0):
 garbage-first heap   total reserved 2068480K, committed 48128K, used 17408K [0x0000000081c00000, 0x0000000100000000)
  region size 1024K, 2 young (2048K), 2 survivors (2048K)
 Metaspace       used 27685K, committed 28096K, reserved 1114112K
  class space    used 3587K, committed 3776K, reserved 1048576K
}
Event: 8.823 GC heap before
{Heap before GC invocations=7 (full 0):
 garbage-first heap   total reserved 2068480K, committed 48128K, used 38912K [0x0000000081c00000, 0x0000000100000000)
  region size 1024K, 23 young (23552K), 2 survivors (2048K)
 Metaspace       used 32072K, committed 32576K, reserved 1114112K
  class space    used 4200K, committed 4416K, reserved 1048576K
}
Event: 8.841 GC heap after
{Heap after GC invocations=8 (full 0):
 garbage-first heap   total reserved 2068480K, committed 48128K, used 19577K [0x0000000081c00000, 0x0000000100000000)
  region size 1024K, 3 young (3072K), 3 survivors (3072K)
 Metaspace       used 32072K, committed 32576K, reserved 1114112K
  class space    used 4200K, committed 4416K, reserved 1048576K
}
Event: 10.058 GC heap before
{Heap before GC invocations=8 (full 0):
 garbage-first heap   total reserved 2068480K, committed 48128K, used 34937K [0x0000000081c00000, 0x0000000100000000)
  region size 1024K, 20 young (20480K), 3 survivors (3072K)
 Metaspace       used 35457K, committed 35968K, reserved 1114112K
  class space    used 4646K, committed 4864K, reserved 1048576K
}
Event: 10.078 GC heap after
{Heap after GC invocations=9 (full 0):
 garbage-first heap   total reserved 2068480K, committed 58368K, used 21349K [0x0000000081c00000, 0x0000000100000000)
  region size 1024K, 2 young (2048K), 2 survivors (2048K)
 Metaspace       used 35457K, committed 35968K, reserved 1114112K
  class space    used 4646K, committed 4864K, reserved 1048576K
}
Event: 12.296 GC heap before
{Heap before GC invocations=10 (full 0):
 garbage-first heap   total reserved 2068480K, committed 58368K, used 47973K [0x0000000081c00000, 0x0000000100000000)
  region size 1024K, 29 young (29696K), 2 survivors (2048K)
 Metaspace       used 43428K, committed 44032K, reserved 1114112K
  class space    used 5868K, committed 6144K, reserved 1048576K
}
Event: 12.311 GC heap after
{Heap after GC invocations=11 (full 0):
 garbage-first heap   total reserved 2068480K, committed 58368K, used 23226K [0x0000000081c00000, 0x0000000100000000)
  region size 1024K, 4 young (4096K), 4 survivors (4096K)
 Metaspace       used 43428K, committed 44032K, reserved 1114112K
  class space    used 5868K, committed 6144K, reserved 1048576K
}
Event: 13.797 GC heap before
{Heap before GC invocations=11 (full 0):
 garbage-first heap   total reserved 2068480K, committed 58368K, used 47802K [0x0000000081c00000, 0x0000000100000000)
  region size 1024K, 29 young (29696K), 4 survivors (4096K)
 Metaspace       used 49339K, committed 49920K, reserved 1114112K
  class space    used 6687K, committed 6912K, reserved 1048576K
}
Event: 13.816 GC heap after
{Heap after GC invocations=12 (full 0):
 garbage-first heap   total reserved 2068480K, committed 58368K, used 24438K [0x0000000081c00000, 0x0000000100000000)
  region size 1024K, 4 young (4096K), 4 survivors (4096K)
 Metaspace       used 49339K, committed 49920K, reserved 1114112K
  class space    used 6687K, committed 6912K, reserved 1048576K
}
Event: 14.962 GC heap before
{Heap before GC invocations=12 (full 0):
 garbage-first heap   total reserved 2068480K, committed 58368K, used 49014K [0x0000000081c00000, 0x0000000100000000)
  region size 1024K, 28 young (28672K), 4 survivors (4096K)
 Metaspace       used 57080K, committed 57664K, reserved 1114112K
  class space    used 7991K, committed 8256K, reserved 1048576K
}
Event: 14.979 GC heap after
{Heap after GC invocations=13 (full 0):
 garbage-first heap   total reserved 2068480K, committed 58368K, used 25164K [0x0000000081c00000, 0x0000000100000000)
  region size 1024K, 3 young (3072K), 3 survivors (3072K)
 Metaspace       used 57080K, committed 57664K, reserved 1114112K
  class space    used 7991K, committed 8256K, reserved 1048576K
}
Event: 15.542 GC heap before
{Heap before GC invocations=13 (full 0):
 garbage-first heap   total reserved 2068480K, committed 58368K, used 34380K [0x0000000081c00000, 0x0000000100000000)
  region size 1024K, 13 young (13312K), 3 survivors (3072K)
 Metaspace       used 59462K, committed 60096K, reserved 1114112K
  class space    used 8224K, committed 8448K, reserved 1048576K
}
Event: 15.557 GC heap after
{Heap after GC invocations=14 (full 0):
 garbage-first heap   total reserved 2068480K, committed 58368K, used 26334K [0x0000000081c00000, 0x0000000100000000)
  region size 1024K, 3 young (3072K), 3 survivors (3072K)
 Metaspace       used 59462K, committed 60096K, reserved 1114112K
  class space    used 8224K, committed 8448K, reserved 1048576K
}

Dll operation events (15 events):
Event: 0.089 Loaded shared library C:\Program Files\Java\jdk-22\bin\java.dll
Event: 0.487 Loaded shared library C:\Program Files\Java\jdk-22\bin\jsvml.dll
Event: 0.764 Loaded shared library C:\Program Files\Java\jdk-22\bin\zip.dll
Event: 0.797 Loaded shared library C:\Program Files\Java\jdk-22\bin\instrument.dll
Event: 0.809 Loaded shared library C:\Program Files\Java\jdk-22\bin\net.dll
Event: 0.813 Loaded shared library C:\Program Files\Java\jdk-22\bin\nio.dll
Event: 0.822 Loaded shared library C:\Program Files\Java\jdk-22\bin\zip.dll
Event: 1.099 Loaded shared library C:\Program Files\JetBrains\IntelliJ IDEA Community Edition 2024.2.3\bin\breakgen64.dll
Event: 1.121 Loaded shared library C:\Program Files\Java\jdk-22\bin\extnet.dll
Event: 1.206 Loaded shared library C:\Program Files\Java\jdk-22\bin\jimage.dll
Event: 3.032 Loaded shared library C:\Program Files\Java\jdk-22\bin\le.dll
Event: 5.252 Loaded shared library C:\Program Files\Java\jdk-22\bin\sunmscapi.dll
Event: 9.028 Loaded shared library C:\Program Files\Java\jdk-22\bin\management.dll
Event: 9.033 Loaded shared library C:\Program Files\Java\jdk-22\bin\management_ext.dll
Event: 10.814 Loaded shared library C:\Program Files\Java\jdk-22\bin\verify.dll

Deoptimization events (20 events):
Event: 15.107 Thread 0x0000021c42cba390 Uncommon trap: trap_request=0xffffffbe fr.pc=0x0000021c52d08ee8 relative=0x0000000000004188
Event: 15.107 Thread 0x0000021c42cba390 Uncommon trap: reason=profile_predicate action=maybe_recompile pc=0x0000021c52d08ee8 method=org.springframework.util.ReflectionUtils.doWithMethods(Ljava/lang/Class;Lorg/springframework/util/ReflectionUtils$MethodCallback;Lorg/springframework/util/Reflecti
Event: 15.107 Thread 0x0000021c42cba390 DEOPT PACKING pc=0x0000021c52d08ee8 sp=0x000000c9ef7fa7d0
Event: 15.107 Thread 0x0000021c42cba390 DEOPT UNPACKING pc=0x0000021c525946a2 sp=0x000000c9ef7fa818 mode 2
Event: 15.110 Thread 0x0000021c42cba390 Uncommon trap: trap_request=0xffffff45 fr.pc=0x0000021c52b04e08 relative=0x00000000000001e8
Event: 15.110 Thread 0x0000021c42cba390 Uncommon trap: reason=unstable_if action=reinterpret pc=0x0000021c52b04e08 method=java.util.ArrayDeque.addLast(Ljava/lang/Object;)V @ 42 c2
Event: 15.110 Thread 0x0000021c42cba390 DEOPT PACKING pc=0x0000021c52b04e08 sp=0x000000c9ef7fbb50
Event: 15.110 Thread 0x0000021c42cba390 DEOPT UNPACKING pc=0x0000021c525946a2 sp=0x000000c9ef7fbaa8 mode 2
Event: 15.229 Thread 0x0000021c42cba390 Uncommon trap: trap_request=0xfffffff4 fr.pc=0x0000021c52dad358 relative=0x0000000000001f18
Event: 15.229 Thread 0x0000021c42cba390 Uncommon trap: reason=null_check action=make_not_entrant pc=0x0000021c52dad358 method=java.lang.Class.getMethodsRecursive(Ljava/lang/String;[Ljava/lang/Class;ZZ)Ljava/lang/PublicMethods$MethodList; @ 27 c2
Event: 15.229 Thread 0x0000021c42cba390 DEOPT PACKING pc=0x0000021c52dad358 sp=0x000000c9ef7fbb60
Event: 15.229 Thread 0x0000021c42cba390 DEOPT UNPACKING pc=0x0000021c525946a2 sp=0x000000c9ef7fbb40 mode 2
Event: 15.243 Thread 0x0000021c42cba390 Uncommon trap: trap_request=0xffffff45 fr.pc=0x0000021c52bb8834 relative=0x0000000000000994
Event: 15.243 Thread 0x0000021c42cba390 Uncommon trap: reason=unstable_if action=reinterpret pc=0x0000021c52bb8834 method=java.util.WeakHashMap.put(Ljava/lang/Object;Ljava/lang/Object;)Ljava/lang/Object; @ 146 c2
Event: 15.243 Thread 0x0000021c42cba390 DEOPT PACKING pc=0x0000021c52bb8834 sp=0x000000c9ef7fab60
Event: 15.244 Thread 0x0000021c42cba390 DEOPT UNPACKING pc=0x0000021c525946a2 sp=0x000000c9ef7fab38 mode 2
Event: 15.296 Thread 0x0000021c42cba390 Uncommon trap: trap_request=0xfffffff4 fr.pc=0x0000021c52d987f0 relative=0x0000000000000330
Event: 15.296 Thread 0x0000021c42cba390 Uncommon trap: reason=null_check action=make_not_entrant pc=0x0000021c52d987f0 method=sun.invoke.util.VerifyType.isNullConversion(Ljava/lang/Class;Ljava/lang/Class;Z)Z @ 67 c2
Event: 15.296 Thread 0x0000021c42cba390 DEOPT PACKING pc=0x0000021c52d987f0 sp=0x000000c9ef7fba50
Event: 15.296 Thread 0x0000021c42cba390 DEOPT UNPACKING pc=0x0000021c525946a2 sp=0x000000c9ef7fb9d0 mode 2

Classes loaded (20 events):
Event: 13.019 Loading class java/util/stream/ReduceOps$1ReducingSink
Event: 13.019 Loading class java/util/stream/ReduceOps$1ReducingSink done
Event: 13.224 Loading class javax/naming/RefAddr
Event: 13.224 Loading class javax/naming/RefAddr done
Event: 13.224 Loading class javax/naming/StringRefAddr
Event: 13.224 Loading class javax/naming/StringRefAddr done
Event: 13.308 Loading class java/util/concurrent/CompletableFuture$AltResult
Event: 13.308 Loading class java/util/concurrent/CompletableFuture$AltResult done
Event: 13.310 Loading class java/util/concurrent/CompletableFuture$Completion
Event: 13.311 Loading class java/util/concurrent/CompletableFuture$AsynchronousCompletionTask
Event: 13.311 Loading class java/util/concurrent/CompletableFuture$AsynchronousCompletionTask done
Event: 13.311 Loading class java/util/concurrent/CompletableFuture$Completion done
Event: 13.567 Loading class java/util/concurrent/CancellationException
Event: 13.567 Loading class java/util/concurrent/CancellationException done
Event: 14.258 Loading class java/util/ArrayList$ListItr
Event: 14.259 Loading class java/util/ArrayList$ListItr done
Event: 14.353 Loading class java/util/AbstractList$SubList
Event: 14.353 Loading class java/util/AbstractList$SubList done
Event: 15.097 Loading class javax/naming/Reference
Event: 15.097 Loading class javax/naming/Reference done

Classes unloaded (0 events):
No events

Classes redefined (0 events):
No events

Internal exceptions (20 events):
Event: 14.719 Thread 0x0000021c42cba390 Exception <a 'java/lang/NoSuchMethodError'{0x0000000084301d38}: 'java.lang.Object java.lang.invoke.DirectMethodHandle$Holder.newInvokeSpecial(java.lang.Object, java.lang.Object, int, java.lang.Object)'> (0x0000000084301d38) 
thrown [s\open\src\hotspot\share\interpreter\linkResolver.cpp, line 774]
Event: 14.719 Thread 0x0000021c42cba390 Exception <a 'java/lang/NoSuchMethodError'{0x0000000084305eb8}: 'java.lang.Object java.lang.invoke.Invokers$Holder.linkToTargetMethod(java.lang.Object, int, java.lang.Object, java.lang.Object)'> (0x0000000084305eb8) 
thrown [s\open\src\hotspot\share\interpreter\linkResolver.cpp, line 774]
Event: 14.736 Thread 0x0000021c42cba390 Exception <a 'java/lang/NoSuchMethodError'{0x000000008438b4f8}: 'void java.lang.invoke.DirectMethodHandle$Holder.invokeSpecial(java.lang.Object, java.lang.Object, java.lang.Object, java.lang.Object, java.lang.Object, java.lang.Object, java.lang.Object, java.lang.Object)'> (0x000000008438b4f8) 
thrown [s\open\src\hotspot\share\interpreter\linkResolver.cpp, line 774]
Event: 14.744 Thread 0x0000021c42cba390 Exception <a 'java/lang/NoSuchMethodError'{0x00000000843c3a38}: 'void java.lang.invoke.DirectMethodHandle$Holder.invokeSpecial(java.lang.Object, java.lang.Object, int, java.lang.Object)'> (0x00000000843c3a38) 
thrown [s\open\src\hotspot\share\interpreter\linkResolver.cpp, line 774]
Event: 14.745 Thread 0x0000021c42cba390 Exception <a 'java/lang/NoSuchMethodError'{0x00000000843ca590}: 'java.lang.Object java.lang.invoke.DirectMethodHandle$Holder.newInvokeSpecial(java.lang.Object, java.lang.Object, int)'> (0x00000000843ca590) 
thrown [s\open\src\hotspot\share\interpreter\linkResolver.cpp, line 774]
Event: 14.745 Thread 0x0000021c42cba390 Exception <a 'java/lang/IncompatibleClassChangeError'{0x00000000843ce5f0}: Found class java.lang.Object, but interface was expected> (0x00000000843ce5f0) 
thrown [s\open\src\hotspot\share\interpreter\linkResolver.cpp, line 841]
Event: 14.783 Thread 0x0000021c42cba390 Exception <a 'java/lang/NoSuchMethodError'{0x00000000841182a0}: 'int java.lang.invoke.DirectMethodHandle$Holder.invokeStatic(java.lang.Object, int, java.lang.Object)'> (0x00000000841182a0) 
thrown [s\open\src\hotspot\share\interpreter\linkResolver.cpp, line 774]
Event: 14.787 Thread 0x0000021c42cba390 Exception <a 'java/lang/NoSuchMethodError'{0x0000000084135460}: 'java.lang.Object java.lang.invoke.DirectMethodHandle$Holder.newInvokeSpecial(java.lang.Object, java.lang.Object, java.lang.Object, java.lang.Object, java.lang.Object, int, java.lang.Object)'> (0x0000000084135460) 
thrown [s\open\src\hotspot\share\interpreter\linkResolver.cpp, line 774]
Event: 14.794 Thread 0x0000021c42cba390 Exception <a 'java/lang/NoSuchMethodError'{0x0000000084166528}: 'java.lang.Object java.lang.invoke.DirectMethodHandle$Holder.newInvokeSpecial(java.lang.Object, java.lang.Object, java.lang.Object, java.lang.Object, java.lang.Object, java.lang.Object, java.lang.Object, java.lang.Object, java.lang.Object, java.lang.Object, java.lang.Object, java.lang.Object)'> (0x0000000084166528) 
thrown [s\open\src\hotspot\share\interpreter\linkResolver.cpp, line 774]
Event: 14.795 Thread 0x0000021c42cba390 Exception <a 'java/lang/NoSuchMethodError'{0x000000008416b5e0}: 'java.lang.Object java.lang.invoke.DirectMethodHandle$Holder.invokeSpecial(java.lang.Object, java.lang.Object, java.lang.Object, java.lang.Object, java.lang.Object, java.lang.Object, java.lang.Object, java.lang.Object, java.lang.Object, java.lang.Object, java.lang.Object, java.lang.Object, java.lang.Object)'> (0x000000008416b5e0) 
thrown [s\open\src\hotspot\share\interpreter\linkResolver.cpp, line 774]
Event: 14.795 Thread 0x0000021c42cba390 Exception <a 'java/lang/NoSuchMethodError'{0x00000000841702c8}: 'java.lang.Object java.lang.invoke.Invokers$Holder.linkToTargetMethod(java.lang.Object, java.lang.Object, java.lang.Object, java.lang.Object, java.lang.Object, java.lang.Object, java.lang.Object, java.lang.Object, java.lang.Object, java.lang.Object, java.lang.Object, java.lang.Object)'> (0x00000000841702c8) 
thrown [s\open\src\hotspot\share\interpreter\linkResolver.cpp, line 774]
Event: 14.845 Thread 0x0000021c42cba390 Exception <a 'java/lang/IncompatibleClassChangeError'{0x00000000840eb908}: Found class java.lang.Object, but interface was expected> (0x00000000840eb908) 
thrown [s\open\src\hotspot\share\interpreter\linkResolver.cpp, line 841]
Event: 14.862 Thread 0x0000021c42cba390 Exception <a 'java/lang/NoSuchMethodError'{0x0000000083f5ee30}: 'java.lang.Object java.lang.invoke.DirectMethodHandle$Holder.newInvokeSpecial(java.lang.Object, java.lang.Object, java.lang.Object, java.lang.Object, java.lang.Object, java.lang.Object, java.lang.Object, int)'> (0x0000000083f5ee30) 
thrown [s\open\src\hotspot\share\interpreter\linkResolver.cpp, line 774]
Event: 14.863 Thread 0x0000021c42cba390 Exception <a 'java/lang/NoSuchMethodError'{0x0000000083f63bd0}: 'java.lang.Object java.lang.invoke.DirectMethodHandle$Holder.invokeSpecial(java.lang.Object, java.lang.Object, java.lang.Object, java.lang.Object, java.lang.Object, java.lang.Object, java.lang.Object, java.lang.Object, int)'> (0x0000000083f63bd0) 
thrown [s\open\src\hotspot\share\interpreter\linkResolver.cpp, line 774]
Event: 14.863 Thread 0x0000021c42cba390 Exception <a 'java/lang/NoSuchMethodError'{0x0000000083f683f8}: 'java.lang.Object java.lang.invoke.Invokers$Holder.linkToTargetMethod(java.lang.Object, java.lang.Object, java.lang.Object, java.lang.Object, java.lang.Object, java.lang.Object, int, java.lang.Object)'> (0x0000000083f683f8) 
thrown [s\open\src\hotspot\share\interpreter\linkResolver.cpp, line 774]
Event: 14.891 Thread 0x0000021c42cba390 Exception <a 'java/lang/NoSuchMethodError'{0x0000000083e1ec10}: 'void java.lang.invoke.DirectMethodHandle$Holder.invokeInterface(java.lang.Object, java.lang.Object)'> (0x0000000083e1ec10) 
thrown [s\open\src\hotspot\share\interpreter\linkResolver.cpp, line 774]
Event: 15.229 Thread 0x0000021c42cba390 Implicit null exception at 0x0000021c52dab757 to 0x0000021c52dad344
Event: 15.241 Thread 0x0000021c42cba390 Exception <a 'java/lang/IncompatibleClassChangeError'{0x00000000888cbde8}: Found class java.lang.Object, but interface was expected> (0x00000000888cbde8) 
thrown [s\open\src\hotspot\share\interpreter\linkResolver.cpp, line 841]
Event: 15.296 Thread 0x0000021c42cba390 Implicit null exception at 0x0000021c52d98573 to 0x0000021c52d987dc
Event: 15.337 Thread 0x0000021c42cba390 Exception <a 'java/lang/IncompatibleClassChangeError'{0x000000008864ab98}: Found class java.lang.Object, but interface was expected> (0x000000008864ab98) 
thrown [s\open\src\hotspot\share\interpreter\linkResolver.cpp, line 841]

ZGC Phase Switch (0 events):
No events

VM Operations (20 events):
Event: 12.295 Executing VM operation: G1CollectForAllocation (G1 Evacuation Pause)
Event: 12.311 Executing VM operation: G1CollectForAllocation (G1 Evacuation Pause) done
Event: 12.953 Executing VM operation: HandshakeAllThreads (Deoptimize)
Event: 12.953 Executing VM operation: HandshakeAllThreads (Deoptimize) done
Event: 13.797 Executing VM operation: G1CollectForAllocation (G1 Evacuation Pause)
Event: 13.816 Executing VM operation: G1CollectForAllocation (G1 Evacuation Pause) done
Event: 14.251 Executing VM operation: HandshakeAllThreads (Deoptimize)
Event: 14.251 Executing VM operation: HandshakeAllThreads (Deoptimize) done
Event: 14.260 Executing VM operation: HandshakeAllThreads (Deoptimize)
Event: 14.260 Executing VM operation: HandshakeAllThreads (Deoptimize) done
Event: 14.571 Executing VM operation: HandshakeAllThreads (Deoptimize)
Event: 14.571 Executing VM operation: HandshakeAllThreads (Deoptimize) done
Event: 14.962 Executing VM operation: G1CollectForAllocation (G1 Evacuation Pause)
Event: 14.979 Executing VM operation: G1CollectForAllocation (G1 Evacuation Pause) done
Event: 15.542 Executing VM operation: CollectForMetadataAllocation (Metadata GC Threshold)
Event: 15.557 Executing VM operation: CollectForMetadataAllocation (Metadata GC Threshold) done
Event: 15.655 Executing VM operation: G1PauseRemark
Event: 15.668 Executing VM operation: G1PauseRemark done
Event: 15.713 Executing VM operation: G1PauseCleanup
Event: 15.713 Executing VM operation: G1PauseCleanup done

Memory protections (0 events):
No events

Nmethod flushes (20 events):
Event: 15.666 Thread 0x0000021c5ec69e40 flushing  nmethod 0x0000021c4b68e210
Event: 15.666 Thread 0x0000021c5ec69e40 flushing  nmethod 0x0000021c4b6a6c90
Event: 15.666 Thread 0x0000021c5ec69e40 flushing  nmethod 0x0000021c4b6d9890
Event: 15.666 Thread 0x0000021c5ec69e40 flushing  nmethod 0x0000021c4b6e8590
Event: 15.666 Thread 0x0000021c5ec69e40 flushing  nmethod 0x0000021c4b6ebd90
Event: 15.666 Thread 0x0000021c5ec69e40 flushing  nmethod 0x0000021c4b70c510
Event: 15.666 Thread 0x0000021c5ec69e40 flushing  nmethod 0x0000021c4b70c910
Event: 15.666 Thread 0x0000021c5ec69e40 flushing  nmethod 0x0000021c4b752b90
Event: 15.666 Thread 0x0000021c5ec69e40 flushing  nmethod 0x0000021c4b779d90
Event: 15.666 Thread 0x0000021c5ec69e40 flushing  nmethod 0x0000021c4b77b190
Event: 15.666 Thread 0x0000021c5ec69e40 flushing  nmethod 0x0000021c4b78c490
Event: 15.666 Thread 0x0000021c5ec69e40 flushing  nmethod 0x0000021c4b7ae710
Event: 15.666 Thread 0x0000021c5ec69e40 flushing  nmethod 0x0000021c4b7b9090
Event: 15.666 Thread 0x0000021c5ec69e40 flushing  nmethod 0x0000021c4b7bab90
Event: 15.666 Thread 0x0000021c5ec69e40 flushing  nmethod 0x0000021c4b7d4810
Event: 15.666 Thread 0x0000021c5ec69e40 flushing  nmethod 0x0000021c4b836310
Event: 15.666 Thread 0x0000021c5ec69e40 flushing  nmethod 0x0000021c4b836a90
Event: 15.666 Thread 0x0000021c5ec69e40 flushing  nmethod 0x0000021c4b84df90
Event: 15.666 Thread 0x0000021c5ec69e40 flushing  nmethod 0x0000021c4b84e310
Event: 15.666 Thread 0x0000021c5ec69e40 flushing  nmethod 0x0000021c4b85fd10

Events (20 events):
Event: 0.485 Thread 0x0000021c42cba390 Thread added: 0x0000021c5eca4cd0
Event: 0.634 Thread 0x0000021c42cba390 Thread added: 0x0000021ca40becd0
Event: 0.944 Thread 0x0000021c5eca4cd0 Thread added: 0x0000021ca43c0bc0
Event: 1.101 Thread 0x0000021c42cba390 Thread added: 0x0000021ca438f440
Event: 1.101 Thread 0x0000021c42cba390 Thread added: 0x0000021ca4519bb0
Event: 1.872 Thread 0x0000021ca43c0bc0 Thread exited: 0x0000021ca43c0bc0
Event: 2.929 Thread 0x0000021c42cba390 Thread added: 0x0000021ca4dc84b0
Event: 2.976 Thread 0x0000021c5eca2210 Thread added: 0x0000021ca4e4e950
Event: 4.774 Thread 0x0000021c42cba390 Thread added: 0x0000021ca54ecd40
Event: 4.910 Thread 0x0000021ca54ecd40 Thread exited: 0x0000021ca54ecd40
Event: 5.263 Thread 0x0000021ca4dc84b0 Thread exited: 0x0000021ca4dc84b0
Event: 6.034 Thread 0x0000021ca4e4e950 Thread exited: 0x0000021ca4e4e950
Event: 6.338 Thread 0x0000021c5eca4cd0 Thread added: 0x0000021ca6729570
Event: 12.116 Thread 0x0000021c42cba390 Thread added: 0x0000021ca5738c50
Event: 12.153 Thread 0x0000021c42cba390 Thread added: 0x0000021ca7002fe0
Event: 12.267 Thread 0x0000021ca7002fe0 Thread added: 0x0000021ca5f6e350
Event: 13.876 Thread 0x0000021ca6729570 Thread exited: 0x0000021ca6729570
Event: 14.295 Thread 0x0000021c5eca2210 Thread added: 0x0000021ca65401b0
Event: 14.783 Thread 0x0000021ca65401b0 Thread exited: 0x0000021ca65401b0
Event: 15.132 Thread 0x0000021c5eca4cd0 Thread added: 0x0000021ca8f7a9e0


Dynamic libraries:
0x00007ff686660000 - 0x00007ff686670000 	C:\Program Files\Java\jdk-22\bin\java.exe
0x00007fffeef50000 - 0x00007fffef148000 	C:\Windows\SYSTEM32\ntdll.dll
0x00007fffed3c0000 - 0x00007fffed482000 	C:\Windows\System32\KERNEL32.DLL
0x00007fffec6f0000 - 0x00007fffec9ee000 	C:\Windows\System32\KERNELBASE.dll
0x00007fffec5f0000 - 0x00007fffec6f0000 	C:\Windows\System32\ucrtbase.dll
0x00007fffe95d0000 - 0x00007fffe95eb000 	C:\Program Files\Java\jdk-22\bin\VCRUNTIME140.dll
0x00007fffe95f0000 - 0x00007fffe9607000 	C:\Program Files\Java\jdk-22\bin\jli.dll
0x00007fffed220000 - 0x00007fffed3bd000 	C:\Windows\System32\USER32.dll
0x00007fffecbb0000 - 0x00007fffecbd2000 	C:\Windows\System32\win32u.dll
0x00007fffd5810000 - 0x00007fffd5aaa000 	C:\Windows\WinSxS\amd64_microsoft.windows.common-controls_6595b64144ccf1df_6.0.19041.4355_none_60b8b9eb71f62e16\COMCTL32.dll
0x00007fffeed20000 - 0x00007fffeed4b000 	C:\Windows\System32\GDI32.dll
0x00007fffeec80000 - 0x00007fffeed1e000 	C:\Windows\System32\msvcrt.dll
0x00007fffeca90000 - 0x00007fffecba7000 	C:\Windows\System32\gdi32full.dll
0x00007fffec9f0000 - 0x00007fffeca8d000 	C:\Windows\System32\msvcp_win.dll
0x00007fffed790000 - 0x00007fffed7bf000 	C:\Windows\System32\IMM32.DLL
0x00007fffe95c0000 - 0x00007fffe95cc000 	C:\Program Files\Java\jdk-22\bin\vcruntime140_1.dll
0x00007fffd4760000 - 0x00007fffd47ee000 	C:\Program Files\Java\jdk-22\bin\msvcp140.dll
0x00007fffb1f30000 - 0x00007fffb2c79000 	C:\Program Files\Java\jdk-22\bin\server\jvm.dll
0x00007fffed630000 - 0x00007fffed6e1000 	C:\Windows\System32\ADVAPI32.dll
0x00007fffed6f0000 - 0x00007fffed78f000 	C:\Windows\System32\sechost.dll
0x00007fffeede0000 - 0x00007fffeef03000 	C:\Windows\System32\RPCRT4.dll
0x00007fffecc90000 - 0x00007fffeccb7000 	C:\Windows\System32\bcrypt.dll
0x00007fffed5b0000 - 0x00007fffed61b000 	C:\Windows\System32\WS2_32.dll
0x00007fffec3a0000 - 0x00007fffec3eb000 	C:\Windows\SYSTEM32\POWRPROF.dll
0x00007fffd9640000 - 0x00007fffd9667000 	C:\Windows\SYSTEM32\WINMM.dll
0x00007fffe93c0000 - 0x00007fffe93ca000 	C:\Windows\SYSTEM32\VERSION.dll
0x00007fffec380000 - 0x00007fffec392000 	C:\Windows\SYSTEM32\UMPDC.dll
0x00007fffeadd0000 - 0x00007fffeade2000 	C:\Windows\SYSTEM32\kernel.appcore.dll
0x00007fffe93f0000 - 0x00007fffe93fa000 	C:\Program Files\Java\jdk-22\bin\jimage.dll
0x00007fffda0c0000 - 0x00007fffda2a4000 	C:\Windows\SYSTEM32\DBGHELP.DLL
0x00007fffd9e90000 - 0x00007fffd9ec4000 	C:\Windows\SYSTEM32\dbgcore.DLL
0x00007fffecee0000 - 0x00007fffecf62000 	C:\Windows\System32\bcryptPrimitives.dll
0x00007fffe93e0000 - 0x00007fffe93ef000 	C:\Program Files\Java\jdk-22\bin\instrument.dll
0x00007fffe9210000 - 0x00007fffe922e000 	C:\Program Files\Java\jdk-22\bin\java.dll
0x00007fffed890000 - 0x00007fffedffd000 	C:\Windows\System32\SHELL32.dll
0x00007fffed020000 - 0x00007fffed14b000 	C:\Windows\System32\ole32.dll
0x00007fffee910000 - 0x00007fffeec63000 	C:\Windows\System32\combase.dll
0x00007fffe9fe0000 - 0x00007fffea784000 	C:\Windows\SYSTEM32\windows.storage.dll
0x00007fffebe70000 - 0x00007fffebe9e000 	C:\Windows\SYSTEM32\Wldp.dll
0x00007fffed7c0000 - 0x00007fffed88d000 	C:\Windows\System32\OLEAUT32.dll
0x00007fffecf70000 - 0x00007fffed01d000 	C:\Windows\System32\SHCORE.dll
0x00007fffee770000 - 0x00007fffee7c5000 	C:\Windows\System32\shlwapi.dll
0x00007fffec520000 - 0x00007fffec544000 	C:\Windows\SYSTEM32\profapi.dll
0x00007fffd4680000 - 0x00007fffd4757000 	C:\Program Files\Java\jdk-22\bin\jsvml.dll
0x00007fffe91f0000 - 0x00007fffe9207000 	C:\Program Files\Java\jdk-22\bin\zip.dll
0x00007fffe9390000 - 0x00007fffe93a0000 	C:\Program Files\Java\jdk-22\bin\net.dll
0x00007fffebc50000 - 0x00007fffebcba000 	C:\Windows\system32\mswsock.dll
0x00007fffe91d0000 - 0x00007fffe91e6000 	C:\Program Files\Java\jdk-22\bin\nio.dll
0x00007fffe8c70000 - 0x00007fffe8c8a000 	C:\Program Files\JetBrains\IntelliJ IDEA Community Edition 2024.2.3\bin\breakgen64.dll
0x00007fffe91c0000 - 0x00007fffe91c9000 	C:\Program Files\Java\jdk-22\bin\extnet.dll
0x00007fffe1930000 - 0x00007fffe193b000 	C:\Program Files\Java\jdk-22\bin\le.dll
0x00007fffe4080000 - 0x00007fffe408e000 	C:\Program Files\Java\jdk-22\bin\sunmscapi.dll
0x00007fffecd30000 - 0x00007fffece8c000 	C:\Windows\System32\CRYPT32.dll
0x00007fffebee0000 - 0x00007fffebf07000 	C:\Windows\SYSTEM32\ncrypt.dll
0x00007fffebea0000 - 0x00007fffebedb000 	C:\Windows\SYSTEM32\NTASN1.dll
0x00007fffec1c0000 - 0x00007fffec1d8000 	C:\Windows\SYSTEM32\CRYPTSP.dll
0x00007fffeb590000 - 0x00007fffeb5c4000 	C:\Windows\system32\rsaenh.dll
0x00007fffec4e0000 - 0x00007fffec50e000 	C:\Windows\SYSTEM32\USERENV.dll
0x00007fffebde0000 - 0x00007fffebdec000 	C:\Windows\SYSTEM32\CRYPTBASE.dll
0x00007fffeb950000 - 0x00007fffeb98b000 	C:\Windows\SYSTEM32\IPHLPAPI.DLL
0x00007fffed620000 - 0x00007fffed628000 	C:\Windows\System32\NSI.dll
0x00007fffe87c0000 - 0x00007fffe87ca000 	C:\Program Files\Java\jdk-22\bin\management.dll
0x00007fffe87b0000 - 0x00007fffe87bb000 	C:\Program Files\Java\jdk-22\bin\management_ext.dll
0x00007fffeedd0000 - 0x00007fffeedd8000 	C:\Windows\System32\PSAPI.DLL
0x00007fffe1920000 - 0x00007fffe1930000 	C:\Program Files\Java\jdk-22\bin\verify.dll
0x00007fffeb990000 - 0x00007fffeba5a000 	C:\Windows\SYSTEM32\DNSAPI.dll
0x00007fffdf7f0000 - 0x00007fffdf7fa000 	C:\Windows\System32\rasadhlp.dll
0x00007fffe11d0000 - 0x00007fffe1250000 	C:\Windows\System32\fwpuclnt.dll

dbghelp: loaded successfully - version: 4.0.5 - missing functions: none
symbol engine: initialized successfully - sym options: 0x614 - pdb path: .;C:\Program Files\Java\jdk-22\bin;C:\Windows\SYSTEM32;C:\Windows\WinSxS\amd64_microsoft.windows.common-controls_6595b64144ccf1df_6.0.19041.4355_none_60b8b9eb71f62e16;C:\Program Files\Java\jdk-22\bin\server;C:\Program Files\JetBrains\IntelliJ IDEA Community Edition 2024.2.3\bin

VM Arguments:
jvm_args: -javaagent:C:\Program Files\JetBrains\IntelliJ IDEA Community Edition 2024.2.3\lib\idea_rt.jar=50071:C:\Program Files\JetBrains\IntelliJ IDEA Community Edition 2024.2.3\bin -Dfile.encoding=UTF-8 -Dsun.stdout.encoding=UTF-8 -Dsun.stderr.encoding=UTF-8 
java_command: com.ubedpathan.Nexora.NexoraApplication
java_class_path (initial): D:\Projects\Nexora\nexora_server\target\classes;C:\Users\Ubed\.m2\repository\org\springframework\boot\spring-boot-starter-data-jpa\3.4.1\spring-boot-starter-data-jpa-3.4.1.jar;C:\Users\Ubed\.m2\repository\org\springframework\boot\spring-boot-starter\3.4.1\spring-boot-starter-3.4.1.jar;C:\Users\Ubed\.m2\repository\org\springframework\boot\spring-boot\3.4.1\spring-boot-3.4.1.jar;C:\Users\Ubed\.m2\repository\org\springframework\boot\spring-boot-autoconfigure\3.4.1\spring-boot-autoconfigure-3.4.1.jar;C:\Users\Ubed\.m2\repository\org\springframework\boot\spring-boot-starter-logging\3.4.1\spring-boot-starter-logging-3.4.1.jar;C:\Users\Ubed\.m2\repository\ch\qos\logback\logback-classic\1.5.12\logback-classic-1.5.12.jar;C:\Users\Ubed\.m2\repository\ch\qos\logback\logback-core\1.5.12\logback-core-1.5.12.jar;C:\Users\Ubed\.m2\repository\org\apache\logging\log4j\log4j-to-slf4j\2.24.3\log4j-to-slf4j-2.24.3.jar;C:\Users\Ubed\.m2\repository\org\apache\logging\log4j\log4j-api\2.24.3\log4j-api-2.24.3.jar;C:\Users\Ubed\.m2\repository\org\slf4j\jul-to-slf4j\2.0.16\jul-to-slf4j-2.0.16.jar;C:\Users\Ubed\.m2\repository\jakarta\annotation\jakarta.annotation-api\2.1.1\jakarta.annotation-api-2.1.1.jar;C:\Users\Ubed\.m2\repository\org\yaml\snakeyaml\2.3\snakeyaml-2.3.jar;C:\Users\Ubed\.m2\repository\org\springframework\boot\spring-boot-starter-jdbc\3.4.1\spring-boot-starter-jdbc-3.4.1.jar;C:\Users\Ubed\.m2\repository\com\zaxxer\HikariCP\5.1.0\HikariCP-5.1.0.jar;C:\Users\Ubed\.m2\repository\org\springframework\spring-jdbc\6.2.1\spring-jdbc-6.2.1.jar;C:\Users\Ubed\.m2\repository\org\hibernate\orm\hibernate-core\6.6.4.Final\hibernate-core-6.6.4.Final.jar;C:\Users\Ubed\.m2\repository\jakarta\persistence\jakarta.persistence-api\3.1.0\jakarta.persistence-api-3.1.0.jar;C:\Users\Ubed\.m2\repository\jakarta\transaction\jakarta.transaction-api\2.0.1\jakarta.transaction-api-2.0.1.jar;C:\Users\Ubed\.m2\repository\org\jboss\logging\jboss-logging\3.6.1.Final\jboss-logging-3.6.1.Final.jar;C:\Users\Ubed\.m2\repository\org\hibernate\common\hibernate-commons-annotations\7.0.3.Final\hibernate-commons-annotations-7.0.3.Final.jar;C:\Users\Ubed\.m2\repository\io\smallrye\jandex\3.2.0\jandex-3.2.0.jar;C:\Users\Ubed\.m2\repository\com\fasterxml\classmate\1.7.0\classmate-1.7.0.jar;C:\Users\Ubed\.m2\repository\net\bytebuddy\byte-buddy\1.15.11\byte-buddy-1.15.11.jar;C:\Users\Ubed\.m2\repository\org\glassfish\jaxb\jaxb-runtime\4.0.5\jaxb-runtime-4.0.5.jar;C:\Users\Ubed\.m2\repository\org\glassfish\jaxb\jaxb-core\4.0.5\jaxb-core-4.0.5.jar;C:\Users\Ubed\.m2\repository\org\eclipse\angus\angus-activation\2.0.2\angus-activation-2.0.2.jar;C:\Users\Ubed\.m2\repository\org\glassfish\jaxb\txw2\4.0.5\txw2-4.0.5.jar;C:\Users\Ubed\.m2\repository\com\sun\istack\istack-commons-runtime\4.1.2\istack-commons-runtime-4.1.2.jar;C:\Users\Ubed\.m2\repository\jakarta\inject\jakarta.inject-api\2.0.1\jakarta.inject-api-2.0.1.jar;C:\Users\Ubed\.m2\repository\org\antlr\antlr4-runtime\4.13.0\antlr4-runtime-4.13.0.jar;C:\Users\Ubed\.m2\repository\org\springframework\data\spring-data-jpa\3.4.1\spring-data-jpa-3.4.1.jar;C:\Users\Ubed\.m2\repository\org\springframework\data\spring-data-commons\3.4.1\spring-data-commons-3.4.1.jar;C:\Users\Ubed\.m2\repository\org\springframework\spring-orm\6.2.1\spring-orm-6.2.1.jar;C:\Users\Ubed\.m2\repository\org\springframework\spring-context\6.2.1\spring-context-6.2.1.jar;C:\Users\Ubed\.m2\repository\org\springframework\spring-tx\6.2.1\spring-tx-6.2.1.jar;C:\Users\Ubed\.m2\repository\org\springframework\spring-beans\6.2.1\spring-beans-6.2.1.jar;C:\Users\Ubed\.m2\repository\org\slf4j\slf4j-api\2.0.16\slf4j-api-2.0.16.jar;C:\Users\Ubed\.m2\repository\org\springframework\spring-aspects\6.2.1\spring-aspects-6.2.1.jar;C:\Users\Ubed\.m2\repository\org\aspectj\aspectjweaver\1.9.22.1\aspectjweaver-1.9.22.1.jar;C:\Users\Ubed\.m2\repository\org\springframework\boot\spring-boot-starter-validation\3.4.0\spring-boot-starter-validation-3.4.0.jar;C:\Users\Ubed\.m2\repository\org\apache\tomcat\embed\tomcat-embed-el\10.1.34\tomcat-embed-el-10.1.34.jar;C:\Users\Ubed\.m2\repository\org\hibernate\validator\hibernate-validator\8.0.2.Final\hibernate-validator-8.0.2.Final.jar;C:\Users\Ubed\.m2\repository\jakarta\validation\jakarta.validation-api\3.0.2\jakarta.validation-api-3.0.2.jar;C:\Users\Ubed\.m2\repository\org\springframework\boot\spring-boot-starter-security\3.4.1\spring-boot-starter-security-3.4.1.jar;C:\Users\Ubed\.m2\repository\org\springframework\spring-aop\6.2.1\spring-aop-6.2.1.jar;C:\Users\Ubed\.m2\repository\org\springframework\security\spring-security-config\6.4.2\spring-security-config-6.4.2.jar;C:\Users\Ubed\.m2\repository\org\springframework\security\spring-security-core\6.4.2\spring-security-core-6.4.2.jar;C:\Users\Ubed\.m2\repository\org\springframework\security\spring-security-crypto\6.4.2\spring-security-crypto-6.4.2.jar;C:\Users\Ubed\.m2\repository\org\springframework\security\spring-security-web\6.4.2\spring-security-web-6.4.2.jar;C:\Users\Ubed\.m2\repository\org\springframework\spring-expression\6.2.1\spring-expression-6.2.1.jar;C:\Users\Ubed\.m2\repository\org\springframework\boot\spring-boot-starter-web\3.4.1\spring-boot-starter-web-3.4.1.jar;C:\Users\Ubed\.m2\repository\org\springframework\boot\spring-boot-starter-json\3.4.1\spring-boot-starter-json-3.4.1.jar;C:\Users\Ubed\.m2\repository\com\fasterxml\jackson\datatype\jackson-datatype-jdk8\2.18.2\jackson-datatype-jdk8-2.18.2.jar;C:\Users\Ubed\.m2\repository\com\fasterxml\jackson\datatype\jackson-datatype-jsr310\2.18.2\jackson-datatype-jsr310-2.18.2.jar;C:\Users\Ubed\.m2\repository\com\fasterxml\jackson\module\jackson-module-parameter-names\2.18.2\jackson-module-parameter-names-2.18.2.jar;C:\Users\Ubed\.m2\repository\org\springframework\boot\spring-boot-starter-tomcat\3.4.1\spring-boot-starter-tomcat-3.4.1.jar;C:\Users\Ubed\.m2\repository\org\apache\tomcat\embed\tomcat-embed-core\10.1.34\tomcat-embed-core-10.1.34.jar;C:\Users\Ubed\.m2\repository\org\apache\tomcat\embed\tomcat-embed-websocket\10.1.34\tomcat-embed-websocket-10.1.34.jar;C:\Users\Ubed\.m2\repository\org\springframework\spring-web\6.2.1\spring-web-6.2.1.jar;C:\Users\Ubed\.m2\repository\io\micrometer\micrometer-observation\1.14.2\micrometer-observation-1.14.2.jar;C:\Users\Ubed\.m2\repository\io\micrometer\micrometer-commons\1.14.2\micrometer-commons-1.14.2.jar;C:\Users\Ubed\.m2\repository\org\springframework\spring-webmvc\6.2.1\spring-webmvc-6.2.1.jar;C:\Users\Ubed\.m2\repository\org\postgresql\postgresql\42.7.4\postgresql-42.7.4.jar;C:\Users\Ubed\.m2\repository\org\checkerframework\checker-qual\3.42.0\checker-qual-3.42.0.jar;C:\Users\Ubed\.m2\repository\jakarta\xml\bind\jakarta.xml.bind-api\4.0.2\jakarta.xml.bind-api-4.0.2.jar;C:\Users\Ubed\.m2\repository\jakarta\activation\jakarta.activation-api\2.1.3\jakarta.activation-api-2.1.3.jar;C:\Users\Ubed\.m2\repository\org\springframework\spring-core\6.2.1\spring-core-6.2.1.jar;C:\Users\Ubed\.m2\repository\org\springframework\spring-jcl\6.2.1\spring-jcl-6.2.1.jar;C:\Users\Ubed\.m2\repository\io\jsonwebtoken\jjwt-api\0.12.5\jjwt-api-0.12.5.jar;C:\Users\Ubed\.m2\repository\io\jsonwebtoken\jjwt-impl\0.12.5\jjwt-impl-0.12.5.jar;C:\Users\Ubed\.m2\repository\io\jsonwebtoken\jjwt-jackson\0.12.5\jjwt-jackson-0.12.5.jar;C:\Users\Ubed\.m2\repository\com\fasterxml\jackson\core\jackson-databind\2.18.2\jackson-databind-2.18.2.jar;C:\Users\Ubed\.m2\repository\com\fasterxml\jackson\core\jackson-annotations\2.18.2\jackson-annotations-2.18.2.jar;C:\Users\Ubed\.m2\repository\com\fasterxml\jackson\core\jackson-core\2.18.2\jackson-core-2.18.2.jar
Launcher Type: SUN_STANDARD

[Global flags]
     intx CICompilerCount                          = 3                                         {product} {ergonomic}
     uint ConcGCThreads                            = 1                                         {product} {ergonomic}
     uint G1ConcRefinementThreads                  = 4                                         {product} {ergonomic}
   size_t G1HeapRegionSize                         = 1048576                                   {product} {ergonomic}
   size_t InitialHeapSize                          = 134217728                                 {product} {ergonomic}
   size_t MarkStackSize                            = 4194304                                   {product} {ergonomic}
   size_t MaxHeapSize                              = 2118123520                                {product} {ergonomic}
   size_t MaxNewSize                               = 1270874112                                {product} {ergonomic}
   size_t MinHeapDeltaBytes                        = 1048576                                   {product} {ergonomic}
   size_t MinHeapSize                              = 8388608                                   {product} {ergonomic}
    uintx NonNMethodCodeHeapSize                   = 5832780                                {pd product} {ergonomic}
    uintx NonProfiledCodeHeapSize                  = 122912730                              {pd product} {ergonomic}
    uintx ProfiledCodeHeapSize                     = 122912730                              {pd product} {ergonomic}
    uintx ReservedCodeCacheSize                    = 251658240                              {pd product} {ergonomic}
     bool SegmentedCodeCache                       = true                                      {product} {ergonomic}
   size_t SoftMaxHeapSize                          = 2118123520                             {manageable} {ergonomic}
     bool UseCompressedOops                        = true                           {product lp64_product} {ergonomic}
     bool UseG1GC                                  = true                                      {product} {ergonomic}
     bool UseLargePagesIndividualAllocation        = false                                  {pd product} {ergonomic}

Logging:
Log output configuration:
 #0: stdout all=warning uptime,level,tags foldmultilines=false
 #1: stderr all=off uptime,level,tags foldmultilines=false

Environment Variables:
JAVA_HOME=C:\Program Files\Java\jdk-17
PATH=C:\Users\Ubed\AppData\Local\Programs\Python\Python312\Scripts\;C:\Users\Ubed\AppData\Local\Programs\Python\Python312\;C:\Program Files\Java\jdk-17\bin;C:\Program Files\Common Files\Oracle\Java\javapath;C:\ProgramData\Oracle\Java\javapath;C:\Windows\system32;C:\Windows;C:\Windows\System32\Wbem;C:\Windows\System32\WindowsPowerShell\v1.0\;C:\Windows\System32\OpenSSH\;C:\MinGW\bin;C:\MinGW\bin;C:\Program Files\MySQL\MySQL Server 9.0\bin;C:\ProgramData\chocolatey\bin;C:\Program Files\nodejs;C:\Users\Ubed\AppData\Roaming\npm;C:\Program Files\Git\cmd;C:\Users\Ubed\AppData\Local\Programs\Microsoft VS Code\bin;C:\Program Files\MongoDB\Server\7.0\bin;C:\Program Files\php-8.2.24;C:\maven\bin;C:\Program Files\Docker\Docker\resources\bin;C:\Users\Ubed\AppData\Local\Programs\Python\Launcher\;C:\Users\Ubed\AppData\Local\Programs\Microsoft VS Code\bin;C:\Program Files\Java\jdk-17\bin;C:\Users\Ubed\AppData\Roaming\npm;C:\Program Files\JetBrains\IntelliJ IDEA Community Edition 2024.2.3\bin;;
USERNAME=Ubed
OS=Windows_NT
PROCESSOR_IDENTIFIER=Intel64 Family 6 Model 42 Stepping 7, GenuineIntel
TMP=C:\Users\Ubed\AppData\Local\Temp
TEMP=C:\Users\Ubed\AppData\Local\Temp




Periodic native trim disabled

---------------  S Y S T E M  ---------------

OS:
 Windows 10 , 64 bit Build 19041 (10.0.19041.5198)
OS uptime: 0 days 0:28 hours
Hyper-V role detected

CPU: total 4 (initial active 4) (2 cores per cpu, 2 threads per core) family 6 model 42 stepping 7 microcode 0x2f, cx8, cmov, fxsr, ht, mmx, sse, sse2, sse3, ssse3, sse4.1, sse4.2, popcnt, tsc, tscinvbit, avx, clmul, vzeroupper, clflush, hv, rdtscp
Processor Information for all 4 processors :
  Max Mhz: 2200, Current Mhz: 2200, Mhz Limit: 2200

Memory: 4k page, system-wide physical 8073M (658M free)
TotalPageFile size 10121M (AvailPageFile size 37M)
current process WorkingSet (physical memory assigned to process): 254M, peak: 256M
current process commit charge ("private bytes"): 285M, peak: 287M

vm_info: Java HotSpot(TM) 64-Bit Server VM (22.0.2+9-70) for windows-amd64 JRE (22.0.2+9-70), built on 2024-06-04T16:52:23Z by "mach5one" with MS VC++ 17.6 (VS2022)

END.
