#
# There is insufficient memory for the Java Runtime Environment to continue.
# Native memory allocation (malloc) failed to allocate 738336 bytes for Chunk::new
# Possible reasons:
#   The system is out of physical RAM or swap space
#   The process is running with CompressedOops enabled, and the Java Heap may be blocking the growth of the native heap
# Possible solutions:
#   Reduce memory load on the system
#   Increase physical memory or swap space
#   Check if swap backing store is full
#   Decrease Java heap size (-Xmx/-Xms)
#   Decrease number of Java threads
#   Decrease Java thread stack sizes (-Xss)
#   Set larger code cache with -XX:ReservedCodeCacheSize=
#   JVM is running with Unscaled Compressed Oops mode in which the Java heap is
#     placed in the first 4GB address space. The Java Heap base address is the
#     maximum limit for the native heap growth. Please use -XX:HeapBaseMinAddress
#     to set the Java Heap base and to place the Java Heap above 4GB virtual address.
# This output file may be truncated or incomplete.
#
#  Out of Memory Error (arena.cpp:189), pid=12172, tid=11552
#
# JRE version: Java(TM) SE Runtime Environment (17.0.11+7) (build 17.0.11+7-LTS-207)
# Java VM: Java HotSpot(TM) 64-Bit Server VM (17.0.11+7-LTS-207, mixed mode, sharing, tiered, compressed oops, compressed class ptrs, g1 gc, windows-amd64)
# No core dump will be written. Minidumps are not enabled by default on client versions of Windows
#

---------------  S U M M A R Y ------------

Command Line: -Dclassworlds.conf=C:\maven\bin\m2.conf -Dmaven.home=C:\maven -Dlibrary.jansi.path=C:\maven\lib\jansi-native -Dmaven.multiModuleProjectDirectory=D:\Projects\Nexora\nexora_server org.codehaus.plexus.classworlds.launcher.Launcher clean install

Host: Intel(R) Core(TM) i3-2328M CPU @ 2.20GHz, 4 cores, 7G,  Windows 10 , 64 bit Build 19041 (10.0.19041.5198)
Time: Sun Jan 19 13:51:00 2025 India Standard Time elapsed time: 19.166134 seconds (0d 0h 0m 19s)

---------------  T H R E A D  ---------------

Current thread (0x000001c13fd27480):  JavaThread "C2 CompilerThread0" daemon [_thread_in_native, id=11552, stack(0x000000161ef00000,0x000000161f000000)]


Current CompileTask:
C2:  19166 2551   !   4       java.net.URL::<init> (543 bytes)

Stack: [0x000000161ef00000,0x000000161f000000]
Native frames: (J=compiled Java code, j=interpreted, Vv=VM code, C=native code)
V  [jvm.dll+0x679cca]
V  [jvm.dll+0x7da13d]
V  [jvm.dll+0x7dba83]
V  [jvm.dll+0x7dc0f3]
V  [jvm.dll+0x2449af]
V  [jvm.dll+0xab83b]
V  [jvm.dll+0xabe1c]
V  [jvm.dll+0x3615ae]
V  [jvm.dll+0x32bd61]
V  [jvm.dll+0x32b1fa]
V  [jvm.dll+0x2161df]
V  [jvm.dll+0x21560f]
V  [jvm.dll+0x1a2040]
V  [jvm.dll+0x225a2b]
V  [jvm.dll+0x223bcb]
V  [jvm.dll+0x7903ec]
V  [jvm.dll+0x78a85a]
V  [jvm.dll+0x678bb5]
C  [ucrtbase.dll+0x21bb2]
C  [KERNEL32.DLL+0x17374]
C  [ntdll.dll+0x4cc91]


---------------  P R O C E S S  ---------------

Threads class SMR info:
_java_thread_list=0x000001c185bf8d80, length=13, elements={
0x000001c12249aa10, 0x000001c13fd0a5c0, 0x000001c13fd0b440, 0x000001c13fd1e380,
0x000001c13fd21e60, 0x000001c13fd22820, 0x000001c13fd231e0, 0x000001c13fd27480,
0x000001c13fd2ff40, 0x000001c13fd34960, 0x000001c18505cef0, 0x000001c1850703d0,
0x000001c185afff30
}

Java Threads: ( => current thread )
  0x000001c12249aa10 JavaThread "main" [_thread_in_native, id=9052, stack(0x000000161e200000,0x000000161e300000)]
  0x000001c13fd0a5c0 JavaThread "Reference Handler" daemon [_thread_blocked, id=10580, stack(0x000000161e900000,0x000000161ea00000)]
  0x000001c13fd0b440 JavaThread "Finalizer" daemon [_thread_blocked, id=7584, stack(0x000000161ea00000,0x000000161eb00000)]
  0x000001c13fd1e380 JavaThread "Signal Dispatcher" daemon [_thread_blocked, id=7768, stack(0x000000161eb00000,0x000000161ec00000)]
  0x000001c13fd21e60 JavaThread "Attach Listener" daemon [_thread_blocked, id=11492, stack(0x000000161ec00000,0x000000161ed00000)]
  0x000001c13fd22820 JavaThread "Service Thread" daemon [_thread_blocked, id=2524, stack(0x000000161ed00000,0x000000161ee00000)]
  0x000001c13fd231e0 JavaThread "Monitor Deflation Thread" daemon [_thread_blocked, id=7704, stack(0x000000161ee00000,0x000000161ef00000)]
=>0x000001c13fd27480 JavaThread "C2 CompilerThread0" daemon [_thread_in_native, id=11552, stack(0x000000161ef00000,0x000000161f000000)]
  0x000001c13fd2ff40 JavaThread "C1 CompilerThread0" daemon [_thread_blocked, id=10112, stack(0x000000161f000000,0x000000161f100000)]
  0x000001c13fd34960 JavaThread "Sweeper thread" daemon [_thread_blocked, id=5836, stack(0x000000161f100000,0x000000161f200000)]
  0x000001c18505cef0 JavaThread "Notification Thread" daemon [_thread_blocked, id=3948, stack(0x000000161f200000,0x000000161f300000)]
  0x000001c1850703d0 JavaThread "Common-Cleaner" daemon [_thread_blocked, id=12120, stack(0x000000161f400000,0x000000161f500000)]
  0x000001c185afff30 JavaThread "Thread-1" daemon [_thread_blocked, id=3360, stack(0x000000161f900000,0x000000161fa00000)]

Other Threads:
  0x000001c13fd059b0 VMThread "VM Thread" [stack: 0x000000161e800000,0x000000161e900000] [id=4404]
  0x000001c12250b670 WatcherThread [stack: 0x000000161f300000,0x000000161f400000] [id=9316]
  0x000001c1224f26a0 GCTaskThread "GC Thread#0" [stack: 0x000000161e300000,0x000000161e400000] [id=12284]
  0x000001c185195540 GCTaskThread "GC Thread#1" [stack: 0x000000161f500000,0x000000161f600000] [id=3108]
  0x000001c185928d20 GCTaskThread "GC Thread#2" [stack: 0x000000161f600000,0x000000161f700000] [id=1932]
  0x000001c18596e970 GCTaskThread "GC Thread#3" [stack: 0x000000161f700000,0x000000161f800000] [id=7416]
  0x000001c122503a10 ConcurrentGCThread "G1 Main Marker" [stack: 0x000000161e400000,0x000000161e500000] [id=11252]
  0x000001c122504420 ConcurrentGCThread "G1 Conc#0" [stack: 0x000000161e500000,0x000000161e600000] [id=8040]
  0x000001c13fbc0090 ConcurrentGCThread "G1 Refine#0" [stack: 0x000000161e600000,0x000000161e700000] [id=10908]
  0x000001c185929ff0 ConcurrentGCThread "G1 Refine#1" [stack: 0x000000161f800000,0x000000161f900000] [id=3624]
  0x000001c13fbc0ac0 ConcurrentGCThread "G1 Service" [stack: 0x000000161e700000,0x000000161e800000] [id=9680]

Threads with active compile tasks:
C2 CompilerThread0    19361 2551   !   4       java.net.URL::<init> (543 bytes)

VM state: not at safepoint (normal execution)

VM Mutex/Monitor currently owned by a thread: None

Heap address: 0x0000000081c00000, size: 2020 MB, Compressed Oops mode: 32-bit

CDS archive(s) mapped at: [0x000001c140000000-0x000001c140bd0000-0x000001c140bd0000), size 12386304, SharedBaseAddress: 0x000001c140000000, ArchiveRelocationMode: 1.
Compressed class space mapped at: 0x000001c141000000-0x000001c181000000, reserved size: 1073741824
Narrow klass base: 0x000001c140000000, Narrow klass shift: 0, Narrow klass range: 0x100000000

GC Precious Log:
 CPUs: 4 total, 4 available
 Memory: 8073M
 Large Page Support: Disabled
 NUMA Support: Disabled
 Compressed Oops: Enabled (32-bit)
 Heap Region Size: 1M
 Heap Min Capacity: 8M
 Heap Initial Capacity: 128M
 Heap Max Capacity: 2020M
 Pre-touch: Disabled
 Parallel Workers: 4
 Concurrent Workers: 1
 Concurrent Refinement Workers: 4
 Periodic GC: Disabled

Heap:
 garbage-first heap   total 131072K, used 26743K [0x0000000081c00000, 0x0000000100000000)
  region size 1024K, 24 young (24576K), 2 survivors (2048K)
 Metaspace       used 14199K, committed 14336K, reserved 1114112K
  class space    used 1741K, committed 1792K, reserved 1048576K

Heap Regions: E=young(eden), S=young(survivor), O=old, HS=humongous(starts), HC=humongous(continues), CS=collection set, F=free, OA=open archive, CA=closed archive, TAMS=top-at-mark-start (previous, next)
|   0|0x0000000081c00000, 0x0000000081d00000, 0x0000000081d00000|100%| O|  |TAMS 0x0000000081c00000, 0x0000000081c00000| Untracked 
|   1|0x0000000081d00000, 0x0000000081e00000, 0x0000000081e00000|100%| O|  |TAMS 0x0000000081d00000, 0x0000000081d00000| Untracked 
|   2|0x0000000081e00000, 0x0000000081f00000, 0x0000000081f00000|100%| O|  |TAMS 0x0000000081e00000, 0x0000000081e00000| Untracked 
|   3|0x0000000081f00000, 0x0000000081f24c00, 0x0000000082000000| 14%| O|  |TAMS 0x0000000081f00000, 0x0000000081f00000| Untracked 
|   4|0x0000000082000000, 0x0000000082000000, 0x0000000082100000|  0%| F|  |TAMS 0x0000000082000000, 0x0000000082000000| Untracked 
|   5|0x0000000082100000, 0x0000000082100000, 0x0000000082200000|  0%| F|  |TAMS 0x0000000082100000, 0x0000000082100000| Untracked 
|   6|0x0000000082200000, 0x0000000082200000, 0x0000000082300000|  0%| F|  |TAMS 0x0000000082200000, 0x0000000082200000| Untracked 
|   7|0x0000000082300000, 0x0000000082300000, 0x0000000082400000|  0%| F|  |TAMS 0x0000000082300000, 0x0000000082300000| Untracked 
|   8|0x0000000082400000, 0x0000000082400000, 0x0000000082500000|  0%| F|  |TAMS 0x0000000082400000, 0x0000000082400000| Untracked 
|   9|0x0000000082500000, 0x0000000082500000, 0x0000000082600000|  0%| F|  |TAMS 0x0000000082500000, 0x0000000082500000| Untracked 
|  10|0x0000000082600000, 0x0000000082600000, 0x0000000082700000|  0%| F|  |TAMS 0x0000000082600000, 0x0000000082600000| Untracked 
|  11|0x0000000082700000, 0x0000000082700000, 0x0000000082800000|  0%| F|  |TAMS 0x0000000082700000, 0x0000000082700000| Untracked 
|  12|0x0000000082800000, 0x0000000082800000, 0x0000000082900000|  0%| F|  |TAMS 0x0000000082800000, 0x0000000082800000| Untracked 
|  13|0x0000000082900000, 0x0000000082900000, 0x0000000082a00000|  0%| F|  |TAMS 0x0000000082900000, 0x0000000082900000| Untracked 
|  14|0x0000000082a00000, 0x0000000082a00000, 0x0000000082b00000|  0%| F|  |TAMS 0x0000000082a00000, 0x0000000082a00000| Untracked 
|  15|0x0000000082b00000, 0x0000000082b00000, 0x0000000082c00000|  0%| F|  |TAMS 0x0000000082b00000, 0x0000000082b00000| Untracked 
|  16|0x0000000082c00000, 0x0000000082c00000, 0x0000000082d00000|  0%| F|  |TAMS 0x0000000082c00000, 0x0000000082c00000| Untracked 
|  17|0x0000000082d00000, 0x0000000082d00000, 0x0000000082e00000|  0%| F|  |TAMS 0x0000000082d00000, 0x0000000082d00000| Untracked 
|  18|0x0000000082e00000, 0x0000000082e00000, 0x0000000082f00000|  0%| F|  |TAMS 0x0000000082e00000, 0x0000000082e00000| Untracked 
|  19|0x0000000082f00000, 0x0000000082f00000, 0x0000000083000000|  0%| F|  |TAMS 0x0000000082f00000, 0x0000000082f00000| Untracked 
|  20|0x0000000083000000, 0x0000000083000000, 0x0000000083100000|  0%| F|  |TAMS 0x0000000083000000, 0x0000000083000000| Untracked 
|  21|0x0000000083100000, 0x0000000083100000, 0x0000000083200000|  0%| F|  |TAMS 0x0000000083100000, 0x0000000083100000| Untracked 
|  22|0x0000000083200000, 0x0000000083200000, 0x0000000083300000|  0%| F|  |TAMS 0x0000000083200000, 0x0000000083200000| Untracked 
|  23|0x0000000083300000, 0x0000000083300000, 0x0000000083400000|  0%| F|  |TAMS 0x0000000083300000, 0x0000000083300000| Untracked 
|  24|0x0000000083400000, 0x0000000083400000, 0x0000000083500000|  0%| F|  |TAMS 0x0000000083400000, 0x0000000083400000| Untracked 
|  25|0x0000000083500000, 0x0000000083500000, 0x0000000083600000|  0%| F|  |TAMS 0x0000000083500000, 0x0000000083500000| Untracked 
|  26|0x0000000083600000, 0x0000000083600000, 0x0000000083700000|  0%| F|  |TAMS 0x0000000083600000, 0x0000000083600000| Untracked 
|  27|0x0000000083700000, 0x0000000083700000, 0x0000000083800000|  0%| F|  |TAMS 0x0000000083700000, 0x0000000083700000| Untracked 
|  28|0x0000000083800000, 0x0000000083800000, 0x0000000083900000|  0%| F|  |TAMS 0x0000000083800000, 0x0000000083800000| Untracked 
|  29|0x0000000083900000, 0x0000000083900000, 0x0000000083a00000|  0%| F|  |TAMS 0x0000000083900000, 0x0000000083900000| Untracked 
|  30|0x0000000083a00000, 0x0000000083a00000, 0x0000000083b00000|  0%| F|  |TAMS 0x0000000083a00000, 0x0000000083a00000| Untracked 
|  31|0x0000000083b00000, 0x0000000083b00000, 0x0000000083c00000|  0%| F|  |TAMS 0x0000000083b00000, 0x0000000083b00000| Untracked 
|  32|0x0000000083c00000, 0x0000000083c00000, 0x0000000083d00000|  0%| F|  |TAMS 0x0000000083c00000, 0x0000000083c00000| Untracked 
|  33|0x0000000083d00000, 0x0000000083d00000, 0x0000000083e00000|  0%| F|  |TAMS 0x0000000083d00000, 0x0000000083d00000| Untracked 
|  34|0x0000000083e00000, 0x0000000083e00000, 0x0000000083f00000|  0%| F|  |TAMS 0x0000000083e00000, 0x0000000083e00000| Untracked 
|  35|0x0000000083f00000, 0x0000000083f00000, 0x0000000084000000|  0%| F|  |TAMS 0x0000000083f00000, 0x0000000083f00000| Untracked 
|  36|0x0000000084000000, 0x0000000084000000, 0x0000000084100000|  0%| F|  |TAMS 0x0000000084000000, 0x0000000084000000| Untracked 
|  37|0x0000000084100000, 0x0000000084100000, 0x0000000084200000|  0%| F|  |TAMS 0x0000000084100000, 0x0000000084100000| Untracked 
|  38|0x0000000084200000, 0x0000000084200000, 0x0000000084300000|  0%| F|  |TAMS 0x0000000084200000, 0x0000000084200000| Untracked 
|  39|0x0000000084300000, 0x0000000084300000, 0x0000000084400000|  0%| F|  |TAMS 0x0000000084300000, 0x0000000084300000| Untracked 
|  40|0x0000000084400000, 0x0000000084400000, 0x0000000084500000|  0%| F|  |TAMS 0x0000000084400000, 0x0000000084400000| Untracked 
|  41|0x0000000084500000, 0x0000000084500000, 0x0000000084600000|  0%| F|  |TAMS 0x0000000084500000, 0x0000000084500000| Untracked 
|  42|0x0000000084600000, 0x0000000084600000, 0x0000000084700000|  0%| F|  |TAMS 0x0000000084600000, 0x0000000084600000| Untracked 
|  43|0x0000000084700000, 0x0000000084700000, 0x0000000084800000|  0%| F|  |TAMS 0x0000000084700000, 0x0000000084700000| Untracked 
|  44|0x0000000084800000, 0x0000000084800000, 0x0000000084900000|  0%| F|  |TAMS 0x0000000084800000, 0x0000000084800000| Untracked 
|  45|0x0000000084900000, 0x0000000084900000, 0x0000000084a00000|  0%| F|  |TAMS 0x0000000084900000, 0x0000000084900000| Untracked 
|  46|0x0000000084a00000, 0x0000000084a00000, 0x0000000084b00000|  0%| F|  |TAMS 0x0000000084a00000, 0x0000000084a00000| Untracked 
|  47|0x0000000084b00000, 0x0000000084b00000, 0x0000000084c00000|  0%| F|  |TAMS 0x0000000084b00000, 0x0000000084b00000| Untracked 
|  48|0x0000000084c00000, 0x0000000084c00000, 0x0000000084d00000|  0%| F|  |TAMS 0x0000000084c00000, 0x0000000084c00000| Untracked 
|  49|0x0000000084d00000, 0x0000000084d00000, 0x0000000084e00000|  0%| F|  |TAMS 0x0000000084d00000, 0x0000000084d00000| Untracked 
|  50|0x0000000084e00000, 0x0000000084e00000, 0x0000000084f00000|  0%| F|  |TAMS 0x0000000084e00000, 0x0000000084e00000| Untracked 
|  51|0x0000000084f00000, 0x0000000084f00000, 0x0000000085000000|  0%| F|  |TAMS 0x0000000084f00000, 0x0000000084f00000| Untracked 
|  52|0x0000000085000000, 0x0000000085000000, 0x0000000085100000|  0%| F|  |TAMS 0x0000000085000000, 0x0000000085000000| Untracked 
|  53|0x0000000085100000, 0x0000000085100000, 0x0000000085200000|  0%| F|  |TAMS 0x0000000085100000, 0x0000000085100000| Untracked 
|  54|0x0000000085200000, 0x0000000085200000, 0x0000000085300000|  0%| F|  |TAMS 0x0000000085200000, 0x0000000085200000| Untracked 
|  55|0x0000000085300000, 0x0000000085300000, 0x0000000085400000|  0%| F|  |TAMS 0x0000000085300000, 0x0000000085300000| Untracked 
|  56|0x0000000085400000, 0x0000000085400000, 0x0000000085500000|  0%| F|  |TAMS 0x0000000085400000, 0x0000000085400000| Untracked 
|  57|0x0000000085500000, 0x0000000085500000, 0x0000000085600000|  0%| F|  |TAMS 0x0000000085500000, 0x0000000085500000| Untracked 
|  58|0x0000000085600000, 0x0000000085600000, 0x0000000085700000|  0%| F|  |TAMS 0x0000000085600000, 0x0000000085600000| Untracked 
|  59|0x0000000085700000, 0x0000000085700000, 0x0000000085800000|  0%| F|  |TAMS 0x0000000085700000, 0x0000000085700000| Untracked 
|  60|0x0000000085800000, 0x0000000085800000, 0x0000000085900000|  0%| F|  |TAMS 0x0000000085800000, 0x0000000085800000| Untracked 
|  61|0x0000000085900000, 0x0000000085900000, 0x0000000085a00000|  0%| F|  |TAMS 0x0000000085900000, 0x0000000085900000| Untracked 
|  62|0x0000000085a00000, 0x0000000085a00000, 0x0000000085b00000|  0%| F|  |TAMS 0x0000000085a00000, 0x0000000085a00000| Untracked 
|  63|0x0000000085b00000, 0x0000000085b00000, 0x0000000085c00000|  0%| F|  |TAMS 0x0000000085b00000, 0x0000000085b00000| Untracked 
|  64|0x0000000085c00000, 0x0000000085c00000, 0x0000000085d00000|  0%| F|  |TAMS 0x0000000085c00000, 0x0000000085c00000| Untracked 
|  65|0x0000000085d00000, 0x0000000085d00000, 0x0000000085e00000|  0%| F|  |TAMS 0x0000000085d00000, 0x0000000085d00000| Untracked 
|  66|0x0000000085e00000, 0x0000000085e00000, 0x0000000085f00000|  0%| F|  |TAMS 0x0000000085e00000, 0x0000000085e00000| Untracked 
|  67|0x0000000085f00000, 0x0000000085f00000, 0x0000000086000000|  0%| F|  |TAMS 0x0000000085f00000, 0x0000000085f00000| Untracked 
|  68|0x0000000086000000, 0x0000000086000000, 0x0000000086100000|  0%| F|  |TAMS 0x0000000086000000, 0x0000000086000000| Untracked 
|  69|0x0000000086100000, 0x0000000086100000, 0x0000000086200000|  0%| F|  |TAMS 0x0000000086100000, 0x0000000086100000| Untracked 
|  70|0x0000000086200000, 0x0000000086200000, 0x0000000086300000|  0%| F|  |TAMS 0x0000000086200000, 0x0000000086200000| Untracked 
|  71|0x0000000086300000, 0x0000000086300000, 0x0000000086400000|  0%| F|  |TAMS 0x0000000086300000, 0x0000000086300000| Untracked 
|  72|0x0000000086400000, 0x0000000086400000, 0x0000000086500000|  0%| F|  |TAMS 0x0000000086400000, 0x0000000086400000| Untracked 
|  73|0x0000000086500000, 0x0000000086500000, 0x0000000086600000|  0%| F|  |TAMS 0x0000000086500000, 0x0000000086500000| Untracked 
|  74|0x0000000086600000, 0x0000000086600000, 0x0000000086700000|  0%| F|  |TAMS 0x0000000086600000, 0x0000000086600000| Untracked 
|  75|0x0000000086700000, 0x0000000086700000, 0x0000000086800000|  0%| F|  |TAMS 0x0000000086700000, 0x0000000086700000| Untracked 
|  76|0x0000000086800000, 0x0000000086800000, 0x0000000086900000|  0%| F|  |TAMS 0x0000000086800000, 0x0000000086800000| Untracked 
|  77|0x0000000086900000, 0x0000000086900000, 0x0000000086a00000|  0%| F|  |TAMS 0x0000000086900000, 0x0000000086900000| Untracked 
|  78|0x0000000086a00000, 0x0000000086a00000, 0x0000000086b00000|  0%| F|  |TAMS 0x0000000086a00000, 0x0000000086a00000| Untracked 
|  79|0x0000000086b00000, 0x0000000086b00000, 0x0000000086c00000|  0%| F|  |TAMS 0x0000000086b00000, 0x0000000086b00000| Untracked 
|  80|0x0000000086c00000, 0x0000000086c00000, 0x0000000086d00000|  0%| F|  |TAMS 0x0000000086c00000, 0x0000000086c00000| Untracked 
|  81|0x0000000086d00000, 0x0000000086d00000, 0x0000000086e00000|  0%| F|  |TAMS 0x0000000086d00000, 0x0000000086d00000| Untracked 
|  82|0x0000000086e00000, 0x0000000086e00000, 0x0000000086f00000|  0%| F|  |TAMS 0x0000000086e00000, 0x0000000086e00000| Untracked 
|  83|0x0000000086f00000, 0x0000000086f00000, 0x0000000087000000|  0%| F|  |TAMS 0x0000000086f00000, 0x0000000086f00000| Untracked 
|  84|0x0000000087000000, 0x0000000087000000, 0x0000000087100000|  0%| F|  |TAMS 0x0000000087000000, 0x0000000087000000| Untracked 
|  85|0x0000000087100000, 0x0000000087100000, 0x0000000087200000|  0%| F|  |TAMS 0x0000000087100000, 0x0000000087100000| Untracked 
|  86|0x0000000087200000, 0x0000000087200000, 0x0000000087300000|  0%| F|  |TAMS 0x0000000087200000, 0x0000000087200000| Untracked 
|  87|0x0000000087300000, 0x0000000087300000, 0x0000000087400000|  0%| F|  |TAMS 0x0000000087300000, 0x0000000087300000| Untracked 
|  88|0x0000000087400000, 0x0000000087400000, 0x0000000087500000|  0%| F|  |TAMS 0x0000000087400000, 0x0000000087400000| Untracked 
|  89|0x0000000087500000, 0x0000000087500000, 0x0000000087600000|  0%| F|  |TAMS 0x0000000087500000, 0x0000000087500000| Untracked 
|  90|0x0000000087600000, 0x0000000087600000, 0x0000000087700000|  0%| F|  |TAMS 0x0000000087600000, 0x0000000087600000| Untracked 
|  91|0x0000000087700000, 0x0000000087700000, 0x0000000087800000|  0%| F|  |TAMS 0x0000000087700000, 0x0000000087700000| Untracked 
|  92|0x0000000087800000, 0x0000000087800000, 0x0000000087900000|  0%| F|  |TAMS 0x0000000087800000, 0x0000000087800000| Untracked 
|  93|0x0000000087900000, 0x0000000087900000, 0x0000000087a00000|  0%| F|  |TAMS 0x0000000087900000, 0x0000000087900000| Untracked 
|  94|0x0000000087a00000, 0x0000000087a00000, 0x0000000087b00000|  0%| F|  |TAMS 0x0000000087a00000, 0x0000000087a00000| Untracked 
|  95|0x0000000087b00000, 0x0000000087b00000, 0x0000000087c00000|  0%| F|  |TAMS 0x0000000087b00000, 0x0000000087b00000| Untracked 
|  96|0x0000000087c00000, 0x0000000087c00000, 0x0000000087d00000|  0%| F|  |TAMS 0x0000000087c00000, 0x0000000087c00000| Untracked 
|  97|0x0000000087d00000, 0x0000000087d00000, 0x0000000087e00000|  0%| F|  |TAMS 0x0000000087d00000, 0x0000000087d00000| Untracked 
|  98|0x0000000087e00000, 0x0000000087e00000, 0x0000000087f00000|  0%| F|  |TAMS 0x0000000087e00000, 0x0000000087e00000| Untracked 
|  99|0x0000000087f00000, 0x0000000087f00000, 0x0000000088000000|  0%| F|  |TAMS 0x0000000087f00000, 0x0000000087f00000| Untracked 
| 100|0x0000000088000000, 0x00000000880f9008, 0x0000000088100000| 97%| S|CS|TAMS 0x0000000088000000, 0x0000000088000000| Complete 
| 101|0x0000000088100000, 0x0000000088200000, 0x0000000088200000|100%| S|CS|TAMS 0x0000000088100000, 0x0000000088100000| Complete 
| 102|0x0000000088200000, 0x0000000088200000, 0x0000000088300000|  0%| F|  |TAMS 0x0000000088200000, 0x0000000088200000| Untracked 
| 103|0x0000000088300000, 0x0000000088300000, 0x0000000088400000|  0%| F|  |TAMS 0x0000000088300000, 0x0000000088300000| Untracked 
| 104|0x0000000088400000, 0x0000000088400000, 0x0000000088500000|  0%| F|  |TAMS 0x0000000088400000, 0x0000000088400000| Untracked 
| 105|0x0000000088500000, 0x0000000088500000, 0x0000000088600000|  0%| F|  |TAMS 0x0000000088500000, 0x0000000088500000| Untracked 
| 106|0x0000000088600000, 0x0000000088684010, 0x0000000088700000| 51%| E|  |TAMS 0x0000000088600000, 0x0000000088600000| Complete 
| 107|0x0000000088700000, 0x0000000088800000, 0x0000000088800000|100%| E|CS|TAMS 0x0000000088700000, 0x0000000088700000| Complete 
| 108|0x0000000088800000, 0x0000000088900000, 0x0000000088900000|100%| E|CS|TAMS 0x0000000088800000, 0x0000000088800000| Complete 
| 109|0x0000000088900000, 0x0000000088a00000, 0x0000000088a00000|100%| E|CS|TAMS 0x0000000088900000, 0x0000000088900000| Complete 
| 110|0x0000000088a00000, 0x0000000088b00000, 0x0000000088b00000|100%| E|CS|TAMS 0x0000000088a00000, 0x0000000088a00000| Complete 
| 111|0x0000000088b00000, 0x0000000088c00000, 0x0000000088c00000|100%| E|CS|TAMS 0x0000000088b00000, 0x0000000088b00000| Complete 
| 112|0x0000000088c00000, 0x0000000088d00000, 0x0000000088d00000|100%| E|CS|TAMS 0x0000000088c00000, 0x0000000088c00000| Complete 
| 113|0x0000000088d00000, 0x0000000088e00000, 0x0000000088e00000|100%| E|CS|TAMS 0x0000000088d00000, 0x0000000088d00000| Complete 
| 114|0x0000000088e00000, 0x0000000088f00000, 0x0000000088f00000|100%| E|CS|TAMS 0x0000000088e00000, 0x0000000088e00000| Complete 
| 115|0x0000000088f00000, 0x0000000089000000, 0x0000000089000000|100%| E|CS|TAMS 0x0000000088f00000, 0x0000000088f00000| Complete 
| 116|0x0000000089000000, 0x0000000089100000, 0x0000000089100000|100%| E|CS|TAMS 0x0000000089000000, 0x0000000089000000| Complete 
| 117|0x0000000089100000, 0x0000000089200000, 0x0000000089200000|100%| E|CS|TAMS 0x0000000089100000, 0x0000000089100000| Complete 
| 118|0x0000000089200000, 0x0000000089300000, 0x0000000089300000|100%| E|CS|TAMS 0x0000000089200000, 0x0000000089200000| Complete 
| 119|0x0000000089300000, 0x0000000089400000, 0x0000000089400000|100%| E|CS|TAMS 0x0000000089300000, 0x0000000089300000| Complete 
| 120|0x0000000089400000, 0x0000000089500000, 0x0000000089500000|100%| E|CS|TAMS 0x0000000089400000, 0x0000000089400000| Complete 
| 121|0x0000000089500000, 0x0000000089600000, 0x0000000089600000|100%| E|CS|TAMS 0x0000000089500000, 0x0000000089500000| Complete 
| 122|0x0000000089600000, 0x0000000089700000, 0x0000000089700000|100%| E|CS|TAMS 0x0000000089600000, 0x0000000089600000| Complete 
| 123|0x0000000089700000, 0x0000000089800000, 0x0000000089800000|100%| E|CS|TAMS 0x0000000089700000, 0x0000000089700000| Complete 
| 124|0x0000000089800000, 0x0000000089900000, 0x0000000089900000|100%| E|CS|TAMS 0x0000000089800000, 0x0000000089800000| Complete 
| 125|0x0000000089900000, 0x0000000089a00000, 0x0000000089a00000|100%| E|CS|TAMS 0x0000000089900000, 0x0000000089900000| Complete 
| 126|0x0000000089a00000, 0x0000000089b00000, 0x0000000089b00000|100%| E|CS|TAMS 0x0000000089a00000, 0x0000000089a00000| Complete 
| 127|0x0000000089b00000, 0x0000000089c00000, 0x0000000089c00000|100%| E|CS|TAMS 0x0000000089b00000, 0x0000000089b00000| Complete 

Card table byte_map: [0x000001c139160000,0x000001c139560000] _byte_map_base: 0x000001c138d52000

Marking Bits (Prev, Next): (CMBitMap*) 0x000001c1224f2cc0, (CMBitMap*) 0x000001c1224f2d00
 Prev Bits: [0x000001c139960000, 0x000001c13b8f0000)
 Next Bits: [0x000001c13b8f0000, 0x000001c13d880000)

Polling page: 0x000001c120360000

Metaspace:

Usage:
  Non-class:     12.17 MB used.
      Class:      1.70 MB used.
       Both:     13.87 MB used.

Virtual space:
  Non-class space:       64.00 MB reserved,      12.25 MB ( 19%) committed,  1 nodes.
      Class space:        1.00 GB reserved,       1.81 MB ( <1%) committed,  1 nodes.
             Both:        1.06 GB reserved,      14.06 MB (  1%) committed. 

Chunk freelists:
   Non-Class:  2.88 MB
       Class:  14.06 MB
        Both:  16.94 MB

MaxMetaspaceSize: unlimited
CompressedClassSpaceSize: 1.00 GB
Initial GC threshold: 21.00 MB
Current GC threshold: 21.00 MB
CDS: on
MetaspaceReclaimPolicy: balanced
 - commit_granule_bytes: 65536.
 - commit_granule_words: 8192.
 - virtual_space_node_default_size: 8388608.
 - enlarge_chunks_in_place: 1.
 - new_chunks_are_fully_committed: 0.
 - uncommit_free_chunks: 1.
 - use_allocation_guard: 0.
 - handle_deallocations: 1.


Internal statistics:

num_allocs_failed_limit: 0.
num_arena_births: 82.
num_arena_deaths: 0.
num_vsnodes_births: 2.
num_vsnodes_deaths: 0.
num_space_committed: 225.
num_space_uncommitted: 0.
num_chunks_returned_to_freelist: 0.
num_chunks_taken_from_freelist: 570.
num_chunk_merges: 0.
num_chunk_splits: 394.
num_chunks_enlarged: 322.
num_inconsistent_stats: 0.

CodeHeap 'non-profiled nmethods': size=120000Kb used=930Kb max_used=930Kb free=119070Kb
 bounds [0x000001c131830000, 0x000001c131aa0000, 0x000001c138d60000]
CodeHeap 'profiled nmethods': size=120000Kb used=5275Kb max_used=5275Kb free=114724Kb
 bounds [0x000001c129d60000, 0x000001c12a290000, 0x000001c131290000]
CodeHeap 'non-nmethods': size=5760Kb used=1179Kb max_used=1215Kb free=4580Kb
 bounds [0x000001c131290000, 0x000001c131500000, 0x000001c131830000]
 total_blobs=3064 nmethods=2594 adapters=382
 compilation: enabled
              stopped_count=0, restarted_count=0
 full_count=0

Compilation events (20 events):
Event: 19.036 Thread 0x000001c13fd2ff40 2544       3       java.util.regex.Pattern::lambda$DOT$4 (34 bytes)
Event: 19.037 Thread 0x000001c13fd2ff40 nmethod 2544 0x000001c12a274690 code [0x000001c12a274820, 0x000001c12a274a18]
Event: 19.038 Thread 0x000001c13fd27480 nmethod 2545 0x000001c131916390 code [0x000001c131916520, 0x000001c131916618]
Event: 19.041 Thread 0x000001c13fd2ff40 2546   !   3       com.google.inject.internal.Initializer$InjectableReference::get (254 bytes)
Event: 19.044 Thread 0x000001c13fd2ff40 nmethod 2546 0x000001c12a274a90 code [0x000001c12a274e00, 0x000001c12a275fc8]
Event: 19.044 Thread 0x000001c13fd2ff40 2547       3       com.google.inject.internal.BindingImpl::getProvider (44 bytes)
Event: 19.045 Thread 0x000001c13fd2ff40 nmethod 2547 0x000001c12a276990 code [0x000001c12a276b60, 0x000001c12a276e78]
Event: 19.045 Thread 0x000001c13fd2ff40 2548       3       com.google.inject.internal.InjectorImpl::getProviderOrThrow (35 bytes)
Event: 19.046 Thread 0x000001c13fd2ff40 nmethod 2548 0x000001c12a276f90 code [0x000001c12a277160, 0x000001c12a2775a8]
Event: 19.047 Thread 0x000001c13fd2ff40 2549       1       com.google.inject.internal.InternalContext::getDependency (5 bytes)
Event: 19.047 Thread 0x000001c13fd2ff40 nmethod 2549 0x000001c131916710 code [0x000001c1319168a0, 0x000001c131916978]
Event: 19.047 Thread 0x000001c13fd2ff40 2550       3       java.util.ArrayList::add (25 bytes)
Event: 19.048 Thread 0x000001c13fd2ff40 nmethod 2550 0x000001c12a277790 code [0x000001c12a277960, 0x000001c12a277d88]
Event: 19.076 Thread 0x000001c13fd27480 2551   !   4       java.net.URL::<init> (543 bytes)
Event: 19.118 Thread 0x000001c13fd2ff40 2552       3       java.util.regex.Pattern$CharPredicate$$Lambda$23/0x80000002d::is (11 bytes)
Event: 19.118 Thread 0x000001c13fd2ff40 nmethod 2552 0x000001c12a277f90 code [0x000001c12a278140, 0x000001c12a2784a8]
Event: 19.118 Thread 0x000001c13fd2ff40 2553       3       java.util.regex.Pattern$CharPredicate::lambda$negate$3 (16 bytes)
Event: 19.119 Thread 0x000001c13fd2ff40 nmethod 2553 0x000001c12a278590 code [0x000001c12a278740, 0x000001c12a278968]
Event: 19.119 Thread 0x000001c13fd2ff40 2554       3       java.util.regex.Pattern$BitClass::is (22 bytes)
Event: 19.119 Thread 0x000001c13fd2ff40 nmethod 2554 0x000001c12a278a10 code [0x000001c12a278ba0, 0x000001c12a278d78]

GC Heap History (6 events):
Event: 12.909 GC heap before
{Heap before GC invocations=0 (full 0):
 garbage-first heap   total 131072K, used 13312K [0x0000000081c00000, 0x0000000100000000)
  region size 1024K, 13 young (13312K), 0 survivors (0K)
 Metaspace       used 3724K, committed 3904K, reserved 1114112K
  class space    used 410K, committed 512K, reserved 1048576K
}
Event: 12.922 GC heap after
{Heap after GC invocations=1 (full 0):
 garbage-first heap   total 131072K, used 3207K [0x0000000081c00000, 0x0000000100000000)
  region size 1024K, 2 young (2048K), 2 survivors (2048K)
 Metaspace       used 3724K, committed 3904K, reserved 1114112K
  class space    used 410K, committed 512K, reserved 1048576K
}
Event: 13.815 GC heap before
{Heap before GC invocations=1 (full 0):
 garbage-first heap   total 131072K, used 15495K [0x0000000081c00000, 0x0000000100000000)
  region size 1024K, 14 young (14336K), 2 survivors (2048K)
 Metaspace       used 5754K, committed 5888K, reserved 1114112K
  class space    used 696K, committed 768K, reserved 1048576K
}
Event: 13.823 GC heap after
{Heap after GC invocations=2 (full 0):
 garbage-first heap   total 131072K, used 3785K [0x0000000081c00000, 0x0000000100000000)
  region size 1024K, 1 young (1024K), 1 survivors (1024K)
 Metaspace       used 5754K, committed 5888K, reserved 1114112K
  class space    used 696K, committed 768K, reserved 1048576K
}
Event: 15.881 GC heap before
{Heap before GC invocations=2 (full 0):
 garbage-first heap   total 131072K, used 28361K [0x0000000081c00000, 0x0000000100000000)
  region size 1024K, 26 young (26624K), 1 survivors (1024K)
 Metaspace       used 9673K, committed 9856K, reserved 1114112K
  class space    used 1175K, committed 1280K, reserved 1048576K
}
Event: 15.887 GC heap after
{Heap after GC invocations=3 (full 0):
 garbage-first heap   total 131072K, used 5239K [0x0000000081c00000, 0x0000000100000000)
  region size 1024K, 2 young (2048K), 2 survivors (2048K)
 Metaspace       used 9673K, committed 9856K, reserved 1114112K
  class space    used 1175K, committed 1280K, reserved 1048576K
}

Deoptimization events (20 events):
Event: 18.699 Thread 0x000001c12249aa10 DEOPT PACKING pc=0x000001c131853164 sp=0x000000161e2fdfe0
Event: 18.699 Thread 0x000001c12249aa10 DEOPT UNPACKING pc=0x000001c1312e23a3 sp=0x000000161e2fdf80 mode 2
Event: 18.805 Thread 0x000001c12249aa10 Uncommon trap: trap_request=0xffffff45 fr.pc=0x000001c1318ee908 relative=0x00000000000006c8
Event: 18.805 Thread 0x000001c12249aa10 Uncommon trap: reason=unstable_if action=reinterpret pc=0x000001c1318ee908 method=java.util.ArrayList.grow(I)[Ljava/lang/Object; @ 17 c2
Event: 18.805 Thread 0x000001c12249aa10 DEOPT PACKING pc=0x000001c1318ee908 sp=0x000000161e2fe360
Event: 18.805 Thread 0x000001c12249aa10 DEOPT UNPACKING pc=0x000001c1312e23a3 sp=0x000000161e2fe1f8 mode 2
Event: 19.004 Thread 0x000001c12249aa10 DEOPT PACKING pc=0x000001c1318e0f54 sp=0x000000161e2fdf00
Event: 19.004 Thread 0x000001c12249aa10 DEOPT UNPACKING pc=0x000001c1312e2b43 sp=0x000000161e2fd320 mode 0
Event: 19.030 Thread 0x000001c12249aa10 Uncommon trap: trap_request=0xffffff45 fr.pc=0x000001c1318da91c relative=0x00000000000009dc
Event: 19.030 Thread 0x000001c12249aa10 Uncommon trap: reason=unstable_if action=reinterpret pc=0x000001c1318da91c method=sun.net.util.IPAddressUtil.scan(Ljava/lang/String;JJ[C)I @ 14 c2
Event: 19.030 Thread 0x000001c12249aa10 DEOPT PACKING pc=0x000001c1318da91c sp=0x000000161e2fdb20
Event: 19.030 Thread 0x000001c12249aa10 DEOPT UNPACKING pc=0x000001c1312e23a3 sp=0x000000161e2fd9a0 mode 2
Event: 19.036 Thread 0x000001c12249aa10 Uncommon trap: trap_request=0xffffff45 fr.pc=0x000001c1318d7044 relative=0x0000000000000044
Event: 19.036 Thread 0x000001c12249aa10 Uncommon trap: reason=unstable_if action=reinterpret pc=0x000001c1318d7044 method=sun.net.util.IPAddressUtil.scan(Ljava/lang/String;JJ[C)I @ 14 c2
Event: 19.036 Thread 0x000001c12249aa10 DEOPT PACKING pc=0x000001c1318d7044 sp=0x000000161e2fdaa0
Event: 19.036 Thread 0x000001c12249aa10 DEOPT UNPACKING pc=0x000001c1312e23a3 sp=0x000000161e2fd988 mode 2
Event: 19.106 Thread 0x000001c12249aa10 Uncommon trap: trap_request=0xffffff45 fr.pc=0x000001c1318c18b8 relative=0x0000000000000eb8
Event: 19.106 Thread 0x000001c12249aa10 Uncommon trap: reason=unstable_if action=reinterpret pc=0x000001c1318c18b8 method=java.lang.String.<init>([BIILjava/nio/charset/Charset;)V @ 47 c2
Event: 19.106 Thread 0x000001c12249aa10 DEOPT PACKING pc=0x000001c1318c18b8 sp=0x000000161e2fd9f0
Event: 19.106 Thread 0x000001c12249aa10 DEOPT UNPACKING pc=0x000001c1312e23a3 sp=0x000000161e2fd9c8 mode 2

Classes unloaded (0 events):
No events

Classes redefined (0 events):
No events

Internal exceptions (20 events):
Event: 10.883 Thread 0x000001c12249aa10 Exception <a 'java/lang/NullPointerException'{0x000000008979c8a8}> (0x000000008979c8a8) 
thrown [s\open\src\hotspot\share\interpreter\linkResolver.cpp, line 1350]
Event: 10.961 Thread 0x000001c12249aa10 Exception <a 'java/lang/NoSuchMethodError'{0x0000000089618a60}: 'void java.lang.invoke.DirectMethodHandle$Holder.invokeStatic(java.lang.Object, java.lang.Object)'> (0x0000000089618a60) 
thrown [s\open\src\hotspot\share\interpreter\linkResolver.cpp, line 759]
Event: 10.962 Thread 0x000001c12249aa10 Exception <a 'java/lang/NoSuchMethodError'{0x000000008961c378}: 'void java.lang.invoke.DirectMethodHandle$Holder.invokeStaticInit(java.lang.Object, java.lang.Object)'> (0x000000008961c378) 
thrown [s\open\src\hotspot\share\interpreter\linkResolver.cpp, line 759]
Event: 11.008 Thread 0x000001c12249aa10 Exception <a 'java/lang/NoSuchMethodError'{0x0000000089654978}: 'void java.lang.invoke.DirectMethodHandle$Holder.invokeStatic(java.lang.Object, java.lang.Object, java.lang.Object)'> (0x0000000089654978) 
thrown [s\open\src\hotspot\share\interpreter\linkResolver.cpp, line 759]
Event: 12.112 Thread 0x000001c12249aa10 Exception <a 'java/lang/NoSuchMethodError'{0x00000000895d0e60}: 'java.lang.Object java.lang.invoke.DirectMethodHandle$Holder.invokeSpecialIFC(java.lang.Object, java.lang.Object, java.lang.Object, java.lang.Object)'> (0x00000000895d0e60) 
thrown [s\open\src\hotspot\share\interpreter\linkResolver.cpp, line 759]
Event: 12.851 Thread 0x000001c12249aa10 Exception <a 'java/lang/NoSuchMethodError'{0x0000000088f69648}: 'void java.lang.invoke.DirectMethodHandle$Holder.invokeSpecial(java.lang.Object, java.lang.Object, java.lang.Object)'> (0x0000000088f69648) 
thrown [s\open\src\hotspot\share\interpreter\linkResolver.cpp, line 759]
Event: 13.015 Thread 0x000001c12249aa10 Exception <a 'java/lang/NoSuchMethodError'{0x0000000089bbe898}: 'java.lang.Object java.lang.invoke.DirectMethodHandle$Holder.invokeInterface(java.lang.Object, java.lang.Object)'> (0x0000000089bbe898) 
thrown [s\open\src\hotspot\share\interpreter\linkResolver.cpp, line 759]
Event: 13.063 Thread 0x000001c12249aa10 Exception <a 'java/lang/NoSuchMethodError'{0x0000000089a86568}: 'java.lang.Object java.lang.invoke.Invokers$Holder.invokeExact_MT(java.lang.Object, java.lang.Object, java.lang.Object, java.lang.Object, java.lang.Object, java.lang.Object)'> (0x0000000089a86568) 
thrown [s\open\src\hotspot\share\interpreter\linkResolver.cpp, line 759]
Event: 13.068 Thread 0x000001c12249aa10 Exception <a 'java/lang/NoSuchMethodError'{0x0000000089a97ed0}: 'int java.lang.invoke.DirectMethodHandle$Holder.invokeSpecialIFC(java.lang.Object, java.lang.Object, java.lang.Object, java.lang.Object, java.lang.Object)'> (0x0000000089a97ed0) 
thrown [s\open\src\hotspot\share\interpreter\linkResolver.cpp, line 759]
Event: 13.269 Thread 0x000001c12249aa10 Exception <a 'java/lang/NoSuchMethodError'{0x000000008982b068}: 'java.lang.Object java.lang.invoke.DirectMethodHandle$Holder.newInvokeSpecial(java.lang.Object, java.lang.Object, java.lang.Object, java.lang.Object, java.lang.Object)'> (0x000000008982b068) 
thrown [s\open\src\hotspot\share\interpreter\linkResolver.cpp, line 759]
Event: 13.344 Thread 0x000001c12249aa10 Exception <a 'java/lang/NoSuchMethodError'{0x0000000089729898}: 'int java.lang.invoke.DirectMethodHandle$Holder.invokeStaticInit(java.lang.Object, java.lang.Object)'> (0x0000000089729898) 
thrown [s\open\src\hotspot\share\interpreter\linkResolver.cpp, line 759]
Event: 13.362 Thread 0x000001c12249aa10 Exception <a 'java/lang/NoClassDefFoundError'{0x00000000897609c8}: javax/enterprise/inject/Typed> (0x00000000897609c8) 
thrown [s\open\src\hotspot\share\classfile\systemDictionary.cpp, line 245]
Event: 16.187 Thread 0x000001c12249aa10 Exception <a 'java/lang/NoSuchMethodError'{0x0000000089702830}: 'void java.lang.invoke.DirectMethodHandle$Holder.invokeStaticInit(java.lang.Object, java.lang.Object, java.lang.Object)'> (0x0000000089702830) 
thrown [s\open\src\hotspot\share\interpreter\linkResolver.cpp, line 759]
Event: 16.225 Thread 0x000001c12249aa10 Exception <a 'java/lang/ExceptionInInitializerError'{0x000000008972ce18}> (0x000000008972ce18) 
thrown [s\open\src\hotspot\share\oops\instanceKlass.cpp, line 1216]
Event: 16.340 Thread 0x000001c12249aa10 Implicit null exception at 0x000001c1318a58af to 0x000001c1318a59c4
Event: 16.353 Thread 0x000001c12249aa10 Exception <a 'java/lang/NoSuchMethodError'{0x0000000089636670}: 'java.lang.Object java.lang.invoke.Invokers$Holder.invokeExact_MT(java.lang.Object, int, java.lang.Object)'> (0x0000000089636670) 
thrown [s\open\src\hotspot\share\interpreter\linkResolver.cpp, line 759]
Event: 16.426 Thread 0x000001c12249aa10 Exception <a 'java/lang/NoSuchMethodError'{0x00000000896a0f78}: 'int java.lang.invoke.DirectMethodHandle$Holder.invokeSpecial(java.lang.Object, java.lang.Object, java.lang.Object, java.lang.Object)'> (0x00000000896a0f78) 
thrown [s\open\src\hotspot\share\interpreter\linkResolver.cpp, line 759]
Event: 17.902 Thread 0x000001c12249aa10 Exception <a 'java/lang/NoClassDefFoundError'{0x0000000088ea1720}: com/google/inject/servlet/ServletModuleTargetVisitor> (0x0000000088ea1720) 
thrown [s\open\src\hotspot\share\classfile\systemDictionary.cpp, line 245]
Event: 18.181 Thread 0x000001c12249aa10 Exception <a 'java/lang/NoSuchMethodError'{0x0000000088c2fc98}: 'void java.lang.invoke.DirectMethodHandle$Holder.invokeVirtual(java.lang.Object, java.lang.Object)'> (0x0000000088c2fc98) 
thrown [s\open\src\hotspot\share\interpreter\linkResolver.cpp, line 759]
Event: 18.399 Thread 0x000001c12249aa10 Exception <a 'java/lang/NoSuchMethodError'{0x0000000088ca7ff0}: 'java.lang.Object java.lang.invoke.DirectMethodHandle$Holder.invokeStaticInit(java.lang.Object, int, int, int, int)'> (0x0000000088ca7ff0) 
thrown [s\open\src\hotspot\share\interpreter\linkResolver.cpp, line 759]

VM Operations (20 events):
Event: 16.654 Executing VM operation: HandshakeAllThreads
Event: 16.654 Executing VM operation: HandshakeAllThreads done
Event: 16.662 Executing VM operation: HandshakeAllThreads
Event: 16.662 Executing VM operation: HandshakeAllThreads done
Event: 17.026 Executing VM operation: HandshakeAllThreads
Event: 17.026 Executing VM operation: HandshakeAllThreads done
Event: 17.026 Executing VM operation: Cleanup
Event: 17.026 Executing VM operation: Cleanup done
Event: 17.788 Executing VM operation: HandshakeAllThreads
Event: 17.788 Executing VM operation: HandshakeAllThreads done
Event: 18.259 Executing VM operation: HandshakeAllThreads
Event: 18.259 Executing VM operation: HandshakeAllThreads done
Event: 18.259 Executing VM operation: Cleanup
Event: 18.259 Executing VM operation: Cleanup done
Event: 18.439 Executing VM operation: HandshakeAllThreads
Event: 18.439 Executing VM operation: HandshakeAllThreads done
Event: 19.003 Executing VM operation: HandshakeAllThreads
Event: 19.003 Executing VM operation: HandshakeAllThreads done
Event: 19.029 Executing VM operation: HandshakeAllThreads
Event: 19.029 Executing VM operation: HandshakeAllThreads done

Events (20 events):
Event: 18.778 loading class java/util/concurrent/ForkJoinPool$ManagedBlocker done
Event: 18.778 loading class java/util/concurrent/locks/AbstractQueuedSynchronizer$Node
Event: 18.778 loading class java/util/concurrent/locks/AbstractQueuedSynchronizer$Node done
Event: 18.778 loading class java/util/concurrent/locks/AbstractQueuedSynchronizer$ConditionNode done
Event: 18.943 loading class java/net/URL$2
Event: 18.968 loading class java/net/URL$2 done
Event: 18.968 loading class java/net/URL$1
Event: 18.968 loading class java/net/URL$1 done
Event: 18.969 loading class java/net/spi/URLStreamHandlerProvider
Event: 19.003 loading class java/net/spi/URLStreamHandlerProvider done
Event: 19.004 loading class sun/net/www/protocol/https/Handler
Event: 19.027 loading class sun/net/www/protocol/http/Handler
Event: 19.028 loading class sun/net/www/protocol/http/Handler done
Event: 19.028 loading class sun/net/www/protocol/https/Handler done
Event: 19.034 loading class java/util/regex/Pattern$Pos
Event: 19.035 loading class java/util/regex/Pattern$Pos done
Event: 19.047 loading class java/util/ArrayList$SubList$1
Event: 19.076 loading class java/util/ArrayList$SubList$1 done
Event: 19.089 loading class java/util/concurrent/atomic/AtomicReference
Event: 19.090 loading class java/util/concurrent/atomic/AtomicReference done


Dynamic libraries:
0x00007ff61e330000 - 0x00007ff61e340000 	C:\Program Files\Java\jdk-17\bin\java.exe
0x00007ffec82b0000 - 0x00007ffec84a8000 	C:\Windows\SYSTEM32\ntdll.dll
0x00007ffec80f0000 - 0x00007ffec81b2000 	C:\Windows\System32\KERNEL32.DLL
0x00007ffec5fd0000 - 0x00007ffec62ce000 	C:\Windows\System32\KERNELBASE.dll
0x00007ffec5e00000 - 0x00007ffec5f00000 	C:\Windows\System32\ucrtbase.dll
0x00007ffeaee00000 - 0x00007ffeaee1b000 	C:\Program Files\Java\jdk-17\bin\VCRUNTIME140.dll
0x00007ffeaede0000 - 0x00007ffeaedf9000 	C:\Program Files\Java\jdk-17\bin\jli.dll
0x00007ffec6ee0000 - 0x00007ffec6f91000 	C:\Windows\System32\ADVAPI32.dll
0x00007ffec7ed0000 - 0x00007ffec7f6e000 	C:\Windows\System32\msvcrt.dll
0x00007ffec7fa0000 - 0x00007ffec803f000 	C:\Windows\System32\sechost.dll
0x00007ffec6c00000 - 0x00007ffec6d23000 	C:\Windows\System32\RPCRT4.dll
0x00007ffec5c20000 - 0x00007ffec5c47000 	C:\Windows\System32\bcrypt.dll
0x00007ffec6d40000 - 0x00007ffec6edd000 	C:\Windows\System32\USER32.dll
0x00007ffeadf70000 - 0x00007ffeae20a000 	C:\Windows\WinSxS\amd64_microsoft.windows.common-controls_6595b64144ccf1df_6.0.19041.4355_none_60b8b9eb71f62e16\COMCTL32.dll
0x00007ffec5fa0000 - 0x00007ffec5fc2000 	C:\Windows\System32\win32u.dll
0x00007ffec6760000 - 0x00007ffec678b000 	C:\Windows\System32\GDI32.dll
0x00007ffec5950000 - 0x00007ffec5a67000 	C:\Windows\System32\gdi32full.dll
0x00007ffec5f00000 - 0x00007ffec5f9d000 	C:\Windows\System32\msvcp_win.dll
0x00007ffeb4cb0000 - 0x00007ffeb4cba000 	C:\Windows\SYSTEM32\VERSION.dll
0x00007ffec7f70000 - 0x00007ffec7f9f000 	C:\Windows\System32\IMM32.DLL
0x00007ffeaedd0000 - 0x00007ffeaeddc000 	C:\Program Files\Java\jdk-17\bin\vcruntime140_1.dll
0x00007ffe92930000 - 0x00007ffe929be000 	C:\Program Files\Java\jdk-17\bin\msvcp140.dll
0x00007ffe85b20000 - 0x00007ffe86700000 	C:\Program Files\Java\jdk-17\bin\server\jvm.dll
0x00007ffec6d30000 - 0x00007ffec6d38000 	C:\Windows\System32\PSAPI.DLL
0x00007ffeb4a10000 - 0x00007ffeb4a37000 	C:\Windows\SYSTEM32\WINMM.dll
0x00007ffeb0010000 - 0x00007ffeb0019000 	C:\Windows\SYSTEM32\WSOCK32.dll
0x00007ffec7470000 - 0x00007ffec74db000 	C:\Windows\System32\WS2_32.dll
0x00007ffec4130000 - 0x00007ffec4142000 	C:\Windows\SYSTEM32\kernel.appcore.dll
0x00007ffead790000 - 0x00007ffead79a000 	C:\Program Files\Java\jdk-17\bin\jimage.dll
0x00007ffeb4aa0000 - 0x00007ffeb4c84000 	C:\Windows\SYSTEM32\DBGHELP.DLL
0x00007ffeb4380000 - 0x00007ffeb43b4000 	C:\Windows\SYSTEM32\dbgcore.DLL
0x00007ffec5a70000 - 0x00007ffec5af2000 	C:\Windows\System32\bcryptPrimitives.dll
0x00007ffea4aa0000 - 0x00007ffea4ac5000 	C:\Program Files\Java\jdk-17\bin\java.dll
0x00007ffe92730000 - 0x00007ffe92807000 	C:\Program Files\Java\jdk-17\bin\jsvml.dll
0x00007ffec7550000 - 0x00007ffec7cbd000 	C:\Windows\System32\SHELL32.dll
0x00007ffec3920000 - 0x00007ffec40c4000 	C:\Windows\SYSTEM32\windows.storage.dll
0x00007ffec62d0000 - 0x00007ffec6623000 	C:\Windows\System32\combase.dll
0x00007ffec52a0000 - 0x00007ffec52ce000 	C:\Windows\SYSTEM32\Wldp.dll
0x00007ffec6830000 - 0x00007ffec68fd000 	C:\Windows\System32\OLEAUT32.dll
0x00007ffec81c0000 - 0x00007ffec826d000 	C:\Windows\System32\SHCORE.dll
0x00007ffec6fa0000 - 0x00007ffec6ff5000 	C:\Windows\System32\shlwapi.dll
0x00007ffec5880000 - 0x00007ffec58a4000 	C:\Windows\SYSTEM32\profapi.dll
0x00007ffea36a0000 - 0x00007ffea36b9000 	C:\Program Files\Java\jdk-17\bin\net.dll
0x00007ffebdbf0000 - 0x00007ffebdcfd000 	C:\Windows\SYSTEM32\WINHTTP.dll
0x00007ffec4fb0000 - 0x00007ffec501a000 	C:\Windows\system32\mswsock.dll
0x00007ffea3650000 - 0x00007ffea3666000 	C:\Program Files\Java\jdk-17\bin\nio.dll
0x00007ffea2fe0000 - 0x00007ffea2ff8000 	C:\Program Files\Java\jdk-17\bin\zip.dll
0x00007ffe98970000 - 0x00007ffe98994000 	C:\maven\lib\jansi-native\Windows\x86_64\jansi.dll
0x00007ffea4a90000 - 0x00007ffea4aa0000 	C:\Program Files\Java\jdk-17\bin\verify.dll

dbghelp: loaded successfully - version: 4.0.5 - missing functions: none
symbol engine: initialized successfully - sym options: 0x614 - pdb path: .;C:\Program Files\Java\jdk-17\bin;C:\Windows\SYSTEM32;C:\Windows\WinSxS\amd64_microsoft.windows.common-controls_6595b64144ccf1df_6.0.19041.4355_none_60b8b9eb71f62e16;C:\Program Files\Java\jdk-17\bin\server;C:\maven\lib\jansi-native\Windows\x86_64

VM Arguments:
jvm_args: -Dclassworlds.conf=C:\maven\bin\m2.conf -Dmaven.home=C:\maven -Dlibrary.jansi.path=C:\maven\lib\jansi-native -Dmaven.multiModuleProjectDirectory=D:\Projects\Nexora\nexora_server 
java_command: org.codehaus.plexus.classworlds.launcher.Launcher clean install
java_class_path (initial): C:\maven\boot\plexus-classworlds-2.8.0.jar
Launcher Type: SUN_STANDARD

[Global flags]
     intx CICompilerCount                          = 3                                         {product} {ergonomic}
     uint ConcGCThreads                            = 1                                         {product} {ergonomic}
     uint G1ConcRefinementThreads                  = 4                                         {product} {ergonomic}
   size_t G1HeapRegionSize                         = 1048576                                   {product} {ergonomic}
    uintx GCDrainStackTargetSize                   = 64                                        {product} {ergonomic}
   size_t InitialHeapSize                          = 134217728                                 {product} {ergonomic}
   size_t MarkStackSize                            = 4194304                                   {product} {ergonomic}
   size_t MaxHeapSize                              = 2118123520                                {product} {ergonomic}
   size_t MaxNewSize                               = 1270874112                                {product} {ergonomic}
   size_t MinHeapDeltaBytes                        = 1048576                                   {product} {ergonomic}
   size_t MinHeapSize                              = 8388608                                   {product} {ergonomic}
    uintx NonNMethodCodeHeapSize                   = 5832780                                {pd product} {ergonomic}
    uintx NonProfiledCodeHeapSize                  = 122912730                              {pd product} {ergonomic}
    uintx ProfiledCodeHeapSize                     = 122912730                              {pd product} {ergonomic}
    uintx ReservedCodeCacheSize                    = 251658240                              {pd product} {ergonomic}
     bool SegmentedCodeCache                       = true                                      {product} {ergonomic}
   size_t SoftMaxHeapSize                          = 2118123520                             {manageable} {ergonomic}
     bool UseCompressedClassPointers               = true                           {product lp64_product} {ergonomic}
     bool UseCompressedOops                        = true                           {product lp64_product} {ergonomic}
     bool UseG1GC                                  = true                                      {product} {ergonomic}
     bool UseLargePagesIndividualAllocation        = false                                  {pd product} {ergonomic}

Logging:
Log output configuration:
 #0: stdout all=warning uptime,level,tags
 #1: stderr all=off uptime,level,tags

Environment Variables:
JAVA_HOME=C:\Program Files\Java\jdk-17
PATH=C:\Users\Ubed\AppData\Local\Programs\Python\Python312\Scripts\;C:\Users\Ubed\AppData\Local\Programs\Python\Python312\;C:\Program Files\Java\jdk-17\bin;C:\Program Files\Common Files\Oracle\Java\javapath;C:\ProgramData\Oracle\Java\javapath;C:\Windows\system32;C:\Windows;C:\Windows\System32\Wbem;C:\Windows\System32\WindowsPowerShell\v1.0\;C:\Windows\System32\OpenSSH\;C:\MinGW\bin;C:\MinGW\bin;C:\Program Files\MySQL\MySQL Server 9.0\bin;C:\ProgramData\chocolatey\bin;C:\Program Files\nodejs;C:\Users\Ubed\AppData\Roaming\npm;C:\Program Files\Git\cmd;C:\Users\Ubed\AppData\Local\Programs\Microsoft VS Code\bin;C:\Program Files\MongoDB\Server\7.0\bin;C:\Program Files\php-8.2.24;C:\maven\bin;C:\Program Files\Docker\Docker\resources\bin;C:\Users\Ubed\AppData\Local\Programs\Python\Launcher\;C:\Users\Ubed\AppData\Local\Programs\Microsoft VS Code\bin;C:\Program Files\Java\jdk-17\bin;C:\Users\Ubed\AppData\Roaming\npm;C:\Program Files\JetBrains\IntelliJ IDEA Community Edition 2024.2.3\bin;;
USERNAME=Ubed
OS=Windows_NT
PROCESSOR_IDENTIFIER=Intel64 Family 6 Model 42 Stepping 7, GenuineIntel



---------------  S Y S T E M  ---------------

OS:
 Windows 10 , 64 bit Build 19041 (10.0.19041.5198)
OS uptime: 0 days 3:56 hours
Hyper-V role detected

CPU: total 4 (initial active 4) (2 cores per cpu, 2 threads per core) family 6 model 42 stepping 7 microcode 0x2f, cx8, cmov, fxsr, ht, mmx, sse, sse2, sse3, ssse3, sse4.1, sse4.2, popcnt, tsc, tscinvbit, avx, clmul, vzeroupper, clflush, hv

Memory: 4k page, system-wide physical 8073M (935M free)
TotalPageFile size 10121M (AvailPageFile size 117M)
current process WorkingSet (physical memory assigned to process): 106M, peak: 106M
current process commit charge ("private bytes"): 239M, peak: 240M

vm_info: Java HotSpot(TM) 64-Bit Server VM (17.0.11+7-LTS-207) for windows-amd64 JRE (17.0.11+7-LTS-207), built on Mar 11 2024 19:01:50 by "mach5one" with MS VC++ 17.6 (VS2022)

END.
